<?xml version="1.0" encoding="utf-8"?>
<TestRun id="25ff4c3c-dab6-42c6-af10-0afe6c2c2199" name="corre@BOOK-4J7LKOUHJ1 2025-05-23 21:40:23" runUser="BOOK-4J7LKOUHJ1\corre" xmlns="http://microsoft.com/schemas/VisualStudio/TeamTest/2010">
  <Times creation="2025-05-23T21:40:23.8169226-03:00" queuing="2025-05-23T21:40:23.8169234-03:00" start="2025-05-23T21:40:22.7731713-03:00" finish="2025-05-23T21:40:48.5916455-03:00" />
  <TestSettings name="default" id="23c72450-1b1a-4b2c-a032-4cd9d5e45c8b">
    <Deployment runDeploymentRoot="corre_BOOK-4J7LKOUHJ1_2025-05-23_21_40_23" />
  </TestSettings>
  <Results>
    <UnitTestResult executionId="889aa685-118b-4287-9d86-b7ab77877f90" testId="a0b4cd88-f38a-c560-2842-d7be566f027d" testName="SalesApi.Tests.Infrastructure.Mappings.MappingProfileTests.Map_SaleItemViewModel_To_SaleItem_WithDiscount" computerName="BOOK-4J7LKOUHJ1" duration="00:00:00.0035249" startTime="2025-05-23T21:40:25.3943145-03:00" endTime="2025-05-23T21:40:25.3943148-03:00" testType="13cdc9d9-ddb5-4fa4-a97d-d965ccfc6d4b" outcome="Passed" testListId="8c84fa94-04c1-424b-9868-57a2d4851a1d" relativeResultsDirectory="889aa685-118b-4287-9d86-b7ab77877f90">
      <Output>
        <StdOut>Quantity: 5&#xD;
UnitPrice: 100,00&#xD;
Discount: 50,00&#xD;
Total: 450,00</StdOut>
      </Output>
    </UnitTestResult>
    <UnitTestResult executionId="8ed9bedb-b12a-4275-9d98-96863419eb74" testId="81f796f3-b910-79ac-ce97-4d7dd66e3762" testName="SalesApi.Tests.Domain.Entities.SaleTests.Sale_WithInvalidSaleNumber_ShouldThrowDomainException(invalidSaleNumber: null)" computerName="BOOK-4J7LKOUHJ1" duration="00:00:00.0002175" startTime="2025-05-23T21:40:25.2064052-03:00" endTime="2025-05-23T21:40:25.2064053-03:00" testType="13cdc9d9-ddb5-4fa4-a97d-d965ccfc6d4b" outcome="Passed" testListId="8c84fa94-04c1-424b-9868-57a2d4851a1d" relativeResultsDirectory="8ed9bedb-b12a-4275-9d98-96863419eb74" />
    <UnitTestResult executionId="72beeae7-9684-4fb4-b1a5-516a12bf6190" testId="539a7cd9-2e0c-5c20-48af-bf0b7d17c44a" testName="SalesApi.Tests.Infrastructure.Repositories.SaleRepositoryTests.GetByBranchIdAsync_ShouldReturnSalesForBranch" computerName="BOOK-4J7LKOUHJ1" duration="00:00:00.0476320" startTime="2025-05-23T21:40:48.4422884-03:00" endTime="2025-05-23T21:40:48.4422897-03:00" testType="13cdc9d9-ddb5-4fa4-a97d-d965ccfc6d4b" outcome="Passed" testListId="8c84fa94-04c1-424b-9868-57a2d4851a1d" relativeResultsDirectory="72beeae7-9684-4fb4-b1a5-516a12bf6190" />
    <UnitTestResult executionId="69f9ff8f-6b6c-4261-955e-8fda9853077d" testId="e85d7bbf-95eb-26e2-2e4d-b051648a205b" testName="SalesApi.Tests.Application.Products.Queries.GetAllProducts.GetAllProductsQueryHandlerTests.Handle_EmptyList_ShouldReturnEmpty" computerName="BOOK-4J7LKOUHJ1" duration="00:00:00.0043871" startTime="2025-05-23T21:40:48.2612374-03:00" endTime="2025-05-23T21:40:48.2612377-03:00" testType="13cdc9d9-ddb5-4fa4-a97d-d965ccfc6d4b" outcome="Passed" testListId="8c84fa94-04c1-424b-9868-57a2d4851a1d" relativeResultsDirectory="69f9ff8f-6b6c-4261-955e-8fda9853077d" />
    <UnitTestResult executionId="2667fc9b-c22f-48cb-bdd3-5aa3a01297f7" testId="077db20d-9541-47ae-fc45-fe13dc831f85" testName="SalesApi.Tests.Domain.Entities.SaleTests.Sale_AddItem_WithExistingProduct_WhenExceedingMaxQuantity_ShouldThrowException" computerName="BOOK-4J7LKOUHJ1" duration="00:00:00.0016348" startTime="2025-05-23T21:40:25.2001112-03:00" endTime="2025-05-23T21:40:25.2001116-03:00" testType="13cdc9d9-ddb5-4fa4-a97d-d965ccfc6d4b" outcome="Passed" testListId="8c84fa94-04c1-424b-9868-57a2d4851a1d" relativeResultsDirectory="2667fc9b-c22f-48cb-bdd3-5aa3a01297f7" />
    <UnitTestResult executionId="b92ec559-2c5d-4337-ac06-e20bfdc60379" testId="fdcb0ef0-f66f-7e01-21e3-7e619655d7a2" testName="SalesApi.Tests.Domain.Entities.ProductTests.Product_WithInvalidCategory_ShouldThrowArgumentException(invalidCategory: &quot;   &quot;)" computerName="BOOK-4J7LKOUHJ1" duration="00:00:00.0003589" startTime="2025-05-23T21:40:23.7728955-03:00" endTime="2025-05-23T21:40:23.7728955-03:00" testType="13cdc9d9-ddb5-4fa4-a97d-d965ccfc6d4b" outcome="Passed" testListId="8c84fa94-04c1-424b-9868-57a2d4851a1d" relativeResultsDirectory="b92ec559-2c5d-4337-ac06-e20bfdc60379" />
    <UnitTestResult executionId="abe5cb14-5723-4ddf-a967-66b97b381e93" testId="f5dc0a55-d6c7-970c-78ac-703c7436ff82" testName="SalesApi.Tests.Infrastructure.Repositories.ProductRepositoryTests.GetByIdAsync_WhenProductExists_ShouldReturnProduct" computerName="BOOK-4J7LKOUHJ1" duration="00:00:00.1279056" startTime="2025-05-23T21:40:25.3467523-03:00" endTime="2025-05-23T21:40:25.3467528-03:00" testType="13cdc9d9-ddb5-4fa4-a97d-d965ccfc6d4b" outcome="Passed" testListId="8c84fa94-04c1-424b-9868-57a2d4851a1d" relativeResultsDirectory="abe5cb14-5723-4ddf-a967-66b97b381e93" />
    <UnitTestResult executionId="2452949a-c14c-4a2f-aa48-5824d2e49141" testId="f06a8557-7cd6-7b19-d916-971d8d32845f" testName="SalesApi.Tests.SalesApiIntegrationTests.Should_Create_Sale_With_NoDiscount" computerName="BOOK-4J7LKOUHJ1" duration="00:00:03.3613548" startTime="2025-05-23T21:40:32.6385759-03:00" endTime="2025-05-23T21:40:32.6385763-03:00" testType="13cdc9d9-ddb5-4fa4-a97d-d965ccfc6d4b" outcome="Passed" testListId="8c84fa94-04c1-424b-9868-57a2d4851a1d" relativeResultsDirectory="2452949a-c14c-4a2f-aa48-5824d2e49141" />
    <UnitTestResult executionId="df3f40dd-5c24-4673-9546-724e5c84a519" testId="30b969b8-370a-f0d5-ee99-c2eb44faffe3" testName="SalesApi.Tests.SalesApiIntegrationTests.Should_Not_Allow_More_Than_20_Items" computerName="BOOK-4J7LKOUHJ1" duration="00:00:03.0527595" startTime="2025-05-23T21:40:44.9554829-03:00" endTime="2025-05-23T21:40:44.9554831-03:00" testType="13cdc9d9-ddb5-4fa4-a97d-d965ccfc6d4b" outcome="Passed" testListId="8c84fa94-04c1-424b-9868-57a2d4851a1d" relativeResultsDirectory="df3f40dd-5c24-4673-9546-724e5c84a519" />
    <UnitTestResult executionId="666b2ce4-588a-44fe-8966-b78e546e8acd" testId="cec41b6c-b17c-8893-178d-a0c727085708" testName="SalesApi.Tests.Domain.Entities.ProductTests.Product_WithInvalidDescription_ShouldThrowArgumentException(invalidDescription: &quot;   &quot;)" computerName="BOOK-4J7LKOUHJ1" duration="00:00:00.0004213" startTime="2025-05-23T21:40:23.7263681-03:00" endTime="2025-05-23T21:40:23.7263682-03:00" testType="13cdc9d9-ddb5-4fa4-a97d-d965ccfc6d4b" outcome="Passed" testListId="8c84fa94-04c1-424b-9868-57a2d4851a1d" relativeResultsDirectory="666b2ce4-588a-44fe-8966-b78e546e8acd" />
    <UnitTestResult executionId="e352cf59-284e-4422-a5d4-1a19b182b1cb" testId="43b314a0-d925-6282-95af-e2343baa90a2" testName="SalesApi.Tests.Domain.Entities.SaleItemTests.SaleItem_SetSale_ShouldSetSaleSuccessfully" computerName="BOOK-4J7LKOUHJ1" duration="00:00:00.0017660" startTime="2025-05-23T21:40:48.1779991-03:00" endTime="2025-05-23T21:40:48.1780005-03:00" testType="13cdc9d9-ddb5-4fa4-a97d-d965ccfc6d4b" outcome="Passed" testListId="8c84fa94-04c1-424b-9868-57a2d4851a1d" relativeResultsDirectory="e352cf59-284e-4422-a5d4-1a19b182b1cb" />
    <UnitTestResult executionId="db6de1be-6a6d-40d2-9eea-339393976e27" testId="1b468c9e-a019-dac2-96e8-cc42c7a665f5" testName="SalesApi.Tests.Domain.Entities.SaleItemTests.SaleItem_UpdateQuantity_ShouldUpdateSuccessfully" computerName="BOOK-4J7LKOUHJ1" duration="00:00:00.0002984" startTime="2025-05-23T21:40:48.1690404-03:00" endTime="2025-05-23T21:40:48.1690406-03:00" testType="13cdc9d9-ddb5-4fa4-a97d-d965ccfc6d4b" outcome="Passed" testListId="8c84fa94-04c1-424b-9868-57a2d4851a1d" relativeResultsDirectory="db6de1be-6a6d-40d2-9eea-339393976e27" />
    <UnitTestResult executionId="8cdad7e9-9d67-4c59-b1ec-4c9b9ae05024" testId="5b0f88ba-10fe-c1d1-54a3-4979477326cc" testName="SalesApi.Tests.Application.Products.Queries.GetAllProducts.GetAllProductsQueryHandlerTests.Handle_ShouldReturnMappedProducts" computerName="BOOK-4J7LKOUHJ1" duration="00:00:00.0100137" startTime="2025-05-23T21:40:48.2567103-03:00" endTime="2025-05-23T21:40:48.2567106-03:00" testType="13cdc9d9-ddb5-4fa4-a97d-d965ccfc6d4b" outcome="Passed" testListId="8c84fa94-04c1-424b-9868-57a2d4851a1d" relativeResultsDirectory="8cdad7e9-9d67-4c59-b1ec-4c9b9ae05024" />
    <UnitTestResult executionId="0f1b5966-7685-4cef-9946-551923d11b12" testId="dc56ec15-86b1-1595-2b19-2545b7abec23" testName="SalesApi.Tests.Infrastructure.Repositories.SaleRepositoryTests.GetByIdAsync_WhenSaleExists_ShouldReturnSale" computerName="BOOK-4J7LKOUHJ1" duration="00:00:00.0359214" startTime="2025-05-23T21:40:48.4787655-03:00" endTime="2025-05-23T21:40:48.4787659-03:00" testType="13cdc9d9-ddb5-4fa4-a97d-d965ccfc6d4b" outcome="Passed" testListId="8c84fa94-04c1-424b-9868-57a2d4851a1d" relativeResultsDirectory="0f1b5966-7685-4cef-9946-551923d11b12" />
    <UnitTestResult executionId="4be0f144-ed9d-4dc2-b87e-5d86ab8ac3e0" testId="635556ff-b51a-befa-43ea-5bb74d6d4a29" testName="SalesApi.Tests.Application.Sales.Commands.CreateSale.CreateSaleCommandHandlerTests.Handle_SaveChangesFails_ShouldThrowException" computerName="BOOK-4J7LKOUHJ1" duration="00:00:00.0074630" startTime="2025-05-23T21:40:25.1981941-03:00" endTime="2025-05-23T21:40:25.1981945-03:00" testType="13cdc9d9-ddb5-4fa4-a97d-d965ccfc6d4b" outcome="Passed" testListId="8c84fa94-04c1-424b-9868-57a2d4851a1d" relativeResultsDirectory="4be0f144-ed9d-4dc2-b87e-5d86ab8ac3e0" />
    <UnitTestResult executionId="33bb549e-41a2-4736-8299-7cae892a06e8" testId="1e28cea5-089d-3eae-7029-f4212df87e88" testName="SalesApi.Tests.Application.Products.Commands.CreateProduct.CreateProductCommandHandlerTests.Handle_EmptyCategory_ShouldThrowArgumentException(category: &quot;&quot;)" computerName="BOOK-4J7LKOUHJ1" duration="00:00:00.0054182" startTime="2025-05-23T21:40:48.1989953-03:00" endTime="2025-05-23T21:40:48.1989958-03:00" testType="13cdc9d9-ddb5-4fa4-a97d-d965ccfc6d4b" outcome="Passed" testListId="8c84fa94-04c1-424b-9868-57a2d4851a1d" relativeResultsDirectory="33bb549e-41a2-4736-8299-7cae892a06e8" />
    <UnitTestResult executionId="29feecee-9654-4ce4-ad88-f89deeb7dfc0" testId="8b8901b9-88b3-8eef-8d72-1ec4b444f67b" testName="SalesApi.Tests.Infrastructure.Repositories.UnitOfWorkTests.SaveChangesAsync_ShouldSaveChangesToDatabase" computerName="BOOK-4J7LKOUHJ1" duration="00:00:00.1204249" startTime="2025-05-23T21:40:24.9551466-03:00" endTime="2025-05-23T21:40:24.9551468-03:00" testType="13cdc9d9-ddb5-4fa4-a97d-d965ccfc6d4b" outcome="Passed" testListId="8c84fa94-04c1-424b-9868-57a2d4851a1d" relativeResultsDirectory="29feecee-9654-4ce4-ad88-f89deeb7dfc0" />
    <UnitTestResult executionId="3bbf2cc5-d0a5-4ccc-9d60-9f90bc81099d" testId="1d8162c6-cf61-3eae-922e-b2c953c41cd7" testName="SalesApi.Tests.Infrastructure.Mappings.MappingProfileTests.Map_CreateSaleCommand_To_Sale_WithItemsAndDiscount" computerName="BOOK-4J7LKOUHJ1" duration="00:00:00.0068801" startTime="2025-05-23T21:40:25.3849612-03:00" endTime="2025-05-23T21:40:25.3849616-03:00" testType="13cdc9d9-ddb5-4fa4-a97d-d965ccfc6d4b" outcome="Passed" testListId="8c84fa94-04c1-424b-9868-57a2d4851a1d" relativeResultsDirectory="3bbf2cc5-d0a5-4ccc-9d60-9f90bc81099d">
      <Output>
        <StdOut>Item - Quantity: 5&#xD;
Item - UnitPrice: 100,00&#xD;
Item - Discount: 50,00&#xD;
Item - Total: 450,00&#xD;
Item - Quantity: 10&#xD;
Item - UnitPrice: 50,00&#xD;
Item - Discount: 100,00&#xD;
Item - Total: 400,00</StdOut>
      </Output>
    </UnitTestResult>
    <UnitTestResult executionId="788ba932-88be-4d7f-bcfb-ac47d7574945" testId="17e9e6dc-d59f-aa1f-96e0-894605c403f9" testName="SalesApi.Tests.Domain.Entities.ProductTests.Product_WithInvalidDescription_ShouldThrowArgumentException(invalidDescription: null)" computerName="BOOK-4J7LKOUHJ1" duration="00:00:00.0007613" startTime="2025-05-23T21:40:23.7262971-03:00" endTime="2025-05-23T21:40:23.7262972-03:00" testType="13cdc9d9-ddb5-4fa4-a97d-d965ccfc6d4b" outcome="Passed" testListId="8c84fa94-04c1-424b-9868-57a2d4851a1d" relativeResultsDirectory="788ba932-88be-4d7f-bcfb-ac47d7574945" />
    <UnitTestResult executionId="97a4fdda-6f98-4057-956d-bc98f0a6815c" testId="b5fc2a40-7c4c-43b7-dee7-01e588b09a3d" testName="SalesApi.Tests.Application.Products.Commands.CreateProduct.CreateProductCommandHandlerTests.Handle_EmptyCategory_ShouldThrowArgumentException(category: null)" computerName="BOOK-4J7LKOUHJ1" duration="00:00:00.0144023" startTime="2025-05-23T21:40:48.1933931-03:00" endTime="2025-05-23T21:40:48.1933934-03:00" testType="13cdc9d9-ddb5-4fa4-a97d-d965ccfc6d4b" outcome="Passed" testListId="8c84fa94-04c1-424b-9868-57a2d4851a1d" relativeResultsDirectory="97a4fdda-6f98-4057-956d-bc98f0a6815c" />
    <UnitTestResult executionId="a4af4257-e791-4467-96d5-4f54283bbade" testId="1c0c9c5f-5890-94f6-cb2a-641fbd244af0" testName="SalesApi.Tests.Domain.Entities.ProductTests.Product_WithInvalidTitle_ShouldThrowArgumentException(invalidTitle: &quot;&quot;)" computerName="BOOK-4J7LKOUHJ1" duration="00:00:00.0002445" startTime="2025-05-23T21:40:23.7261152-03:00" endTime="2025-05-23T21:40:23.7261153-03:00" testType="13cdc9d9-ddb5-4fa4-a97d-d965ccfc6d4b" outcome="Passed" testListId="8c84fa94-04c1-424b-9868-57a2d4851a1d" relativeResultsDirectory="a4af4257-e791-4467-96d5-4f54283bbade" />
    <UnitTestResult executionId="573277e4-2312-4276-b6cf-c47d68a44505" testId="6830bcdb-5523-e7b2-7b8d-5831742e7d5f" testName="SalesApi.Tests.Domain.Entities.ProductTests.Product_WithInvalidCategory_ShouldThrowArgumentException(invalidCategory: &quot;&quot;)" computerName="BOOK-4J7LKOUHJ1" duration="00:00:00.0006279" startTime="2025-05-23T21:40:23.7728290-03:00" endTime="2025-05-23T21:40:23.7728291-03:00" testType="13cdc9d9-ddb5-4fa4-a97d-d965ccfc6d4b" outcome="Passed" testListId="8c84fa94-04c1-424b-9868-57a2d4851a1d" relativeResultsDirectory="573277e4-2312-4276-b6cf-c47d68a44505" />
    <UnitTestResult executionId="3a1f49b6-5d72-45c7-a48f-f4d4853529b7" testId="2ed74bc9-938d-8c0e-9dca-3bfd4fe7e17f" testName="SalesApi.Tests.WebApi.Controllers.ProductsControllerTests.CreateProduct_ValidRequest_ReturnsOkResult" computerName="BOOK-4J7LKOUHJ1" duration="00:00:00.3000824" startTime="2025-05-23T21:40:24.0358409-03:00" endTime="2025-05-23T21:40:24.0358412-03:00" testType="13cdc9d9-ddb5-4fa4-a97d-d965ccfc6d4b" outcome="Passed" testListId="8c84fa94-04c1-424b-9868-57a2d4851a1d" relativeResultsDirectory="3a1f49b6-5d72-45c7-a48f-f4d4853529b7" />
    <UnitTestResult executionId="42a0a041-5bc0-4c03-ae55-b285e125056b" testId="4e14a4a4-8cff-1212-4ff0-83d8ec49f5d8" testName="SalesApi.Tests.Domain.Entities.SaleItemTests.SaleItem_WithQuantityAboveMax_ShouldThrowArgumentException" computerName="BOOK-4J7LKOUHJ1" duration="00:00:00.0016318" startTime="2025-05-23T21:40:48.1761883-03:00" endTime="2025-05-23T21:40:48.1761887-03:00" testType="13cdc9d9-ddb5-4fa4-a97d-d965ccfc6d4b" outcome="Passed" testListId="8c84fa94-04c1-424b-9868-57a2d4851a1d" relativeResultsDirectory="42a0a041-5bc0-4c03-ae55-b285e125056b" />
    <UnitTestResult executionId="7da842bf-d1d8-43dd-9bba-b1acff2da15f" testId="050885c9-dac9-7348-5a46-a7e3c3eac6da" testName="SalesApi.Tests.WebApi.Controllers.ProductsControllerTests.GetAllProducts_ReturnsOkResult" computerName="BOOK-4J7LKOUHJ1" duration="00:00:00.0142226" startTime="2025-05-23T21:40:24.0501643-03:00" endTime="2025-05-23T21:40:24.0501648-03:00" testType="13cdc9d9-ddb5-4fa4-a97d-d965ccfc6d4b" outcome="Passed" testListId="8c84fa94-04c1-424b-9868-57a2d4851a1d" relativeResultsDirectory="7da842bf-d1d8-43dd-9bba-b1acff2da15f" />
    <UnitTestResult executionId="4934acf8-0ce2-4849-8f35-943480837620" testId="7af21914-4519-5a54-e1ce-d992023c80a1" testName="SalesApi.Tests.Domain.Entities.SaleTests.Sale_Cancel_ShouldCancelSuccessfully" computerName="BOOK-4J7LKOUHJ1" duration="00:00:00.0002843" startTime="2025-05-23T21:40:25.2065148-03:00" endTime="2025-05-23T21:40:25.2065149-03:00" testType="13cdc9d9-ddb5-4fa4-a97d-d965ccfc6d4b" outcome="Passed" testListId="8c84fa94-04c1-424b-9868-57a2d4851a1d" relativeResultsDirectory="4934acf8-0ce2-4849-8f35-943480837620" />
    <UnitTestResult executionId="d9c3c9d3-e98a-4119-bab0-f4ac429a805b" testId="aed291df-f0c6-d17b-6b71-2ad43b377c37" testName="SalesApi.Tests.Application.Products.Commands.CreateProduct.CreateProductCommandHandlerTests.Handle_EmptyTitle_ShouldThrowArgumentException(title: &quot;&quot;)" computerName="BOOK-4J7LKOUHJ1" duration="00:00:00.0032929" startTime="2025-05-23T21:40:48.2384663-03:00" endTime="2025-05-23T21:40:48.2384666-03:00" testType="13cdc9d9-ddb5-4fa4-a97d-d965ccfc6d4b" outcome="Passed" testListId="8c84fa94-04c1-424b-9868-57a2d4851a1d" relativeResultsDirectory="d9c3c9d3-e98a-4119-bab0-f4ac429a805b" />
    <UnitTestResult executionId="c19b8cf1-aad2-40af-9eb5-74d8d87bfe04" testId="0b56492f-95a1-dd4b-4bf3-ced8550c915a" testName="SalesApi.Tests.Domain.Entities.SaleItemTests.SaleItem_WithInvalidQuantity_ShouldThrowArgumentException(invalidQuantity: -1)" computerName="BOOK-4J7LKOUHJ1" duration="00:00:00.0028142" startTime="2025-05-23T21:40:48.1723409-03:00" endTime="2025-05-23T21:40:48.1723413-03:00" testType="13cdc9d9-ddb5-4fa4-a97d-d965ccfc6d4b" outcome="Passed" testListId="8c84fa94-04c1-424b-9868-57a2d4851a1d" relativeResultsDirectory="c19b8cf1-aad2-40af-9eb5-74d8d87bfe04" />
    <UnitTestResult executionId="94b744df-8391-439f-9196-b1e18a362ec8" testId="a21b9ae1-e17d-b9f5-09e0-6d166bd2afa4" testName="SalesApi.Tests.Domain.Entities.SaleTests.Sale_RemoveItem_ShouldRemoveItemSuccessfully" computerName="BOOK-4J7LKOUHJ1" duration="00:00:00.0003116" startTime="2025-05-23T21:40:25.2102282-03:00" endTime="2025-05-23T21:40:25.2102284-03:00" testType="13cdc9d9-ddb5-4fa4-a97d-d965ccfc6d4b" outcome="Passed" testListId="8c84fa94-04c1-424b-9868-57a2d4851a1d" relativeResultsDirectory="94b744df-8391-439f-9196-b1e18a362ec8" />
    <UnitTestResult executionId="af638abf-dd46-4d51-831e-c5a56b558adf" testId="03b6a7c2-3d88-d402-37d0-0882c60116b7" testName="SalesApi.Tests.Application.Products.Commands.CreateProduct.CreateProductCommandHandlerTests.Handle_EmptyDescription_ShouldThrowArgumentException(description: &quot;&quot;)" computerName="BOOK-4J7LKOUHJ1" duration="00:00:00.0038378" startTime="2025-05-23T21:40:48.2461816-03:00" endTime="2025-05-23T21:40:48.2461820-03:00" testType="13cdc9d9-ddb5-4fa4-a97d-d965ccfc6d4b" outcome="Passed" testListId="8c84fa94-04c1-424b-9868-57a2d4851a1d" relativeResultsDirectory="af638abf-dd46-4d51-831e-c5a56b558adf" />
    <UnitTestResult executionId="ad4ad7de-03eb-4928-9530-184cfcf4155d" testId="7343f21c-a084-52ec-15a9-7428b7a484e6" testName="SalesApi.Tests.SalesApiIntegrationTests.Should_Cancel_Sale" computerName="BOOK-4J7LKOUHJ1" duration="00:00:03.2089850" startTime="2025-05-23T21:40:48.1650159-03:00" endTime="2025-05-23T21:40:48.1650164-03:00" testType="13cdc9d9-ddb5-4fa4-a97d-d965ccfc6d4b" outcome="Passed" testListId="8c84fa94-04c1-424b-9868-57a2d4851a1d" relativeResultsDirectory="ad4ad7de-03eb-4928-9530-184cfcf4155d" />
    <UnitTestResult executionId="8f564a00-9421-4f0e-8ec3-451d77a17c9b" testId="2c791600-54b7-7ae0-af7e-9f443708ddbe" testName="SalesApi.Tests.Domain.Entities.ProductTests.Product_WithInvalidImage_ShouldThrowArgumentException(invalidImage: &quot;&quot;)" computerName="BOOK-4J7LKOUHJ1" duration="00:00:00.0003412" startTime="2025-05-23T21:40:23.7266872-03:00" endTime="2025-05-23T21:40:23.7266873-03:00" testType="13cdc9d9-ddb5-4fa4-a97d-d965ccfc6d4b" outcome="Passed" testListId="8c84fa94-04c1-424b-9868-57a2d4851a1d" relativeResultsDirectory="8f564a00-9421-4f0e-8ec3-451d77a17c9b" />
    <UnitTestResult executionId="716574de-61d0-4050-b871-b1a95a44a594" testId="623d5d26-5422-832a-2820-adb4395d2f94" testName="SalesApi.Tests.SalesApiIntegrationTests.Should_Create_Sale_With_10PercentDiscount" computerName="BOOK-4J7LKOUHJ1" duration="00:00:03.0881242" startTime="2025-05-23T21:40:35.7279133-03:00" endTime="2025-05-23T21:40:35.7279138-03:00" testType="13cdc9d9-ddb5-4fa4-a97d-d965ccfc6d4b" outcome="Passed" testListId="8c84fa94-04c1-424b-9868-57a2d4851a1d" relativeResultsDirectory="716574de-61d0-4050-b871-b1a95a44a594" />
    <UnitTestResult executionId="9e3c14f8-8444-4b7c-a371-fefa48db2d66" testId="344519db-8b68-7ea4-a6c9-a9276dd6ade7" testName="SalesApi.Tests.WebApi.Controllers.SalesControllerTests.CreateSale_ValidRequest_ReturnsOkResult" computerName="BOOK-4J7LKOUHJ1" duration="00:00:00.0021557" startTime="2025-05-23T21:40:25.2176457-03:00" endTime="2025-05-23T21:40:25.2176459-03:00" testType="13cdc9d9-ddb5-4fa4-a97d-d965ccfc6d4b" outcome="Passed" testListId="8c84fa94-04c1-424b-9868-57a2d4851a1d" relativeResultsDirectory="9e3c14f8-8444-4b7c-a371-fefa48db2d66" />
    <UnitTestResult executionId="984f4728-680f-4e92-9379-ff46423b39dd" testId="93a9b03d-121f-2bfe-6018-583ffcb4c054" testName="SalesApi.Tests.Domain.Entities.ProductTests.Product_WithInvalidImage_ShouldThrowArgumentException(invalidImage: null)" computerName="BOOK-4J7LKOUHJ1" duration="00:00:00.0005687" startTime="2025-05-23T21:40:23.7265357-03:00" endTime="2025-05-23T21:40:23.7265357-03:00" testType="13cdc9d9-ddb5-4fa4-a97d-d965ccfc6d4b" outcome="Passed" testListId="8c84fa94-04c1-424b-9868-57a2d4851a1d" relativeResultsDirectory="984f4728-680f-4e92-9379-ff46423b39dd" />
    <UnitTestResult executionId="15ce9f1b-7301-4129-9fcd-19fe42d94621" testId="e4f7c61e-a7b6-294b-ac49-81629b19b547" testName="SalesApi.Tests.Application.Products.Commands.CreateProduct.CreateProductCommandHandlerTests.Handle_EmptyImage_ShouldThrowArgumentException(image: null)" computerName="BOOK-4J7LKOUHJ1" duration="00:00:00.0037422" startTime="2025-05-23T21:40:48.2075348-03:00" endTime="2025-05-23T21:40:48.2075350-03:00" testType="13cdc9d9-ddb5-4fa4-a97d-d965ccfc6d4b" outcome="Passed" testListId="8c84fa94-04c1-424b-9868-57a2d4851a1d" relativeResultsDirectory="15ce9f1b-7301-4129-9fcd-19fe42d94621" />
    <UnitTestResult executionId="3c5a44fd-b60b-452c-a799-1c99478ada0f" testId="112a6cec-d0f7-a314-ceac-aafe5fe4bae8" testName="SalesApi.Tests.Infrastructure.Repositories.ProductRepositoryTests.GetAllAsync_ShouldReturnAllProducts" computerName="BOOK-4J7LKOUHJ1" duration="00:00:00.0146731" startTime="2025-05-23T21:40:25.3683240-03:00" endTime="2025-05-23T21:40:25.3683246-03:00" testType="13cdc9d9-ddb5-4fa4-a97d-d965ccfc6d4b" outcome="Passed" testListId="8c84fa94-04c1-424b-9868-57a2d4851a1d" relativeResultsDirectory="3c5a44fd-b60b-452c-a799-1c99478ada0f" />
    <UnitTestResult executionId="82de24ad-54a5-485a-a4ec-29229ba582a6" testId="dd127a08-603c-f7e4-95d7-75c977e28e17" testName="SalesApi.Tests.Domain.Entities.ProductTests.Product_WithInvalidDescription_ShouldThrowArgumentException(invalidDescription: &quot;&quot;)" computerName="BOOK-4J7LKOUHJ1" duration="00:00:00.0002120" startTime="2025-05-23T21:40:23.7264563-03:00" endTime="2025-05-23T21:40:23.7264563-03:00" testType="13cdc9d9-ddb5-4fa4-a97d-d965ccfc6d4b" outcome="Passed" testListId="8c84fa94-04c1-424b-9868-57a2d4851a1d" relativeResultsDirectory="82de24ad-54a5-485a-a4ec-29229ba582a6" />
    <UnitTestResult executionId="b7519b49-e576-411b-ad51-93d7f4211f77" testId="fc9d1d96-6597-a93e-f444-c17465638448" testName="SalesApi.Tests.Infrastructure.Repositories.UnitOfWorkTests.Sales_ShouldReturnSaleRepository" computerName="BOOK-4J7LKOUHJ1" duration="00:00:00.7834213" startTime="2025-05-23T21:40:24.8344684-03:00" endTime="2025-05-23T21:40:24.8344690-03:00" testType="13cdc9d9-ddb5-4fa4-a97d-d965ccfc6d4b" outcome="Passed" testListId="8c84fa94-04c1-424b-9868-57a2d4851a1d" relativeResultsDirectory="b7519b49-e576-411b-ad51-93d7f4211f77" />
    <UnitTestResult executionId="cccdc8de-3654-477c-8cb7-7561bca04795" testId="91f2249b-ca5b-e54a-e671-e9d2e35328df" testName="SalesApi.Tests.Domain.Entities.SaleTests.Sale_AddItem_WhenCancelled_ShouldThrowException" computerName="BOOK-4J7LKOUHJ1" duration="00:00:00.0007339" startTime="2025-05-23T21:40:25.2009126-03:00" endTime="2025-05-23T21:40:25.2009128-03:00" testType="13cdc9d9-ddb5-4fa4-a97d-d965ccfc6d4b" outcome="Passed" testListId="8c84fa94-04c1-424b-9868-57a2d4851a1d" relativeResultsDirectory="cccdc8de-3654-477c-8cb7-7561bca04795" />
    <UnitTestResult executionId="7b0688cb-3338-4048-833d-ddbcbfc308a2" testId="edf8c7a7-f0ff-ed66-f5e5-e68ae9a2551b" testName="SalesApi.Tests.Infrastructure.Repositories.ProductRepositoryTests.GetByCategoryAsync_ShouldReturnProductsInCategory" computerName="BOOK-4J7LKOUHJ1" duration="00:00:00.0086658" startTime="2025-05-23T21:40:25.3771239-03:00" endTime="2025-05-23T21:40:25.3771243-03:00" testType="13cdc9d9-ddb5-4fa4-a97d-d965ccfc6d4b" outcome="Passed" testListId="8c84fa94-04c1-424b-9868-57a2d4851a1d" relativeResultsDirectory="7b0688cb-3338-4048-833d-ddbcbfc308a2" />
    <UnitTestResult executionId="25f9d9cf-f107-4895-a927-caa45ff3ed52" testId="063cf01e-1d86-996c-40f2-3c070d2ffd1f" testName="SalesApi.Tests.Domain.Entities.SaleTests.Sale_Cancel_WhenNoItems_ShouldThrowDomainException" computerName="BOOK-4J7LKOUHJ1" duration="00:00:00.0006021" startTime="2025-05-23T21:40:25.2109918-03:00" endTime="2025-05-23T21:40:25.2109920-03:00" testType="13cdc9d9-ddb5-4fa4-a97d-d965ccfc6d4b" outcome="Passed" testListId="8c84fa94-04c1-424b-9868-57a2d4851a1d" relativeResultsDirectory="25f9d9cf-f107-4895-a927-caa45ff3ed52" />
    <UnitTestResult executionId="6c5eeffa-30a5-4af1-ada2-23ac6a8e4a99" testId="3bf002ef-6e17-ddf2-64b8-30464c5e2697" testName="SalesApi.Tests.Infrastructure.Repositories.SaleRepositoryTests.GetAllAsync_ShouldReturnAllSales" computerName="BOOK-4J7LKOUHJ1" duration="00:00:00.0242290" startTime="2025-05-23T21:40:48.3943980-03:00" endTime="2025-05-23T21:40:48.3943984-03:00" testType="13cdc9d9-ddb5-4fa4-a97d-d965ccfc6d4b" outcome="Passed" testListId="8c84fa94-04c1-424b-9868-57a2d4851a1d" relativeResultsDirectory="6c5eeffa-30a5-4af1-ada2-23ac6a8e4a99" />
    <UnitTestResult executionId="5500ab02-bc70-4501-aa9d-a4b7729ab973" testId="f43b6b0a-c2e9-efe2-ece0-f6c84b44a295" testName="SalesApi.Tests.Domain.Entities.SaleTests.Sale_AddItem_ShouldAddItemSuccessfully" computerName="BOOK-4J7LKOUHJ1" duration="00:00:00.0008534" startTime="2025-05-23T21:40:25.2098273-03:00" endTime="2025-05-23T21:40:25.2098276-03:00" testType="13cdc9d9-ddb5-4fa4-a97d-d965ccfc6d4b" outcome="Passed" testListId="8c84fa94-04c1-424b-9868-57a2d4851a1d" relativeResultsDirectory="5500ab02-bc70-4501-aa9d-a4b7729ab973" />
    <UnitTestResult executionId="c723864a-227f-4c41-83af-521cf0b4b8db" testId="f81923f6-d7ae-1b49-5fc7-f857222b3603" testName="SalesApi.Tests.Infrastructure.Repositories.UnitOfWorkTests.Dispose_ShouldDisposeContext" computerName="BOOK-4J7LKOUHJ1" duration="00:00:00.0019198" startTime="2025-05-23T21:40:24.9571409-03:00" endTime="2025-05-23T21:40:24.9571414-03:00" testType="13cdc9d9-ddb5-4fa4-a97d-d965ccfc6d4b" outcome="Passed" testListId="8c84fa94-04c1-424b-9868-57a2d4851a1d" relativeResultsDirectory="c723864a-227f-4c41-83af-521cf0b4b8db" />
    <UnitTestResult executionId="91726b35-4275-4638-95f7-929f5d03ff9b" testId="26072b4b-1469-58ee-d7ca-7332934163b4" testName="SalesApi.Tests.Infrastructure.Repositories.UnitOfWorkTests.Products_ShouldReturnProductRepository" computerName="BOOK-4J7LKOUHJ1" duration="00:00:00.0089357" startTime="2025-05-23T21:40:24.9663569-03:00" endTime="2025-05-23T21:40:24.9663574-03:00" testType="13cdc9d9-ddb5-4fa4-a97d-d965ccfc6d4b" outcome="Passed" testListId="8c84fa94-04c1-424b-9868-57a2d4851a1d" relativeResultsDirectory="91726b35-4275-4638-95f7-929f5d03ff9b" />
    <UnitTestResult executionId="3466790a-6d28-4f68-bd43-7f4555954e23" testId="899c574e-8ee9-5de6-b292-7377cf2e78c7" testName="SalesApi.Tests.Domain.Entities.SaleTests.Sale_RemoveItem_WhenCancelled_ShouldThrowException" computerName="BOOK-4J7LKOUHJ1" duration="00:00:00.0006033" startTime="2025-05-23T21:40:25.2116068-03:00" endTime="2025-05-23T21:40:25.2116070-03:00" testType="13cdc9d9-ddb5-4fa4-a97d-d965ccfc6d4b" outcome="Passed" testListId="8c84fa94-04c1-424b-9868-57a2d4851a1d" relativeResultsDirectory="3466790a-6d28-4f68-bd43-7f4555954e23" />
    <UnitTestResult executionId="eafa8a54-2145-4f36-baa2-7b5ff419ed4a" testId="736059d3-cd0d-c6ef-ac74-59612141e32e" testName="SalesApi.Tests.Domain.Entities.ProductTests.Product_WithInvalidTitle_ShouldThrowArgumentException(invalidTitle: &quot;   &quot;)" computerName="BOOK-4J7LKOUHJ1" duration="00:00:00.0006709" startTime="2025-05-23T21:40:23.7253097-03:00" endTime="2025-05-23T21:40:23.7253099-03:00" testType="13cdc9d9-ddb5-4fa4-a97d-d965ccfc6d4b" outcome="Passed" testListId="8c84fa94-04c1-424b-9868-57a2d4851a1d" relativeResultsDirectory="eafa8a54-2145-4f36-baa2-7b5ff419ed4a" />
    <UnitTestResult executionId="aa0fb02b-212a-460f-8b6e-d088abd65cd6" testId="73b0f17c-06c0-36ac-c808-544996a14c81" testName="SalesApi.Tests.Domain.Entities.SaleTests.Sale_WithValidData_ShouldCreateSuccessfully" computerName="BOOK-4J7LKOUHJ1" duration="00:00:00.0032452" startTime="2025-05-23T21:40:25.2042207-03:00" endTime="2025-05-23T21:40:25.2042213-03:00" testType="13cdc9d9-ddb5-4fa4-a97d-d965ccfc6d4b" outcome="Passed" testListId="8c84fa94-04c1-424b-9868-57a2d4851a1d" relativeResultsDirectory="aa0fb02b-212a-460f-8b6e-d088abd65cd6" />
    <UnitTestResult executionId="78def853-1667-4ec0-aff2-c0813fcc1720" testId="3d07eedc-1969-6e4b-ba81-d3fd7a554405" testName="SalesApi.Tests.Application.Products.Commands.CreateProduct.CreateProductCommandHandlerTests.Handle_SaveChangesFails_ShouldThrowException" computerName="BOOK-4J7LKOUHJ1" duration="00:00:00.0084829" startTime="2025-05-23T21:40:48.2161719-03:00" endTime="2025-05-23T21:40:48.2161723-03:00" testType="13cdc9d9-ddb5-4fa4-a97d-d965ccfc6d4b" outcome="Passed" testListId="8c84fa94-04c1-424b-9868-57a2d4851a1d" relativeResultsDirectory="78def853-1667-4ec0-aff2-c0813fcc1720" />
    <UnitTestResult executionId="1a02326a-ecb9-46d4-985d-95e623ae8ce9" testId="93fca812-33c1-3761-3cd1-178bc086bc68" testName="SalesApi.Tests.Domain.Entities.ProductTests.Product_UpdatePrice_ShouldUpdateSuccessfully" computerName="BOOK-4J7LKOUHJ1" duration="00:00:00.0003385" startTime="2025-05-23T21:40:23.7730665-03:00" endTime="2025-05-23T21:40:23.7730665-03:00" testType="13cdc9d9-ddb5-4fa4-a97d-d965ccfc6d4b" outcome="Passed" testListId="8c84fa94-04c1-424b-9868-57a2d4851a1d" relativeResultsDirectory="1a02326a-ecb9-46d4-985d-95e623ae8ce9" />
    <UnitTestResult executionId="58e35387-a9b8-4a8d-a477-fb635e3836af" testId="f3fe1f5e-ae2f-af17-80d5-bd7f33f1f738" testName="SalesApi.Tests.Domain.Entities.SaleTests.Sale_WithInvalidSaleNumber_ShouldThrowDomainException(invalidSaleNumber: &quot;   &quot;)" computerName="BOOK-4J7LKOUHJ1" duration="00:00:00.0008213" startTime="2025-05-23T21:40:25.2052045-03:00" endTime="2025-05-23T21:40:25.2052050-03:00" testType="13cdc9d9-ddb5-4fa4-a97d-d965ccfc6d4b" outcome="Passed" testListId="8c84fa94-04c1-424b-9868-57a2d4851a1d" relativeResultsDirectory="58e35387-a9b8-4a8d-a477-fb635e3836af" />
    <UnitTestResult executionId="87069a2c-4a57-4ee2-84d9-6589fb20b700" testId="66668d44-a1c8-becf-9493-804434f23faf" testName="SalesApi.Tests.Infrastructure.Mappings.MappingProfileTests.Map_Sale_To_SaleViewModel_WithDiscount" computerName="BOOK-4J7LKOUHJ1" duration="00:00:00.0057777" startTime="2025-05-23T21:40:25.3904931-03:00" endTime="2025-05-23T21:40:25.3904935-03:00" testType="13cdc9d9-ddb5-4fa4-a97d-d965ccfc6d4b" outcome="Passed" testListId="8c84fa94-04c1-424b-9868-57a2d4851a1d" relativeResultsDirectory="87069a2c-4a57-4ee2-84d9-6589fb20b700" />
    <UnitTestResult executionId="bed27957-8cc1-4271-8616-121d1c234297" testId="d7f73c86-752c-f0d6-5ba9-913e909464cd" testName="SalesApi.Tests.Application.Products.Commands.CreateProduct.CreateProductCommandHandlerTests.Handle_ValidCommand_ShouldCreateProduct" computerName="BOOK-4J7LKOUHJ1" duration="00:00:00.0156535" startTime="2025-05-23T21:40:48.2319732-03:00" endTime="2025-05-23T21:40:48.2319737-03:00" testType="13cdc9d9-ddb5-4fa4-a97d-d965ccfc6d4b" outcome="Passed" testListId="8c84fa94-04c1-424b-9868-57a2d4851a1d" relativeResultsDirectory="bed27957-8cc1-4271-8616-121d1c234297" />
    <UnitTestResult executionId="420d30b1-eaed-474d-a198-90159166dbaa" testId="a92d6f56-aca2-871b-e891-13997bb49fa6" testName="SalesApi.Tests.SalesApiIntegrationTests.Should_Create_Sale_With_10PercentDiscount_20Prod" computerName="BOOK-4J7LKOUHJ1" duration="00:00:03.0852797" startTime="2025-05-23T21:40:38.8143272-03:00" endTime="2025-05-23T21:40:38.8143280-03:00" testType="13cdc9d9-ddb5-4fa4-a97d-d965ccfc6d4b" outcome="Passed" testListId="8c84fa94-04c1-424b-9868-57a2d4851a1d" relativeResultsDirectory="420d30b1-eaed-474d-a198-90159166dbaa" />
    <UnitTestResult executionId="5e278533-ab0b-42ef-8d82-e6a0e67c9581" testId="2719d18f-f10d-1966-5227-7ecd3e2f5362" testName="SalesApi.Tests.Domain.Entities.SaleTests.Sale_AddItem_WithExistingProduct_ShouldUpdateQuantity" computerName="BOOK-4J7LKOUHJ1" duration="00:00:00.0019190" startTime="2025-05-23T21:40:25.2089429-03:00" endTime="2025-05-23T21:40:25.2089438-03:00" testType="13cdc9d9-ddb5-4fa4-a97d-d965ccfc6d4b" outcome="Passed" testListId="8c84fa94-04c1-424b-9868-57a2d4851a1d" relativeResultsDirectory="5e278533-ab0b-42ef-8d82-e6a0e67c9581" />
    <UnitTestResult executionId="0009be0e-2d2f-4d8b-bf2e-81ed1ded1ac4" testId="9b527640-b5f1-9a06-08e9-33a9f0122b4c" testName="SalesApi.Tests.Infrastructure.Repositories.ProductRepositoryTests.GetByIdAsync_WhenProductDoesNotExist_ShouldReturnNull" computerName="BOOK-4J7LKOUHJ1" duration="00:00:00.0064678" startTime="2025-05-23T21:40:25.3534476-03:00" endTime="2025-05-23T21:40:25.3534478-03:00" testType="13cdc9d9-ddb5-4fa4-a97d-d965ccfc6d4b" outcome="Passed" testListId="8c84fa94-04c1-424b-9868-57a2d4851a1d" relativeResultsDirectory="0009be0e-2d2f-4d8b-bf2e-81ed1ded1ac4" />
    <UnitTestResult executionId="15fcfe97-0aaa-4b22-984a-f8531a5e4dc4" testId="3d6f8efc-ec8a-d5a4-dcd6-6a7bd6f87982" testName="SalesApi.Tests.Domain.Entities.ProductTests.Product_WithInvalidCategory_ShouldThrowArgumentException(invalidCategory: null)" computerName="BOOK-4J7LKOUHJ1" duration="00:00:00.0010201" startTime="2025-05-23T21:40:23.7725791-03:00" endTime="2025-05-23T21:40:23.7725793-03:00" testType="13cdc9d9-ddb5-4fa4-a97d-d965ccfc6d4b" outcome="Passed" testListId="8c84fa94-04c1-424b-9868-57a2d4851a1d" relativeResultsDirectory="15fcfe97-0aaa-4b22-984a-f8531a5e4dc4" />
    <UnitTestResult executionId="576ca307-4409-4f0a-9071-533d1f230960" testId="728f0d77-144c-0098-0b92-52a117d163ca" testName="SalesApi.Tests.Domain.Entities.ProductTests.Product_UpdateTitle_ShouldUpdateSuccessfully" computerName="BOOK-4J7LKOUHJ1" duration="00:00:00.0002462" startTime="2025-05-23T21:40:23.7731437-03:00" endTime="2025-05-23T21:40:23.7731438-03:00" testType="13cdc9d9-ddb5-4fa4-a97d-d965ccfc6d4b" outcome="Passed" testListId="8c84fa94-04c1-424b-9868-57a2d4851a1d" relativeResultsDirectory="576ca307-4409-4f0a-9071-533d1f230960" />
    <UnitTestResult executionId="60f9a619-6bcb-4cb2-88d8-1e927a100ef3" testId="5cbcaddd-3a99-80a7-4836-78e5ae1f5083" testName="SalesApi.Tests.SalesApiIntegrationTests.Create_Products" computerName="BOOK-4J7LKOUHJ1" duration="00:00:03.8714919" startTime="2025-05-23T21:40:29.2758187-03:00" endTime="2025-05-23T21:40:29.2758196-03:00" testType="13cdc9d9-ddb5-4fa4-a97d-d965ccfc6d4b" outcome="Passed" testListId="8c84fa94-04c1-424b-9868-57a2d4851a1d" relativeResultsDirectory="60f9a619-6bcb-4cb2-88d8-1e927a100ef3" />
    <UnitTestResult executionId="eb0b6993-17b9-4193-9262-344c608ff1e1" testId="ca23fb70-52fe-a315-a23b-be521f68daf3" testName="SalesApi.Tests.Domain.Entities.SaleItemTests.SaleItem_WithInvalidQuantity_ShouldThrowArgumentException(invalidQuantity: 0)" computerName="BOOK-4J7LKOUHJ1" duration="00:00:00.0011992" startTime="2025-05-23T21:40:48.1736986-03:00" endTime="2025-05-23T21:40:48.1736990-03:00" testType="13cdc9d9-ddb5-4fa4-a97d-d965ccfc6d4b" outcome="Passed" testListId="8c84fa94-04c1-424b-9868-57a2d4851a1d" relativeResultsDirectory="eb0b6993-17b9-4193-9262-344c608ff1e1" />
    <UnitTestResult executionId="526ccdee-70be-4d8b-ba86-42cb16b2148e" testId="c5f0df7f-ea89-29bf-3476-842cb47c8a43" testName="SalesApi.Tests.Domain.Entities.SaleTests.Sale_WithInvalidSaleNumber_ShouldThrowDomainException(invalidSaleNumber: &quot;&quot;)" computerName="BOOK-4J7LKOUHJ1" duration="00:00:00.0004523" startTime="2025-05-23T21:40:25.2063045-03:00" endTime="2025-05-23T21:40:25.2063047-03:00" testType="13cdc9d9-ddb5-4fa4-a97d-d965ccfc6d4b" outcome="Passed" testListId="8c84fa94-04c1-424b-9868-57a2d4851a1d" relativeResultsDirectory="526ccdee-70be-4d8b-ba86-42cb16b2148e" />
    <UnitTestResult executionId="90bed17d-0864-462b-b799-bfc7e5192a70" testId="5a0441e1-31ff-d192-2eb2-ab6699512df3" testName="SalesApi.Tests.Infrastructure.Repositories.SaleRepositoryTests.GetByIdAsync_WhenSaleDoesNotExist_ShouldReturnNull" computerName="BOOK-4J7LKOUHJ1" duration="00:00:00.0042040" startTime="2025-05-23T21:40:48.4836059-03:00" endTime="2025-05-23T21:40:48.4836061-03:00" testType="13cdc9d9-ddb5-4fa4-a97d-d965ccfc6d4b" outcome="Passed" testListId="8c84fa94-04c1-424b-9868-57a2d4851a1d" relativeResultsDirectory="90bed17d-0864-462b-b799-bfc7e5192a70" />
    <UnitTestResult executionId="8e2f1a85-9789-428b-bca7-9490da04a89f" testId="0bba7a41-3a7c-cc03-2af0-b7298818251f" testName="SalesApi.Tests.Application.Sales.Commands.CreateSale.CreateSaleCommandHandlerTests.Handle_ValidCommand_ShouldCreateSale" computerName="BOOK-4J7LKOUHJ1" duration="00:00:00.2239287" startTime="2025-05-23T21:40:25.1906262-03:00" endTime="2025-05-23T21:40:25.1906267-03:00" testType="13cdc9d9-ddb5-4fa4-a97d-d965ccfc6d4b" outcome="Passed" testListId="8c84fa94-04c1-424b-9868-57a2d4851a1d" relativeResultsDirectory="8e2f1a85-9789-428b-bca7-9490da04a89f" />
    <UnitTestResult executionId="b2b29ced-a4b8-4fb2-ac28-aeb0a52a3910" testId="1f53c978-9373-bc2f-179e-3a15122d482c" testName="SalesApi.Tests.Application.Products.Commands.CreateProduct.CreateProductCommandHandlerTests.Handle_EmptyDescription_ShouldThrowArgumentException(description: null)" computerName="BOOK-4J7LKOUHJ1" duration="00:00:00.0035632" startTime="2025-05-23T21:40:48.2422013-03:00" endTime="2025-05-23T21:40:48.2422017-03:00" testType="13cdc9d9-ddb5-4fa4-a97d-d965ccfc6d4b" outcome="Passed" testListId="8c84fa94-04c1-424b-9868-57a2d4851a1d" relativeResultsDirectory="b2b29ced-a4b8-4fb2-ac28-aeb0a52a3910" />
    <UnitTestResult executionId="2209fbf6-e214-4acf-a4b2-fabea6318778" testId="53c41976-6d39-0bf9-6f6f-869b02a3e64d" testName="SalesApi.Tests.Domain.Entities.SaleItemTests.SaleItem_UpdateUnitPrice_ShouldUpdateSuccessfully" computerName="BOOK-4J7LKOUHJ1" duration="00:00:00.0003894" startTime="2025-05-23T21:40:48.1741859-03:00" endTime="2025-05-23T21:40:48.1741861-03:00" testType="13cdc9d9-ddb5-4fa4-a97d-d965ccfc6d4b" outcome="Passed" testListId="8c84fa94-04c1-424b-9868-57a2d4851a1d" relativeResultsDirectory="2209fbf6-e214-4acf-a4b2-fabea6318778" />
    <UnitTestResult executionId="99e81bec-39c4-4ed0-8d60-2002688199ba" testId="67fa5247-c7cf-3b3e-fac8-83a3ea9566ed" testName="SalesApi.Tests.Domain.Entities.ProductTests.Product_WithInvalidImage_ShouldThrowArgumentException(invalidImage: &quot;   &quot;)" computerName="BOOK-4J7LKOUHJ1" duration="00:00:00.0003612" startTime="2025-05-23T21:40:23.7266004-03:00" endTime="2025-05-23T21:40:23.7266004-03:00" testType="13cdc9d9-ddb5-4fa4-a97d-d965ccfc6d4b" outcome="Passed" testListId="8c84fa94-04c1-424b-9868-57a2d4851a1d" relativeResultsDirectory="99e81bec-39c4-4ed0-8d60-2002688199ba" />
    <UnitTestResult executionId="f2f0d0f0-2be0-4e4e-b69f-6003f67b7214" testId="8bcb8b3e-58f2-2c2b-e778-790cbbb562ff" testName="SalesApi.Tests.Application.Products.Commands.CreateProduct.CreateProductCommandHandlerTests.Handle_EmptyTitle_ShouldThrowArgumentException(title: null)" computerName="BOOK-4J7LKOUHJ1" duration="00:00:00.0029595" startTime="2025-05-23T21:40:48.2350454-03:00" endTime="2025-05-23T21:40:48.2350459-03:00" testType="13cdc9d9-ddb5-4fa4-a97d-d965ccfc6d4b" outcome="Passed" testListId="8c84fa94-04c1-424b-9868-57a2d4851a1d" relativeResultsDirectory="f2f0d0f0-2be0-4e4e-b69f-6003f67b7214" />
    <UnitTestResult executionId="cab863b0-2dca-4853-b776-819d28e8aebf" testId="67e6484b-241c-963f-2196-2613821741e9" testName="SalesApi.Tests.Domain.Entities.SaleItemTests.SaleItem_WithHigherDiscount_ShouldCalculateCorrectly" computerName="BOOK-4J7LKOUHJ1" duration="00:00:00.0005140" startTime="2025-05-23T21:40:48.1686348-03:00" endTime="2025-05-23T21:40:48.1686351-03:00" testType="13cdc9d9-ddb5-4fa4-a97d-d965ccfc6d4b" outcome="Passed" testListId="8c84fa94-04c1-424b-9868-57a2d4851a1d" relativeResultsDirectory="cab863b0-2dca-4853-b776-819d28e8aebf" />
    <UnitTestResult executionId="007075bb-3f14-4e63-b8ae-ec3a41c20032" testId="c4a1f45d-9b88-a51d-0140-186d8f1703a9" testName="SalesApi.Tests.Application.Products.Commands.CreateProduct.CreateProductCommandHandlerTests.Handle_EmptyImage_ShouldThrowArgumentException(image: &quot;&quot;)" computerName="BOOK-4J7LKOUHJ1" duration="00:00:00.0044393" startTime="2025-05-23T21:40:48.2036319-03:00" endTime="2025-05-23T21:40:48.2036322-03:00" testType="13cdc9d9-ddb5-4fa4-a97d-d965ccfc6d4b" outcome="Passed" testListId="8c84fa94-04c1-424b-9868-57a2d4851a1d" relativeResultsDirectory="007075bb-3f14-4e63-b8ae-ec3a41c20032" />
    <UnitTestResult executionId="0abf7486-adcd-4351-a5ad-5e63ad2a5066" testId="72de0a7d-41d9-7767-aadb-3561d7c80498" testName="SalesApi.Tests.Domain.Entities.ProductTests.Product_WithInvalidTitle_ShouldThrowArgumentException(invalidTitle: null)" computerName="BOOK-4J7LKOUHJ1" duration="00:00:00.0444923" startTime="2025-05-23T21:40:23.7205597-03:00" endTime="2025-05-23T21:40:23.7205931-03:00" testType="13cdc9d9-ddb5-4fa4-a97d-d965ccfc6d4b" outcome="Passed" testListId="8c84fa94-04c1-424b-9868-57a2d4851a1d" relativeResultsDirectory="0abf7486-adcd-4351-a5ad-5e63ad2a5066" />
    <UnitTestResult executionId="cbe6eff3-0c9f-41cd-a4f2-7830ca3e22a4" testId="c68b5359-2cdc-5833-886a-4f37e5dcffb5" testName="SalesApi.Tests.Domain.Entities.SaleItemTests.SaleItem_WithStandardDiscount_ShouldCalculateCorrectly" computerName="BOOK-4J7LKOUHJ1" duration="00:00:00.0002888" startTime="2025-05-23T21:40:48.1694073-03:00" endTime="2025-05-23T21:40:48.1694075-03:00" testType="13cdc9d9-ddb5-4fa4-a97d-d965ccfc6d4b" outcome="Passed" testListId="8c84fa94-04c1-424b-9868-57a2d4851a1d" relativeResultsDirectory="cbe6eff3-0c9f-41cd-a4f2-7830ca3e22a4" />
    <UnitTestResult executionId="d6873dfb-a67e-405a-b16e-2308fff45376" testId="a2431f1a-e3a2-0613-0aa7-52c5bb15cd2c" testName="SalesApi.Tests.Domain.Entities.SaleTests.Sale_Cancel_WhenAlreadyCancelled_ShouldThrowDomainException" computerName="BOOK-4J7LKOUHJ1" duration="00:00:00.0005246" startTime="2025-05-23T21:40:25.2068901-03:00" endTime="2025-05-23T21:40:25.2068903-03:00" testType="13cdc9d9-ddb5-4fa4-a97d-d965ccfc6d4b" outcome="Passed" testListId="8c84fa94-04c1-424b-9868-57a2d4851a1d" relativeResultsDirectory="d6873dfb-a67e-405a-b16e-2308fff45376" />
    <UnitTestResult executionId="85eb948b-4714-48a4-af84-cc39b1c7c94c" testId="d9d5a1e9-0f89-3ce0-6d22-7ae0645b5455" testName="SalesApi.Tests.WebApi.Controllers.SalesControllerTests.GetAllSales_ReturnsOkResult" computerName="BOOK-4J7LKOUHJ1" duration="00:00:00.0035546" startTime="2025-05-23T21:40:25.2153508-03:00" endTime="2025-05-23T21:40:25.2153511-03:00" testType="13cdc9d9-ddb5-4fa4-a97d-d965ccfc6d4b" outcome="Passed" testListId="8c84fa94-04c1-424b-9868-57a2d4851a1d" relativeResultsDirectory="85eb948b-4714-48a4-af84-cc39b1c7c94c" />
    <UnitTestResult executionId="c72be761-6d8b-4f8f-9d0e-b28001111cab" testId="383648b7-8dbf-472b-bf1a-47291a863e19" testName="SalesApi.Tests.Infrastructure.Repositories.SaleRepositoryTests.GetByCustomerIdAsync_ShouldReturnSalesForCustomer" computerName="BOOK-4J7LKOUHJ1" duration="00:00:00.1083421" startTime="2025-05-23T21:40:48.3699946-03:00" endTime="2025-05-23T21:40:48.3699955-03:00" testType="13cdc9d9-ddb5-4fa4-a97d-d965ccfc6d4b" outcome="Passed" testListId="8c84fa94-04c1-424b-9868-57a2d4851a1d" relativeResultsDirectory="c72be761-6d8b-4f8f-9d0e-b28001111cab" />
    <UnitTestResult executionId="3a67f652-de08-4536-9191-419d13f3b578" testId="ad091dbb-ba9d-eb77-bbbe-bdccffff12e8" testName="SalesApi.Tests.SalesApiIntegrationTests.Should_Apply_20Percent_Discount_For_10_To_20_Items" computerName="BOOK-4J7LKOUHJ1" duration="00:00:03.0821581" startTime="2025-05-23T21:40:41.8979480-03:00" endTime="2025-05-23T21:40:41.8979486-03:00" testType="13cdc9d9-ddb5-4fa4-a97d-d965ccfc6d4b" outcome="Passed" testListId="8c84fa94-04c1-424b-9868-57a2d4851a1d" relativeResultsDirectory="3a67f652-de08-4536-9191-419d13f3b578" />
    <UnitTestResult executionId="2aaec30b-9725-42d0-9783-02535449f813" testId="230d869f-c227-5dc8-18da-2feb68555f80" testName="SalesApi.Tests.WebApi.Controllers.SalesControllerTests.Cancel_WithValidId_ReturnsOk" computerName="BOOK-4J7LKOUHJ1" duration="00:00:00.0007816" startTime="2025-05-23T21:40:25.2185038-03:00" endTime="2025-05-23T21:40:25.2185040-03:00" testType="13cdc9d9-ddb5-4fa4-a97d-d965ccfc6d4b" outcome="Passed" testListId="8c84fa94-04c1-424b-9868-57a2d4851a1d" relativeResultsDirectory="2aaec30b-9725-42d0-9783-02535449f813" />
    <UnitTestResult executionId="ad3d8ed0-64ab-4923-9262-e856c13c7e6b" testId="b21b9893-1a8e-b77c-0f7a-2f53c95bb58c" testName="SalesApi.Tests.Domain.Entities.ProductTests.Product_WithValidData_ShouldCreateSuccessfully" computerName="BOOK-4J7LKOUHJ1" duration="00:00:00.0040419" startTime="2025-05-23T21:40:23.7729910-03:00" endTime="2025-05-23T21:40:23.7729911-03:00" testType="13cdc9d9-ddb5-4fa4-a97d-d965ccfc6d4b" outcome="Passed" testListId="8c84fa94-04c1-424b-9868-57a2d4851a1d" relativeResultsDirectory="ad3d8ed0-64ab-4923-9262-e856c13c7e6b" />
    <UnitTestResult executionId="24de8515-b499-419e-af33-e818c8ac955b" testId="b01fbcb1-8deb-dadf-38ee-73511fd0bc32" testName="SalesApi.Tests.Domain.Entities.SaleItemTests.SaleItem_WithValidData_ShouldCreateSuccessfully" computerName="BOOK-4J7LKOUHJ1" duration="00:00:00.0003926" startTime="2025-05-23T21:40:48.1785180-03:00" endTime="2025-05-23T21:40:48.1785182-03:00" testType="13cdc9d9-ddb5-4fa4-a97d-d965ccfc6d4b" outcome="Passed" testListId="8c84fa94-04c1-424b-9868-57a2d4851a1d" relativeResultsDirectory="24de8515-b499-419e-af33-e818c8ac955b" />
  </Results>
  <TestDefinitions>
    <UnitTest name="SalesApi.Tests.Infrastructure.Repositories.ProductRepositoryTests.GetAllAsync_ShouldReturnAllProducts" storage="c:\projetos\salesapi\tests\bin\debug\net8.0\salesapi.tests.dll" id="112a6cec-d0f7-a314-ceac-aafe5fe4bae8">
      <Execution id="3c5a44fd-b60b-452c-a799-1c99478ada0f" />
      <TestMethod codeBase="C:\Projetos\SalesApi\tests\bin\Debug\net8.0\SalesApi.Tests.dll" adapterTypeName="executor://xunit/VsTestRunner2/netcoreapp" className="SalesApi.Tests.Infrastructure.Repositories.ProductRepositoryTests" name="GetAllAsync_ShouldReturnAllProducts" />
    </UnitTest>
    <UnitTest name="SalesApi.Tests.Domain.Entities.ProductTests.Product_WithInvalidCategory_ShouldThrowArgumentException(invalidCategory: &quot;   &quot;)" storage="c:\projetos\salesapi\tests\bin\debug\net8.0\salesapi.tests.dll" id="fdcb0ef0-f66f-7e01-21e3-7e619655d7a2">
      <Execution id="b92ec559-2c5d-4337-ac06-e20bfdc60379" />
      <TestMethod codeBase="C:\Projetos\SalesApi\tests\bin\Debug\net8.0\SalesApi.Tests.dll" adapterTypeName="executor://xunit/VsTestRunner2/netcoreapp" className="SalesApi.Tests.Domain.Entities.ProductTests" name="Product_WithInvalidCategory_ShouldThrowArgumentException" />
    </UnitTest>
    <UnitTest name="SalesApi.Tests.Domain.Entities.SaleTests.Sale_AddItem_ShouldAddItemSuccessfully" storage="c:\projetos\salesapi\tests\bin\debug\net8.0\salesapi.tests.dll" id="f43b6b0a-c2e9-efe2-ece0-f6c84b44a295">
      <Execution id="5500ab02-bc70-4501-aa9d-a4b7729ab973" />
      <TestMethod codeBase="C:\Projetos\SalesApi\tests\bin\Debug\net8.0\SalesApi.Tests.dll" adapterTypeName="executor://xunit/VsTestRunner2/netcoreapp" className="SalesApi.Tests.Domain.Entities.SaleTests" name="Sale_AddItem_ShouldAddItemSuccessfully" />
    </UnitTest>
    <UnitTest name="SalesApi.Tests.SalesApiIntegrationTests.Create_Products" storage="c:\projetos\salesapi\tests\bin\debug\net8.0\salesapi.tests.dll" id="5cbcaddd-3a99-80a7-4836-78e5ae1f5083">
      <Execution id="60f9a619-6bcb-4cb2-88d8-1e927a100ef3" />
      <TestMethod codeBase="C:\Projetos\SalesApi\tests\bin\Debug\net8.0\SalesApi.Tests.dll" adapterTypeName="executor://xunit/VsTestRunner2/netcoreapp" className="SalesApi.Tests.SalesApiIntegrationTests" name="Create_Products" />
    </UnitTest>
    <UnitTest name="SalesApi.Tests.Application.Products.Commands.CreateProduct.CreateProductCommandHandlerTests.Handle_EmptyTitle_ShouldThrowArgumentException(title: &quot;&quot;)" storage="c:\projetos\salesapi\tests\bin\debug\net8.0\salesapi.tests.dll" id="aed291df-f0c6-d17b-6b71-2ad43b377c37">
      <Execution id="d9c3c9d3-e98a-4119-bab0-f4ac429a805b" />
      <TestMethod codeBase="C:\Projetos\SalesApi\tests\bin\Debug\net8.0\SalesApi.Tests.dll" adapterTypeName="executor://xunit/VsTestRunner2/netcoreapp" className="SalesApi.Tests.Application.Products.Commands.CreateProduct.CreateProductCommandHandlerTests" name="Handle_EmptyTitle_ShouldThrowArgumentException" />
    </UnitTest>
    <UnitTest name="SalesApi.Tests.Application.Products.Commands.CreateProduct.CreateProductCommandHandlerTests.Handle_EmptyImage_ShouldThrowArgumentException(image: &quot;&quot;)" storage="c:\projetos\salesapi\tests\bin\debug\net8.0\salesapi.tests.dll" id="c4a1f45d-9b88-a51d-0140-186d8f1703a9">
      <Execution id="007075bb-3f14-4e63-b8ae-ec3a41c20032" />
      <TestMethod codeBase="C:\Projetos\SalesApi\tests\bin\Debug\net8.0\SalesApi.Tests.dll" adapterTypeName="executor://xunit/VsTestRunner2/netcoreapp" className="SalesApi.Tests.Application.Products.Commands.CreateProduct.CreateProductCommandHandlerTests" name="Handle_EmptyImage_ShouldThrowArgumentException" />
    </UnitTest>
    <UnitTest name="SalesApi.Tests.SalesApiIntegrationTests.Should_Create_Sale_With_10PercentDiscount_20Prod" storage="c:\projetos\salesapi\tests\bin\debug\net8.0\salesapi.tests.dll" id="a92d6f56-aca2-871b-e891-13997bb49fa6">
      <Execution id="420d30b1-eaed-474d-a198-90159166dbaa" />
      <TestMethod codeBase="C:\Projetos\SalesApi\tests\bin\Debug\net8.0\SalesApi.Tests.dll" adapterTypeName="executor://xunit/VsTestRunner2/netcoreapp" className="SalesApi.Tests.SalesApiIntegrationTests" name="Should_Create_Sale_With_10PercentDiscount_20Prod" />
    </UnitTest>
    <UnitTest name="SalesApi.Tests.Domain.Entities.ProductTests.Product_WithInvalidDescription_ShouldThrowArgumentException(invalidDescription: null)" storage="c:\projetos\salesapi\tests\bin\debug\net8.0\salesapi.tests.dll" id="17e9e6dc-d59f-aa1f-96e0-894605c403f9">
      <Execution id="788ba932-88be-4d7f-bcfb-ac47d7574945" />
      <TestMethod codeBase="C:\Projetos\SalesApi\tests\bin\Debug\net8.0\SalesApi.Tests.dll" adapterTypeName="executor://xunit/VsTestRunner2/netcoreapp" className="SalesApi.Tests.Domain.Entities.ProductTests" name="Product_WithInvalidDescription_ShouldThrowArgumentException" />
    </UnitTest>
    <UnitTest name="SalesApi.Tests.Infrastructure.Repositories.SaleRepositoryTests.GetAllAsync_ShouldReturnAllSales" storage="c:\projetos\salesapi\tests\bin\debug\net8.0\salesapi.tests.dll" id="3bf002ef-6e17-ddf2-64b8-30464c5e2697">
      <Execution id="6c5eeffa-30a5-4af1-ada2-23ac6a8e4a99" />
      <TestMethod codeBase="C:\Projetos\SalesApi\tests\bin\Debug\net8.0\SalesApi.Tests.dll" adapterTypeName="executor://xunit/VsTestRunner2/netcoreapp" className="SalesApi.Tests.Infrastructure.Repositories.SaleRepositoryTests" name="GetAllAsync_ShouldReturnAllSales" />
    </UnitTest>
    <UnitTest name="SalesApi.Tests.Infrastructure.Repositories.SaleRepositoryTests.GetByBranchIdAsync_ShouldReturnSalesForBranch" storage="c:\projetos\salesapi\tests\bin\debug\net8.0\salesapi.tests.dll" id="539a7cd9-2e0c-5c20-48af-bf0b7d17c44a">
      <Execution id="72beeae7-9684-4fb4-b1a5-516a12bf6190" />
      <TestMethod codeBase="C:\Projetos\SalesApi\tests\bin\Debug\net8.0\SalesApi.Tests.dll" adapterTypeName="executor://xunit/VsTestRunner2/netcoreapp" className="SalesApi.Tests.Infrastructure.Repositories.SaleRepositoryTests" name="GetByBranchIdAsync_ShouldReturnSalesForBranch" />
    </UnitTest>
    <UnitTest name="SalesApi.Tests.Domain.Entities.SaleTests.Sale_WithValidData_ShouldCreateSuccessfully" storage="c:\projetos\salesapi\tests\bin\debug\net8.0\salesapi.tests.dll" id="73b0f17c-06c0-36ac-c808-544996a14c81">
      <Execution id="aa0fb02b-212a-460f-8b6e-d088abd65cd6" />
      <TestMethod codeBase="C:\Projetos\SalesApi\tests\bin\Debug\net8.0\SalesApi.Tests.dll" adapterTypeName="executor://xunit/VsTestRunner2/netcoreapp" className="SalesApi.Tests.Domain.Entities.SaleTests" name="Sale_WithValidData_ShouldCreateSuccessfully" />
    </UnitTest>
    <UnitTest name="SalesApi.Tests.Domain.Entities.SaleTests.Sale_Cancel_WhenAlreadyCancelled_ShouldThrowDomainException" storage="c:\projetos\salesapi\tests\bin\debug\net8.0\salesapi.tests.dll" id="a2431f1a-e3a2-0613-0aa7-52c5bb15cd2c">
      <Execution id="d6873dfb-a67e-405a-b16e-2308fff45376" />
      <TestMethod codeBase="C:\Projetos\SalesApi\tests\bin\Debug\net8.0\SalesApi.Tests.dll" adapterTypeName="executor://xunit/VsTestRunner2/netcoreapp" className="SalesApi.Tests.Domain.Entities.SaleTests" name="Sale_Cancel_WhenAlreadyCancelled_ShouldThrowDomainException" />
    </UnitTest>
    <UnitTest name="SalesApi.Tests.Application.Sales.Commands.CreateSale.CreateSaleCommandHandlerTests.Handle_SaveChangesFails_ShouldThrowException" storage="c:\projetos\salesapi\tests\bin\debug\net8.0\salesapi.tests.dll" id="635556ff-b51a-befa-43ea-5bb74d6d4a29">
      <Execution id="4be0f144-ed9d-4dc2-b87e-5d86ab8ac3e0" />
      <TestMethod codeBase="C:\Projetos\SalesApi\tests\bin\Debug\net8.0\SalesApi.Tests.dll" adapterTypeName="executor://xunit/VsTestRunner2/netcoreapp" className="SalesApi.Tests.Application.Sales.Commands.CreateSale.CreateSaleCommandHandlerTests" name="Handle_SaveChangesFails_ShouldThrowException" />
    </UnitTest>
    <UnitTest name="SalesApi.Tests.Domain.Entities.ProductTests.Product_WithInvalidCategory_ShouldThrowArgumentException(invalidCategory: null)" storage="c:\projetos\salesapi\tests\bin\debug\net8.0\salesapi.tests.dll" id="3d6f8efc-ec8a-d5a4-dcd6-6a7bd6f87982">
      <Execution id="15fcfe97-0aaa-4b22-984a-f8531a5e4dc4" />
      <TestMethod codeBase="C:\Projetos\SalesApi\tests\bin\Debug\net8.0\SalesApi.Tests.dll" adapterTypeName="executor://xunit/VsTestRunner2/netcoreapp" className="SalesApi.Tests.Domain.Entities.ProductTests" name="Product_WithInvalidCategory_ShouldThrowArgumentException" />
    </UnitTest>
    <UnitTest name="SalesApi.Tests.WebApi.Controllers.ProductsControllerTests.CreateProduct_ValidRequest_ReturnsOkResult" storage="c:\projetos\salesapi\tests\bin\debug\net8.0\salesapi.tests.dll" id="2ed74bc9-938d-8c0e-9dca-3bfd4fe7e17f">
      <Execution id="3a1f49b6-5d72-45c7-a48f-f4d4853529b7" />
      <TestMethod codeBase="C:\Projetos\SalesApi\tests\bin\Debug\net8.0\SalesApi.Tests.dll" adapterTypeName="executor://xunit/VsTestRunner2/netcoreapp" className="SalesApi.Tests.WebApi.Controllers.ProductsControllerTests" name="CreateProduct_ValidRequest_ReturnsOkResult" />
    </UnitTest>
    <UnitTest name="SalesApi.Tests.Domain.Entities.SaleItemTests.SaleItem_WithInvalidQuantity_ShouldThrowArgumentException(invalidQuantity: -1)" storage="c:\projetos\salesapi\tests\bin\debug\net8.0\salesapi.tests.dll" id="0b56492f-95a1-dd4b-4bf3-ced8550c915a">
      <Execution id="c19b8cf1-aad2-40af-9eb5-74d8d87bfe04" />
      <TestMethod codeBase="C:\Projetos\SalesApi\tests\bin\Debug\net8.0\SalesApi.Tests.dll" adapterTypeName="executor://xunit/VsTestRunner2/netcoreapp" className="SalesApi.Tests.Domain.Entities.SaleItemTests" name="SaleItem_WithInvalidQuantity_ShouldThrowArgumentException" />
    </UnitTest>
    <UnitTest name="SalesApi.Tests.Infrastructure.Mappings.MappingProfileTests.Map_Sale_To_SaleViewModel_WithDiscount" storage="c:\projetos\salesapi\tests\bin\debug\net8.0\salesapi.tests.dll" id="66668d44-a1c8-becf-9493-804434f23faf">
      <Execution id="87069a2c-4a57-4ee2-84d9-6589fb20b700" />
      <TestMethod codeBase="C:\Projetos\SalesApi\tests\bin\Debug\net8.0\SalesApi.Tests.dll" adapterTypeName="executor://xunit/VsTestRunner2/netcoreapp" className="SalesApi.Tests.Infrastructure.Mappings.MappingProfileTests" name="Map_Sale_To_SaleViewModel_WithDiscount" />
    </UnitTest>
    <UnitTest name="SalesApi.Tests.Domain.Entities.SaleTests.Sale_WithInvalidSaleNumber_ShouldThrowDomainException(invalidSaleNumber: &quot;   &quot;)" storage="c:\projetos\salesapi\tests\bin\debug\net8.0\salesapi.tests.dll" id="f3fe1f5e-ae2f-af17-80d5-bd7f33f1f738">
      <Execution id="58e35387-a9b8-4a8d-a477-fb635e3836af" />
      <TestMethod codeBase="C:\Projetos\SalesApi\tests\bin\Debug\net8.0\SalesApi.Tests.dll" adapterTypeName="executor://xunit/VsTestRunner2/netcoreapp" className="SalesApi.Tests.Domain.Entities.SaleTests" name="Sale_WithInvalidSaleNumber_ShouldThrowDomainException" />
    </UnitTest>
    <UnitTest name="SalesApi.Tests.Domain.Entities.ProductTests.Product_WithInvalidImage_ShouldThrowArgumentException(invalidImage: &quot;&quot;)" storage="c:\projetos\salesapi\tests\bin\debug\net8.0\salesapi.tests.dll" id="2c791600-54b7-7ae0-af7e-9f443708ddbe">
      <Execution id="8f564a00-9421-4f0e-8ec3-451d77a17c9b" />
      <TestMethod codeBase="C:\Projetos\SalesApi\tests\bin\Debug\net8.0\SalesApi.Tests.dll" adapterTypeName="executor://xunit/VsTestRunner2/netcoreapp" className="SalesApi.Tests.Domain.Entities.ProductTests" name="Product_WithInvalidImage_ShouldThrowArgumentException" />
    </UnitTest>
    <UnitTest name="SalesApi.Tests.Domain.Entities.ProductTests.Product_WithInvalidCategory_ShouldThrowArgumentException(invalidCategory: &quot;&quot;)" storage="c:\projetos\salesapi\tests\bin\debug\net8.0\salesapi.tests.dll" id="6830bcdb-5523-e7b2-7b8d-5831742e7d5f">
      <Execution id="573277e4-2312-4276-b6cf-c47d68a44505" />
      <TestMethod codeBase="C:\Projetos\SalesApi\tests\bin\Debug\net8.0\SalesApi.Tests.dll" adapterTypeName="executor://xunit/VsTestRunner2/netcoreapp" className="SalesApi.Tests.Domain.Entities.ProductTests" name="Product_WithInvalidCategory_ShouldThrowArgumentException" />
    </UnitTest>
    <UnitTest name="SalesApi.Tests.Infrastructure.Repositories.UnitOfWorkTests.Sales_ShouldReturnSaleRepository" storage="c:\projetos\salesapi\tests\bin\debug\net8.0\salesapi.tests.dll" id="fc9d1d96-6597-a93e-f444-c17465638448">
      <Execution id="b7519b49-e576-411b-ad51-93d7f4211f77" />
      <TestMethod codeBase="C:\Projetos\SalesApi\tests\bin\Debug\net8.0\SalesApi.Tests.dll" adapterTypeName="executor://xunit/VsTestRunner2/netcoreapp" className="SalesApi.Tests.Infrastructure.Repositories.UnitOfWorkTests" name="Sales_ShouldReturnSaleRepository" />
    </UnitTest>
    <UnitTest name="SalesApi.Tests.Application.Products.Commands.CreateProduct.CreateProductCommandHandlerTests.Handle_EmptyImage_ShouldThrowArgumentException(image: null)" storage="c:\projetos\salesapi\tests\bin\debug\net8.0\salesapi.tests.dll" id="e4f7c61e-a7b6-294b-ac49-81629b19b547">
      <Execution id="15ce9f1b-7301-4129-9fcd-19fe42d94621" />
      <TestMethod codeBase="C:\Projetos\SalesApi\tests\bin\Debug\net8.0\SalesApi.Tests.dll" adapterTypeName="executor://xunit/VsTestRunner2/netcoreapp" className="SalesApi.Tests.Application.Products.Commands.CreateProduct.CreateProductCommandHandlerTests" name="Handle_EmptyImage_ShouldThrowArgumentException" />
    </UnitTest>
    <UnitTest name="SalesApi.Tests.SalesApiIntegrationTests.Should_Not_Allow_More_Than_20_Items" storage="c:\projetos\salesapi\tests\bin\debug\net8.0\salesapi.tests.dll" id="30b969b8-370a-f0d5-ee99-c2eb44faffe3">
      <Execution id="df3f40dd-5c24-4673-9546-724e5c84a519" />
      <TestMethod codeBase="C:\Projetos\SalesApi\tests\bin\Debug\net8.0\SalesApi.Tests.dll" adapterTypeName="executor://xunit/VsTestRunner2/netcoreapp" className="SalesApi.Tests.SalesApiIntegrationTests" name="Should_Not_Allow_More_Than_20_Items" />
    </UnitTest>
    <UnitTest name="SalesApi.Tests.Application.Products.Commands.CreateProduct.CreateProductCommandHandlerTests.Handle_ValidCommand_ShouldCreateProduct" storage="c:\projetos\salesapi\tests\bin\debug\net8.0\salesapi.tests.dll" id="d7f73c86-752c-f0d6-5ba9-913e909464cd">
      <Execution id="bed27957-8cc1-4271-8616-121d1c234297" />
      <TestMethod codeBase="C:\Projetos\SalesApi\tests\bin\Debug\net8.0\SalesApi.Tests.dll" adapterTypeName="executor://xunit/VsTestRunner2/netcoreapp" className="SalesApi.Tests.Application.Products.Commands.CreateProduct.CreateProductCommandHandlerTests" name="Handle_ValidCommand_ShouldCreateProduct" />
    </UnitTest>
    <UnitTest name="SalesApi.Tests.Domain.Entities.SaleItemTests.SaleItem_UpdateUnitPrice_ShouldUpdateSuccessfully" storage="c:\projetos\salesapi\tests\bin\debug\net8.0\salesapi.tests.dll" id="53c41976-6d39-0bf9-6f6f-869b02a3e64d">
      <Execution id="2209fbf6-e214-4acf-a4b2-fabea6318778" />
      <TestMethod codeBase="C:\Projetos\SalesApi\tests\bin\Debug\net8.0\SalesApi.Tests.dll" adapterTypeName="executor://xunit/VsTestRunner2/netcoreapp" className="SalesApi.Tests.Domain.Entities.SaleItemTests" name="SaleItem_UpdateUnitPrice_ShouldUpdateSuccessfully" />
    </UnitTest>
    <UnitTest name="SalesApi.Tests.WebApi.Controllers.SalesControllerTests.Cancel_WithValidId_ReturnsOk" storage="c:\projetos\salesapi\tests\bin\debug\net8.0\salesapi.tests.dll" id="230d869f-c227-5dc8-18da-2feb68555f80">
      <Execution id="2aaec30b-9725-42d0-9783-02535449f813" />
      <TestMethod codeBase="C:\Projetos\SalesApi\tests\bin\Debug\net8.0\SalesApi.Tests.dll" adapterTypeName="executor://xunit/VsTestRunner2/netcoreapp" className="SalesApi.Tests.WebApi.Controllers.SalesControllerTests" name="Cancel_WithValidId_ReturnsOk" />
    </UnitTest>
    <UnitTest name="SalesApi.Tests.Domain.Entities.SaleTests.Sale_Cancel_ShouldCancelSuccessfully" storage="c:\projetos\salesapi\tests\bin\debug\net8.0\salesapi.tests.dll" id="7af21914-4519-5a54-e1ce-d992023c80a1">
      <Execution id="4934acf8-0ce2-4849-8f35-943480837620" />
      <TestMethod codeBase="C:\Projetos\SalesApi\tests\bin\Debug\net8.0\SalesApi.Tests.dll" adapterTypeName="executor://xunit/VsTestRunner2/netcoreapp" className="SalesApi.Tests.Domain.Entities.SaleTests" name="Sale_Cancel_ShouldCancelSuccessfully" />
    </UnitTest>
    <UnitTest name="SalesApi.Tests.Application.Products.Commands.CreateProduct.CreateProductCommandHandlerTests.Handle_EmptyDescription_ShouldThrowArgumentException(description: null)" storage="c:\projetos\salesapi\tests\bin\debug\net8.0\salesapi.tests.dll" id="1f53c978-9373-bc2f-179e-3a15122d482c">
      <Execution id="b2b29ced-a4b8-4fb2-ac28-aeb0a52a3910" />
      <TestMethod codeBase="C:\Projetos\SalesApi\tests\bin\Debug\net8.0\SalesApi.Tests.dll" adapterTypeName="executor://xunit/VsTestRunner2/netcoreapp" className="SalesApi.Tests.Application.Products.Commands.CreateProduct.CreateProductCommandHandlerTests" name="Handle_EmptyDescription_ShouldThrowArgumentException" />
    </UnitTest>
    <UnitTest name="SalesApi.Tests.Domain.Entities.ProductTests.Product_WithInvalidImage_ShouldThrowArgumentException(invalidImage: null)" storage="c:\projetos\salesapi\tests\bin\debug\net8.0\salesapi.tests.dll" id="93a9b03d-121f-2bfe-6018-583ffcb4c054">
      <Execution id="984f4728-680f-4e92-9379-ff46423b39dd" />
      <TestMethod codeBase="C:\Projetos\SalesApi\tests\bin\Debug\net8.0\SalesApi.Tests.dll" adapterTypeName="executor://xunit/VsTestRunner2/netcoreapp" className="SalesApi.Tests.Domain.Entities.ProductTests" name="Product_WithInvalidImage_ShouldThrowArgumentException" />
    </UnitTest>
    <UnitTest name="SalesApi.Tests.Infrastructure.Repositories.ProductRepositoryTests.GetByCategoryAsync_ShouldReturnProductsInCategory" storage="c:\projetos\salesapi\tests\bin\debug\net8.0\salesapi.tests.dll" id="edf8c7a7-f0ff-ed66-f5e5-e68ae9a2551b">
      <Execution id="7b0688cb-3338-4048-833d-ddbcbfc308a2" />
      <TestMethod codeBase="C:\Projetos\SalesApi\tests\bin\Debug\net8.0\SalesApi.Tests.dll" adapterTypeName="executor://xunit/VsTestRunner2/netcoreapp" className="SalesApi.Tests.Infrastructure.Repositories.ProductRepositoryTests" name="GetByCategoryAsync_ShouldReturnProductsInCategory" />
    </UnitTest>
    <UnitTest name="SalesApi.Tests.Domain.Entities.ProductTests.Product_UpdatePrice_ShouldUpdateSuccessfully" storage="c:\projetos\salesapi\tests\bin\debug\net8.0\salesapi.tests.dll" id="93fca812-33c1-3761-3cd1-178bc086bc68">
      <Execution id="1a02326a-ecb9-46d4-985d-95e623ae8ce9" />
      <TestMethod codeBase="C:\Projetos\SalesApi\tests\bin\Debug\net8.0\SalesApi.Tests.dll" adapterTypeName="executor://xunit/VsTestRunner2/netcoreapp" className="SalesApi.Tests.Domain.Entities.ProductTests" name="Product_UpdatePrice_ShouldUpdateSuccessfully" />
    </UnitTest>
    <UnitTest name="SalesApi.Tests.Domain.Entities.SaleTests.Sale_RemoveItem_WhenCancelled_ShouldThrowException" storage="c:\projetos\salesapi\tests\bin\debug\net8.0\salesapi.tests.dll" id="899c574e-8ee9-5de6-b292-7377cf2e78c7">
      <Execution id="3466790a-6d28-4f68-bd43-7f4555954e23" />
      <TestMethod codeBase="C:\Projetos\SalesApi\tests\bin\Debug\net8.0\SalesApi.Tests.dll" adapterTypeName="executor://xunit/VsTestRunner2/netcoreapp" className="SalesApi.Tests.Domain.Entities.SaleTests" name="Sale_RemoveItem_WhenCancelled_ShouldThrowException" />
    </UnitTest>
    <UnitTest name="SalesApi.Tests.Domain.Entities.ProductTests.Product_WithInvalidImage_ShouldThrowArgumentException(invalidImage: &quot;   &quot;)" storage="c:\projetos\salesapi\tests\bin\debug\net8.0\salesapi.tests.dll" id="67fa5247-c7cf-3b3e-fac8-83a3ea9566ed">
      <Execution id="99e81bec-39c4-4ed0-8d60-2002688199ba" />
      <TestMethod codeBase="C:\Projetos\SalesApi\tests\bin\Debug\net8.0\SalesApi.Tests.dll" adapterTypeName="executor://xunit/VsTestRunner2/netcoreapp" className="SalesApi.Tests.Domain.Entities.ProductTests" name="Product_WithInvalidImage_ShouldThrowArgumentException" />
    </UnitTest>
    <UnitTest name="SalesApi.Tests.Domain.Entities.ProductTests.Product_WithInvalidTitle_ShouldThrowArgumentException(invalidTitle: &quot;&quot;)" storage="c:\projetos\salesapi\tests\bin\debug\net8.0\salesapi.tests.dll" id="1c0c9c5f-5890-94f6-cb2a-641fbd244af0">
      <Execution id="a4af4257-e791-4467-96d5-4f54283bbade" />
      <TestMethod codeBase="C:\Projetos\SalesApi\tests\bin\Debug\net8.0\SalesApi.Tests.dll" adapterTypeName="executor://xunit/VsTestRunner2/netcoreapp" className="SalesApi.Tests.Domain.Entities.ProductTests" name="Product_WithInvalidTitle_ShouldThrowArgumentException" />
    </UnitTest>
    <UnitTest name="SalesApi.Tests.Application.Sales.Commands.CreateSale.CreateSaleCommandHandlerTests.Handle_ValidCommand_ShouldCreateSale" storage="c:\projetos\salesapi\tests\bin\debug\net8.0\salesapi.tests.dll" id="0bba7a41-3a7c-cc03-2af0-b7298818251f">
      <Execution id="8e2f1a85-9789-428b-bca7-9490da04a89f" />
      <TestMethod codeBase="C:\Projetos\SalesApi\tests\bin\Debug\net8.0\SalesApi.Tests.dll" adapterTypeName="executor://xunit/VsTestRunner2/netcoreapp" className="SalesApi.Tests.Application.Sales.Commands.CreateSale.CreateSaleCommandHandlerTests" name="Handle_ValidCommand_ShouldCreateSale" />
    </UnitTest>
    <UnitTest name="SalesApi.Tests.Application.Products.Queries.GetAllProducts.GetAllProductsQueryHandlerTests.Handle_EmptyList_ShouldReturnEmpty" storage="c:\projetos\salesapi\tests\bin\debug\net8.0\salesapi.tests.dll" id="e85d7bbf-95eb-26e2-2e4d-b051648a205b">
      <Execution id="69f9ff8f-6b6c-4261-955e-8fda9853077d" />
      <TestMethod codeBase="C:\Projetos\SalesApi\tests\bin\Debug\net8.0\SalesApi.Tests.dll" adapterTypeName="executor://xunit/VsTestRunner2/netcoreapp" className="SalesApi.Tests.Application.Products.Queries.GetAllProducts.GetAllProductsQueryHandlerTests" name="Handle_EmptyList_ShouldReturnEmpty" />
    </UnitTest>
    <UnitTest name="SalesApi.Tests.Domain.Entities.SaleItemTests.SaleItem_WithHigherDiscount_ShouldCalculateCorrectly" storage="c:\projetos\salesapi\tests\bin\debug\net8.0\salesapi.tests.dll" id="67e6484b-241c-963f-2196-2613821741e9">
      <Execution id="cab863b0-2dca-4853-b776-819d28e8aebf" />
      <TestMethod codeBase="C:\Projetos\SalesApi\tests\bin\Debug\net8.0\SalesApi.Tests.dll" adapterTypeName="executor://xunit/VsTestRunner2/netcoreapp" className="SalesApi.Tests.Domain.Entities.SaleItemTests" name="SaleItem_WithHigherDiscount_ShouldCalculateCorrectly" />
    </UnitTest>
    <UnitTest name="SalesApi.Tests.Domain.Entities.ProductTests.Product_WithInvalidTitle_ShouldThrowArgumentException(invalidTitle: &quot;   &quot;)" storage="c:\projetos\salesapi\tests\bin\debug\net8.0\salesapi.tests.dll" id="736059d3-cd0d-c6ef-ac74-59612141e32e">
      <Execution id="eafa8a54-2145-4f36-baa2-7b5ff419ed4a" />
      <TestMethod codeBase="C:\Projetos\SalesApi\tests\bin\Debug\net8.0\SalesApi.Tests.dll" adapterTypeName="executor://xunit/VsTestRunner2/netcoreapp" className="SalesApi.Tests.Domain.Entities.ProductTests" name="Product_WithInvalidTitle_ShouldThrowArgumentException" />
    </UnitTest>
    <UnitTest name="SalesApi.Tests.Domain.Entities.SaleTests.Sale_AddItem_WithExistingProduct_ShouldUpdateQuantity" storage="c:\projetos\salesapi\tests\bin\debug\net8.0\salesapi.tests.dll" id="2719d18f-f10d-1966-5227-7ecd3e2f5362">
      <Execution id="5e278533-ab0b-42ef-8d82-e6a0e67c9581" />
      <TestMethod codeBase="C:\Projetos\SalesApi\tests\bin\Debug\net8.0\SalesApi.Tests.dll" adapterTypeName="executor://xunit/VsTestRunner2/netcoreapp" className="SalesApi.Tests.Domain.Entities.SaleTests" name="Sale_AddItem_WithExistingProduct_ShouldUpdateQuantity" />
    </UnitTest>
    <UnitTest name="SalesApi.Tests.Infrastructure.Repositories.UnitOfWorkTests.Products_ShouldReturnProductRepository" storage="c:\projetos\salesapi\tests\bin\debug\net8.0\salesapi.tests.dll" id="26072b4b-1469-58ee-d7ca-7332934163b4">
      <Execution id="91726b35-4275-4638-95f7-929f5d03ff9b" />
      <TestMethod codeBase="C:\Projetos\SalesApi\tests\bin\Debug\net8.0\SalesApi.Tests.dll" adapterTypeName="executor://xunit/VsTestRunner2/netcoreapp" className="SalesApi.Tests.Infrastructure.Repositories.UnitOfWorkTests" name="Products_ShouldReturnProductRepository" />
    </UnitTest>
    <UnitTest name="SalesApi.Tests.Application.Products.Commands.CreateProduct.CreateProductCommandHandlerTests.Handle_EmptyCategory_ShouldThrowArgumentException(category: &quot;&quot;)" storage="c:\projetos\salesapi\tests\bin\debug\net8.0\salesapi.tests.dll" id="1e28cea5-089d-3eae-7029-f4212df87e88">
      <Execution id="33bb549e-41a2-4736-8299-7cae892a06e8" />
      <TestMethod codeBase="C:\Projetos\SalesApi\tests\bin\Debug\net8.0\SalesApi.Tests.dll" adapterTypeName="executor://xunit/VsTestRunner2/netcoreapp" className="SalesApi.Tests.Application.Products.Commands.CreateProduct.CreateProductCommandHandlerTests" name="Handle_EmptyCategory_ShouldThrowArgumentException" />
    </UnitTest>
    <UnitTest name="SalesApi.Tests.Infrastructure.Mappings.MappingProfileTests.Map_SaleItemViewModel_To_SaleItem_WithDiscount" storage="c:\projetos\salesapi\tests\bin\debug\net8.0\salesapi.tests.dll" id="a0b4cd88-f38a-c560-2842-d7be566f027d">
      <Execution id="889aa685-118b-4287-9d86-b7ab77877f90" />
      <TestMethod codeBase="C:\Projetos\SalesApi\tests\bin\Debug\net8.0\SalesApi.Tests.dll" adapterTypeName="executor://xunit/VsTestRunner2/netcoreapp" className="SalesApi.Tests.Infrastructure.Mappings.MappingProfileTests" name="Map_SaleItemViewModel_To_SaleItem_WithDiscount" />
    </UnitTest>
    <UnitTest name="SalesApi.Tests.Domain.Entities.ProductTests.Product_WithInvalidDescription_ShouldThrowArgumentException(invalidDescription: &quot;   &quot;)" storage="c:\projetos\salesapi\tests\bin\debug\net8.0\salesapi.tests.dll" id="cec41b6c-b17c-8893-178d-a0c727085708">
      <Execution id="666b2ce4-588a-44fe-8966-b78e546e8acd" />
      <TestMethod codeBase="C:\Projetos\SalesApi\tests\bin\Debug\net8.0\SalesApi.Tests.dll" adapterTypeName="executor://xunit/VsTestRunner2/netcoreapp" className="SalesApi.Tests.Domain.Entities.ProductTests" name="Product_WithInvalidDescription_ShouldThrowArgumentException" />
    </UnitTest>
    <UnitTest name="SalesApi.Tests.Domain.Entities.SaleItemTests.SaleItem_UpdateQuantity_ShouldUpdateSuccessfully" storage="c:\projetos\salesapi\tests\bin\debug\net8.0\salesapi.tests.dll" id="1b468c9e-a019-dac2-96e8-cc42c7a665f5">
      <Execution id="db6de1be-6a6d-40d2-9eea-339393976e27" />
      <TestMethod codeBase="C:\Projetos\SalesApi\tests\bin\Debug\net8.0\SalesApi.Tests.dll" adapterTypeName="executor://xunit/VsTestRunner2/netcoreapp" className="SalesApi.Tests.Domain.Entities.SaleItemTests" name="SaleItem_UpdateQuantity_ShouldUpdateSuccessfully" />
    </UnitTest>
    <UnitTest name="SalesApi.Tests.Domain.Entities.SaleTests.Sale_AddItem_WithExistingProduct_WhenExceedingMaxQuantity_ShouldThrowException" storage="c:\projetos\salesapi\tests\bin\debug\net8.0\salesapi.tests.dll" id="077db20d-9541-47ae-fc45-fe13dc831f85">
      <Execution id="2667fc9b-c22f-48cb-bdd3-5aa3a01297f7" />
      <TestMethod codeBase="C:\Projetos\SalesApi\tests\bin\Debug\net8.0\SalesApi.Tests.dll" adapterTypeName="executor://xunit/VsTestRunner2/netcoreapp" className="SalesApi.Tests.Domain.Entities.SaleTests" name="Sale_AddItem_WithExistingProduct_WhenExceedingMaxQuantity_ShouldThrowException" />
    </UnitTest>
    <UnitTest name="SalesApi.Tests.Domain.Entities.SaleItemTests.SaleItem_SetSale_ShouldSetSaleSuccessfully" storage="c:\projetos\salesapi\tests\bin\debug\net8.0\salesapi.tests.dll" id="43b314a0-d925-6282-95af-e2343baa90a2">
      <Execution id="e352cf59-284e-4422-a5d4-1a19b182b1cb" />
      <TestMethod codeBase="C:\Projetos\SalesApi\tests\bin\Debug\net8.0\SalesApi.Tests.dll" adapterTypeName="executor://xunit/VsTestRunner2/netcoreapp" className="SalesApi.Tests.Domain.Entities.SaleItemTests" name="SaleItem_SetSale_ShouldSetSaleSuccessfully" />
    </UnitTest>
    <UnitTest name="SalesApi.Tests.SalesApiIntegrationTests.Should_Create_Sale_With_10PercentDiscount" storage="c:\projetos\salesapi\tests\bin\debug\net8.0\salesapi.tests.dll" id="623d5d26-5422-832a-2820-adb4395d2f94">
      <Execution id="716574de-61d0-4050-b871-b1a95a44a594" />
      <TestMethod codeBase="C:\Projetos\SalesApi\tests\bin\Debug\net8.0\SalesApi.Tests.dll" adapterTypeName="executor://xunit/VsTestRunner2/netcoreapp" className="SalesApi.Tests.SalesApiIntegrationTests" name="Should_Create_Sale_With_10PercentDiscount" />
    </UnitTest>
    <UnitTest name="SalesApi.Tests.Domain.Entities.SaleTests.Sale_Cancel_WhenNoItems_ShouldThrowDomainException" storage="c:\projetos\salesapi\tests\bin\debug\net8.0\salesapi.tests.dll" id="063cf01e-1d86-996c-40f2-3c070d2ffd1f">
      <Execution id="25f9d9cf-f107-4895-a927-caa45ff3ed52" />
      <TestMethod codeBase="C:\Projetos\SalesApi\tests\bin\Debug\net8.0\SalesApi.Tests.dll" adapterTypeName="executor://xunit/VsTestRunner2/netcoreapp" className="SalesApi.Tests.Domain.Entities.SaleTests" name="Sale_Cancel_WhenNoItems_ShouldThrowDomainException" />
    </UnitTest>
    <UnitTest name="SalesApi.Tests.Infrastructure.Repositories.ProductRepositoryTests.GetByIdAsync_WhenProductDoesNotExist_ShouldReturnNull" storage="c:\projetos\salesapi\tests\bin\debug\net8.0\salesapi.tests.dll" id="9b527640-b5f1-9a06-08e9-33a9f0122b4c">
      <Execution id="0009be0e-2d2f-4d8b-bf2e-81ed1ded1ac4" />
      <TestMethod codeBase="C:\Projetos\SalesApi\tests\bin\Debug\net8.0\SalesApi.Tests.dll" adapterTypeName="executor://xunit/VsTestRunner2/netcoreapp" className="SalesApi.Tests.Infrastructure.Repositories.ProductRepositoryTests" name="GetByIdAsync_WhenProductDoesNotExist_ShouldReturnNull" />
    </UnitTest>
    <UnitTest name="SalesApi.Tests.Infrastructure.Repositories.SaleRepositoryTests.GetByIdAsync_WhenSaleDoesNotExist_ShouldReturnNull" storage="c:\projetos\salesapi\tests\bin\debug\net8.0\salesapi.tests.dll" id="5a0441e1-31ff-d192-2eb2-ab6699512df3">
      <Execution id="90bed17d-0864-462b-b799-bfc7e5192a70" />
      <TestMethod codeBase="C:\Projetos\SalesApi\tests\bin\Debug\net8.0\SalesApi.Tests.dll" adapterTypeName="executor://xunit/VsTestRunner2/netcoreapp" className="SalesApi.Tests.Infrastructure.Repositories.SaleRepositoryTests" name="GetByIdAsync_WhenSaleDoesNotExist_ShouldReturnNull" />
    </UnitTest>
    <UnitTest name="SalesApi.Tests.Domain.Entities.SaleTests.Sale_WithInvalidSaleNumber_ShouldThrowDomainException(invalidSaleNumber: null)" storage="c:\projetos\salesapi\tests\bin\debug\net8.0\salesapi.tests.dll" id="81f796f3-b910-79ac-ce97-4d7dd66e3762">
      <Execution id="8ed9bedb-b12a-4275-9d98-96863419eb74" />
      <TestMethod codeBase="C:\Projetos\SalesApi\tests\bin\Debug\net8.0\SalesApi.Tests.dll" adapterTypeName="executor://xunit/VsTestRunner2/netcoreapp" className="SalesApi.Tests.Domain.Entities.SaleTests" name="Sale_WithInvalidSaleNumber_ShouldThrowDomainException" />
    </UnitTest>
    <UnitTest name="SalesApi.Tests.Infrastructure.Repositories.SaleRepositoryTests.GetByCustomerIdAsync_ShouldReturnSalesForCustomer" storage="c:\projetos\salesapi\tests\bin\debug\net8.0\salesapi.tests.dll" id="383648b7-8dbf-472b-bf1a-47291a863e19">
      <Execution id="c72be761-6d8b-4f8f-9d0e-b28001111cab" />
      <TestMethod codeBase="C:\Projetos\SalesApi\tests\bin\Debug\net8.0\SalesApi.Tests.dll" adapterTypeName="executor://xunit/VsTestRunner2/netcoreapp" className="SalesApi.Tests.Infrastructure.Repositories.SaleRepositoryTests" name="GetByCustomerIdAsync_ShouldReturnSalesForCustomer" />
    </UnitTest>
    <UnitTest name="SalesApi.Tests.Application.Products.Commands.CreateProduct.CreateProductCommandHandlerTests.Handle_EmptyCategory_ShouldThrowArgumentException(category: null)" storage="c:\projetos\salesapi\tests\bin\debug\net8.0\salesapi.tests.dll" id="b5fc2a40-7c4c-43b7-dee7-01e588b09a3d">
      <Execution id="97a4fdda-6f98-4057-956d-bc98f0a6815c" />
      <TestMethod codeBase="C:\Projetos\SalesApi\tests\bin\Debug\net8.0\SalesApi.Tests.dll" adapterTypeName="executor://xunit/VsTestRunner2/netcoreapp" className="SalesApi.Tests.Application.Products.Commands.CreateProduct.CreateProductCommandHandlerTests" name="Handle_EmptyCategory_ShouldThrowArgumentException" />
    </UnitTest>
    <UnitTest name="SalesApi.Tests.Domain.Entities.ProductTests.Product_WithValidData_ShouldCreateSuccessfully" storage="c:\projetos\salesapi\tests\bin\debug\net8.0\salesapi.tests.dll" id="b21b9893-1a8e-b77c-0f7a-2f53c95bb58c">
      <Execution id="ad3d8ed0-64ab-4923-9262-e856c13c7e6b" />
      <TestMethod codeBase="C:\Projetos\SalesApi\tests\bin\Debug\net8.0\SalesApi.Tests.dll" adapterTypeName="executor://xunit/VsTestRunner2/netcoreapp" className="SalesApi.Tests.Domain.Entities.ProductTests" name="Product_WithValidData_ShouldCreateSuccessfully" />
    </UnitTest>
    <UnitTest name="SalesApi.Tests.Application.Products.Queries.GetAllProducts.GetAllProductsQueryHandlerTests.Handle_ShouldReturnMappedProducts" storage="c:\projetos\salesapi\tests\bin\debug\net8.0\salesapi.tests.dll" id="5b0f88ba-10fe-c1d1-54a3-4979477326cc">
      <Execution id="8cdad7e9-9d67-4c59-b1ec-4c9b9ae05024" />
      <TestMethod codeBase="C:\Projetos\SalesApi\tests\bin\Debug\net8.0\SalesApi.Tests.dll" adapterTypeName="executor://xunit/VsTestRunner2/netcoreapp" className="SalesApi.Tests.Application.Products.Queries.GetAllProducts.GetAllProductsQueryHandlerTests" name="Handle_ShouldReturnMappedProducts" />
    </UnitTest>
    <UnitTest name="SalesApi.Tests.SalesApiIntegrationTests.Should_Apply_20Percent_Discount_For_10_To_20_Items" storage="c:\projetos\salesapi\tests\bin\debug\net8.0\salesapi.tests.dll" id="ad091dbb-ba9d-eb77-bbbe-bdccffff12e8">
      <Execution id="3a67f652-de08-4536-9191-419d13f3b578" />
      <TestMethod codeBase="C:\Projetos\SalesApi\tests\bin\Debug\net8.0\SalesApi.Tests.dll" adapterTypeName="executor://xunit/VsTestRunner2/netcoreapp" className="SalesApi.Tests.SalesApiIntegrationTests" name="Should_Apply_20Percent_Discount_For_10_To_20_Items" />
    </UnitTest>
[...]
    </UnitTest>
    <UnitTest name="SalesApi.Tests.Infrastructure.Repositories.UnitOfWorkTests.Dispose_ShouldDisposeContext" storage="c:\projetos\salesapi\tests\bin\debug\net8.0\salesapi.tests.dll" id="f81923f6-d7ae-1b49-5fc7-f857222b3603">
      <Execution id="c723864a-227f-4c41-83af-521cf0b4b8db" />
      <TestMethod codeBase="C:\Projetos\SalesApi\tests\bin\Debug\net8.0\SalesApi.Tests.dll" adapterTypeName="executor://xunit/VsTestRunner2/netcoreapp" className="SalesApi.Tests.Infrastructure.Repositories.UnitOfWorkTests" name="Dispose_ShouldDisposeContext" />
    </UnitTest>
    <UnitTest name="SalesApi.Tests.SalesApiIntegrationTests.Should_Cancel_Sale" storage="c:\projetos\salesapi\tests\bin\debug\net8.0\salesapi.tests.dll" id="7343f21c-a084-52ec-15a9-7428b7a484e6">
      <Execution id="ad4ad7de-03eb-4928-9530-184cfcf4155d" />
      <TestMethod codeBase="C:\Projetos\SalesApi\tests\bin\Debug\net8.0\SalesApi.Tests.dll" adapterTypeName="executor://xunit/VsTestRunner2/netcoreapp" className="SalesApi.Tests.SalesApiIntegrationTests" name="Should_Cancel_Sale" />
    </UnitTest>
    <UnitTest name="SalesApi.Tests.WebApi.Controllers.SalesControllerTests.CreateSale_ValidRequest_ReturnsOkResult" storage="c:\projetos\salesapi\tests\bin\debug\net8.0\salesapi.tests.dll" id="344519db-8b68-7ea4-a6c9-a9276dd6ade7">
      <Execution id="9e3c14f8-8444-4b7c-a371-fefa48db2d66" />
      <TestMethod codeBase="C:\Projetos\SalesApi\tests\bin\Debug\net8.0\SalesApi.Tests.dll" adapterTypeName="executor://xunit/VsTestRunner2/netcoreapp" className="SalesApi.Tests.WebApi.Controllers.SalesControllerTests" name="CreateSale_ValidRequest_ReturnsOkResult" />
    </UnitTest>
    <UnitTest name="SalesApi.Tests.Domain.Entities.SaleTests.Sale_WithInvalidSaleNumber_ShouldThrowDomainException(invalidSaleNumber: &quot;&quot;)" storage="c:\projetos\salesapi\tests\bin\debug\net8.0\salesapi.tests.dll" id="c5f0df7f-ea89-29bf-3476-842cb47c8a43">
      <Execution id="526ccdee-70be-4d8b-ba86-42cb16b2148e" />
      <TestMethod codeBase="C:\Projetos\SalesApi\tests\bin\Debug\net8.0\SalesApi.Tests.dll" adapterTypeName="executor://xunit/VsTestRunner2/netcoreapp" className="SalesApi.Tests.Domain.Entities.SaleTests" name="Sale_WithInvalidSaleNumber_ShouldThrowDomainException" />
    </UnitTest>
    <UnitTest name="SalesApi.Tests.Domain.Entities.ProductTests.Product_WithInvalidTitle_ShouldThrowArgumentException(invalidTitle: null)" storage="c:\projetos\salesapi\tests\bin\debug\net8.0\salesapi.tests.dll" id="72de0a7d-41d9-7767-aadb-3561d7c80498">
      <Execution id="0abf7486-adcd-4351-a5ad-5e63ad2a5066" />
      <TestMethod codeBase="C:\Projetos\SalesApi\tests\bin\Debug\net8.0\SalesApi.Tests.dll" adapterTypeName="executor://xunit/VsTestRunner2/netcoreapp" className="SalesApi.Tests.Domain.Entities.ProductTests" name="Product_WithInvalidTitle_ShouldThrowArgumentException" />
    </UnitTest>
    <UnitTest name="SalesApi.Tests.Domain.Entities.ProductTests.Product_WithInvalidDescription_ShouldThrowArgumentException(invalidDescription: &quot;&quot;)" storage="c:\projetos\salesapi\tests\bin\debug\net8.0\salesapi.tests.dll" id="dd127a08-603c-f7e4-95d7-75c977e28e17">
      <Execution id="82de24ad-54a5-485a-a4ec-29229ba582a6" />
      <TestMethod codeBase="C:\Projetos\SalesApi\tests\bin\Debug\net8.0\SalesApi.Tests.dll" adapterTypeName="executor://xunit/VsTestRunner2/netcoreapp" className="SalesApi.Tests.Domain.Entities.ProductTests" name="Product_WithInvalidDescription_ShouldThrowArgumentException" />
    </UnitTest>
    <UnitTest name="SalesApi.Tests.Domain.Entities.ProductTests.Product_UpdateTitle_ShouldUpdateSuccessfully" storage="c:\projetos\salesapi\tests\bin\debug\net8.0\salesapi.tests.dll" id="728f0d77-144c-0098-0b92-52a117d163ca">
      <Execution id="576ca307-4409-4f0a-9071-533d1f230960" />
      <TestMethod codeBase="C:\Projetos\SalesApi\tests\bin\Debug\net8.0\SalesApi.Tests.dll" adapterTypeName="executor://xunit/VsTestRunner2/netcoreapp" className="SalesApi.Tests.Domain.Entities.ProductTests" name="Product_UpdateTitle_ShouldUpdateSuccessfully" />
    </UnitTest>
    <UnitTest name="SalesApi.Tests.Infrastructure.Repositories.SaleRepositoryTests.GetByIdAsync_WhenSaleExists_ShouldReturnSale" storage="c:\projetos\salesapi\tests\bin\debug\net8.0\salesapi.tests.dll" id="dc56ec15-86b1-1595-2b19-2545b7abec23">
      <Execution id="0f1b5966-7685-4cef-9946-551923d11b12" />
      <TestMethod codeBase="C:\Projetos\SalesApi\tests\bin\Debug\net8.0\SalesApi.Tests.dll" adapterTypeName="executor://xunit/VsTestRunner2/netcoreapp" className="SalesApi.Tests.Infrastructure.Repositories.SaleRepositoryTests" name="GetByIdAsync_WhenSaleExists_ShouldReturnSale" />
    </UnitTest>
    <UnitTest name="SalesApi.Tests.Application.Products.Commands.CreateProduct.CreateProductCommandHandlerTests.Handle_SaveChangesFails_ShouldThrowException" storage="c:\projetos\salesapi\tests\bin\debug\net8.0\salesapi.tests.dll" id="3d07eedc-1969-6e4b-ba81-d3fd7a554405">
      <Execution id="78def853-1667-4ec0-aff2-c0813fcc1720" />
      <TestMethod codeBase="C:\Projetos\SalesApi\tests\bin\Debug\net8.0\SalesApi.Tests.dll" adapterTypeName="executor://xunit/VsTestRunner2/netcoreapp" className="SalesApi.Tests.Application.Products.Commands.CreateProduct.CreateProductCommandHandlerTests" name="Handle_SaveChangesFails_ShouldThrowException" />
    </UnitTest>
    <UnitTest name="SalesApi.Tests.Domain.Entities.SaleItemTests.SaleItem_WithValidData_ShouldCreateSuccessfully" storage="c:\projetos\salesapi\tests\bin\debug\net8.0\salesapi.tests.dll" id="b01fbcb1-8deb-dadf-38ee-73511fd0bc32">
      <Execution id="24de8515-b499-419e-af33-e818c8ac955b" />
      <TestMethod codeBase="C:\Projetos\SalesApi\tests\bin\Debug\net8.0\SalesApi.Tests.dll" adapterTypeName="executor://xunit/VsTestRunner2/netcoreapp" className="SalesApi.Tests.Domain.Entities.SaleItemTests" name="SaleItem_WithValidData_ShouldCreateSuccessfully" />
    </UnitTest>
  </TestDefinitions>
  <TestEntries>
    <TestEntry testId="a0b4cd88-f38a-c560-2842-d7be566f027d" executionId="889aa685-118b-4287-9d86-b7ab77877f90" testListId="8c84fa94-04c1-424b-9868-57a2d4851a1d" />
    <TestEntry testId="81f796f3-b910-79ac-ce97-4d7dd66e3762" executionId="8ed9bedb-b12a-4275-9d98-96863419eb74" testListId="8c84fa94-04c1-424b-9868-57a2d4851a1d" />
    <TestEntry testId="539a7cd9-2e0c-5c20-48af-bf0b7d17c44a" executionId="72beeae7-9684-4fb4-b1a5-516a12bf6190" testListId="8c84fa94-04c1-424b-9868-57a2d4851a1d" />
    <TestEntry testId="e85d7bbf-95eb-26e2-2e4d-b051648a205b" executionId="69f9ff8f-6b6c-4261-955e-8fda9853077d" testListId="8c84fa94-04c1-424b-9868-57a2d4851a1d" />
    <TestEntry testId="077db20d-9541-47ae-fc45-fe13dc831f85" executionId="2667fc9b-c22f-48cb-bdd3-5aa3a01297f7" testListId="8c84fa94-04c1-424b-9868-57a2d4851a1d" />
    <TestEntry testId="fdcb0ef0-f66f-7e01-21e3-7e619655d7a2" executionId="b92ec559-2c5d-4337-ac06-e20bfdc60379" testListId="8c84fa94-04c1-424b-9868-57a2d4851a1d" />
    <TestEntry testId="f5dc0a55-d6c7-970c-78ac-703c7436ff82" executionId="abe5cb14-5723-4ddf-a967-66b97b381e93" testListId="8c84fa94-04c1-424b-9868-57a2d4851a1d" />
    <TestEntry testId="f06a8557-7cd6-7b19-d916-971d8d32845f" executionId="2452949a-c14c-4a2f-aa48-5824d2e49141" testListId="8c84fa94-04c1-424b-9868-57a2d4851a1d" />
    <TestEntry testId="30b969b8-370a-f0d5-ee99-c2eb44faffe3" executionId="df3f40dd-5c24-4673-9546-724e5c84a519" testListId="8c84fa94-04c1-424b-9868-57a2d4851a1d" />
    <TestEntry testId="cec41b6c-b17c-8893-178d-a0c727085708" executionId="666b2ce4-588a-44fe-8966-b78e546e8acd" testListId="8c84fa94-04c1-424b-9868-57a2d4851a1d" />
    <TestEntry testId="43b314a0-d925-6282-95af-e2343baa90a2" executionId="e352cf59-284e-4422-a5d4-1a19b182b1cb" testListId="8c84fa94-04c1-424b-9868-57a2d4851a1d" />
    <TestEntry testId="1b468c9e-a019-dac2-96e8-cc42c7a665f5" executionId="db6de1be-6a6d-40d2-9eea-339393976e27" testListId="8c84fa94-04c1-424b-9868-57a2d4851a1d" />
    <TestEntry testId="5b0f88ba-10fe-c1d1-54a3-4979477326cc" executionId="8cdad7e9-9d67-4c59-b1ec-4c9b9ae05024" testListId="8c84fa94-04c1-424b-9868-57a2d4851a1d" />
    <TestEntry testId="dc56ec15-86b1-1595-2b19-2545b7abec23" executionId="0f1b5966-7685-4cef-9946-551923d11b12" testListId="8c84fa94-04c1-424b-9868-57a2d4851a1d" />
    <TestEntry testId="635556ff-b51a-befa-43ea-5bb74d6d4a29" executionId="4be0f144-ed9d-4dc2-b87e-5d86ab8ac3e0" testListId="8c84fa94-04c1-424b-9868-57a2d4851a1d" />
    <TestEntry testId="1e28cea5-089d-3eae-7029-f4212df87e88" executionId="33bb549e-41a2-4736-8299-7cae892a06e8" testListId="8c84fa94-04c1-424b-9868-57a2d4851a1d" />
    <TestEntry testId="8b8901b9-88b3-8eef-8d72-1ec4b444f67b" executionId="29feecee-9654-4ce4-ad88-f89deeb7dfc0" testListId="8c84fa94-04c1-424b-9868-57a2d4851a1d" />
    <TestEntry testId="1d8162c6-cf61-3eae-922e-b2c953c41cd7" executionId="3bbf2cc5-d0a5-4ccc-9d60-9f90bc81099d" testListId="8c84fa94-04c1-424b-9868-57a2d4851a1d" />
    <TestEntry testId="17e9e6dc-d59f-aa1f-96e0-894605c403f9" executionId="788ba932-88be-4d7f-bcfb-ac47d7574945" testListId="8c84fa94-04c1-424b-9868-57a2d4851a1d" />
    <TestEntry testId="b5fc2a40-7c4c-43b7-dee7-01e588b09a3d" executionId="97a4fdda-6f98-4057-956d-bc98f0a6815c" testListId="8c84fa94-04c1-424b-9868-57a2d4851a1d" />
    <TestEntry testId="1c0c9c5f-5890-94f6-cb2a-641fbd244af0" executionId="a4af4257-e791-4467-96d5-4f54283bbade" testListId="8c84fa94-04c1-424b-9868-57a2d4851a1d" />
    <TestEntry testId="6830bcdb-5523-e7b2-7b8d-5831742e7d5f" executionId="573277e4-2312-4276-b6cf-c47d68a44505" testListId="8c84fa94-04c1-424b-9868-57a2d4851a1d" />
    <TestEntry testId="2ed74bc9-938d-8c0e-9dca-3bfd4fe7e17f" executionId="3a1f49b6-5d72-45c7-a48f-f4d4853529b7" testListId="8c84fa94-04c1-424b-9868-57a2d4851a1d" />
    <TestEntry testId="4e14a4a4-8cff-1212-4ff0-83d8ec49f5d8" executionId="42a0a041-5bc0-4c03-ae55-b285e125056b" testListId="8c84fa94-04c1-424b-9868-57a2d4851a1d" />
    <TestEntry testId="050885c9-dac9-7348-5a46-a7e3c3eac6da" executionId="7da842bf-d1d8-43dd-9bba-b1acff2da15f" testListId="8c84fa94-04c1-424b-9868-57a2d4851a1d" />
    <TestEntry testId="7af21914-4519-5a54-e1ce-d992023c80a1" executionId="4934acf8-0ce2-4849-8f35-943480837620" testListId="8c84fa94-04c1-424b-9868-57a2d4851a1d" />
    <TestEntry testId="aed291df-f0c6-d17b-6b71-2ad43b377c37" executionId="d9c3c9d3-e98a-4119-bab0-f4ac429a805b" testListId="8c84fa94-04c1-424b-9868-57a2d4851a1d" />
    <TestEntry testId="0b56492f-95a1-dd4b-4bf3-ced8550c915a" executionId="c19b8cf1-aad2-40af-9eb5-74d8d87bfe04" testListId="8c84fa94-04c1-424b-9868-57a2d4851a1d" />
    <TestEntry testId="a21b9ae1-e17d-b9f5-09e0-6d166bd2afa4" executionId="94b744df-8391-439f-9196-b1e18a362ec8" testListId="8c84fa94-04c1-424b-9868-57a2d4851a1d" />
    <TestEntry testId="03b6a7c2-3d88-d402-37d0-0882c60116b7" executionId="af638abf-dd46-4d51-831e-c5a56b558adf" testListId="8c84fa94-04c1-424b-9868-57a2d4851a1d" />
    <TestEntry testId="7343f21c-a084-52ec-15a9-7428b7a484e6" executionId="ad4ad7de-03eb-4928-9530-184cfcf4155d" testListId="8c84fa94-04c1-424b-9868-57a2d4851a1d" />
    <TestEntry testId="2c791600-54b7-7ae0-af7e-9f443708ddbe" executionId="8f564a00-9421-4f0e-8ec3-451d77a17c9b" testListId="8c84fa94-04c1-424b-9868-57a2d4851a1d" />
    <TestEntry testId="623d5d26-5422-832a-2820-adb4395d2f94" executionId="716574de-61d0-4050-b871-b1a95a44a594" testListId="8c84fa94-04c1-424b-9868-57a2d4851a1d" />
    <TestEntry testId="344519db-8b68-7ea4-a6c9-a9276dd6ade7" executionId="9e3c14f8-8444-4b7c-a371-fefa48db2d66" testListId="8c84fa94-04c1-424b-9868-57a2d4851a1d" />
    <TestEntry testId="93a9b03d-121f-2bfe-6018-583ffcb4c054" executionId="984f4728-680f-4e92-9379-ff46423b39dd" testListId="8c84fa94-04c1-424b-9868-57a2d4851a1d" />
    <TestEntry testId="e4f7c61e-a7b6-294b-ac49-81629b19b547" executionId="15ce9f1b-7301-4129-9fcd-19fe42d94621" testListId="8c84fa94-04c1-424b-9868-57a2d4851a1d" />
    <TestEntry testId="112a6cec-d0f7-a314-ceac-aafe5fe4bae8" executionId="3c5a44fd-b60b-452c-a799-1c99478ada0f" testListId="8c84fa94-04c1-424b-9868-57a2d4851a1d" />
    <TestEntry testId="dd127a08-603c-f7e4-95d7-75c977e28e17" executionId="82de24ad-54a5-485a-a4ec-29229ba582a6" testListId="8c84fa94-04c1-424b-9868-57a2d4851a1d" />
    <TestEntry testId="fc9d1d96-6597-a93e-f444-c17465638448" executionId="b7519b49-e576-411b-ad51-93d7f4211f77" testListId="8c84fa94-04c1-424b-9868-57a2d4851a1d" />
    <TestEntry testId="91f2249b-ca5b-e54a-e671-e9d2e35328df" executionId="cccdc8de-3654-477c-8cb7-7561bca04795" testListId="8c84fa94-04c1-424b-9868-57a2d4851a1d" />
    <TestEntry testId="edf8c7a7-f0ff-ed66-f5e5-e68ae9a2551b" executionId="7b0688cb-3338-4048-833d-ddbcbfc308a2" testListId="8c84fa94-04c1-424b-9868-57a2d4851a1d" />
    <TestEntry testId="063cf01e-1d86-996c-40f2-3c070d2ffd1f" executionId="25f9d9cf-f107-4895-a927-caa45ff3ed52" testListId="8c84fa94-04c1-424b-9868-57a2d4851a1d" />
    <TestEntry testId="3bf002ef-6e17-ddf2-64b8-30464c5e2697" executionId="6c5eeffa-30a5-4af1-ada2-23ac6a8e4a99" testListId="8c84fa94-04c1-424b-9868-57a2d4851a1d" />
    <TestEntry testId="f43b6b0a-c2e9-efe2-ece0-f6c84b44a295" executionId="5500ab02-bc70-4501-aa9d-a4b7729ab973" testListId="8c84fa94-04c1-424b-9868-57a2d4851a1d" />
    <TestEntry testId="f81923f6-d7ae-1b49-5fc7-f857222b3603" executionId="c723864a-227f-4c41-83af-521cf0b4b8db" testListId="8c84fa94-04c1-424b-9868-57a2d4851a1d" />
    <TestEntry testId="26072b4b-1469-58ee-d7ca-7332934163b4" executionId="91726b35-4275-4638-95f7-929f5d03ff9b" testListId="8c84fa94-04c1-424b-9868-57a2d4851a1d" />
    <TestEntry testId="899c574e-8ee9-5de6-b292-7377cf2e78c7" executionId="3466790a-6d28-4f68-bd43-7f4555954e23" testListId="8c84fa94-04c1-424b-9868-57a2d4851a1d" />
    <TestEntry testId="736059d3-cd0d-c6ef-ac74-59612141e32e" executionId="eafa8a54-2145-4f36-baa2-7b5ff419ed4a" testListId="8c84fa94-04c1-424b-9868-57a2d4851a1d" />
    <TestEntry testId="73b0f17c-06c0-36ac-c808-544996a14c81" executionId="aa0fb02b-212a-460f-8b6e-d088abd65cd6" testListId="8c84fa94-04c1-424b-9868-57a2d4851a1d" />
    <TestEntry testId="3d07eedc-1969-6e4b-ba81-d3fd7a554405" executionId="78def853-1667-4ec0-aff2-c0813fcc1720" testListId="8c84fa94-04c1-424b-9868-57a2d4851a1d" />
    <TestEntry testId="93fca812-33c1-3761-3cd1-178bc086bc68" executionId="1a02326a-ecb9-46d4-985d-95e623ae8ce9" testListId="8c84fa94-04c1-424b-9868-57a2d4851a1d" />
    <TestEntry testId="f3fe1f5e-ae2f-af17-80d5-bd7f33f1f738" executionId="58e35387-a9b8-4a8d-a477-fb635e3836af" testListId="8c84fa94-04c1-424b-9868-57a2d4851a1d" />
    <TestEntry testId="66668d44-a1c8-becf-9493-804434f23faf" executionId="87069a2c-4a57-4ee2-84d9-6589fb20b700" testListId="8c84fa94-04c1-424b-9868-57a2d4851a1d" />
    <TestEntry testId="d7f73c86-752c-f0d6-5ba9-913e909464cd" executionId="bed27957-8cc1-4271-8616-121d1c234297" testListId="8c84fa94-04c1-424b-9868-57a2d4851a1d" />
    <TestEntry testId="a92d6f56-aca2-871b-e891-13997bb49fa6" executionId="420d30b1-eaed-474d-a198-90159166dbaa" testListId="8c84fa94-04c1-424b-9868-57a2d4851a1d" />
    <TestEntry testId="2719d18f-f10d-1966-5227-7ecd3e2f5362" executionId="5e278533-ab0b-42ef-8d82-e6a0e67c9581" testListId="8c84fa94-04c1-424b-9868-57a2d4851a1d" />
    <TestEntry testId="9b527640-b5f1-9a06-08e9-33a9f0122b4c" executionId="0009be0e-2d2f-4d8b-bf2e-81ed1ded1ac4" testListId="8c84fa94-04c1-424b-9868-57a2d4851a1d" />
    <TestEntry testId="3d6f8efc-ec8a-d5a4-dcd6-6a7bd6f87982" executionId="15fcfe97-0aaa-4b22-984a-f8531a5e4dc4" testListId="8c84fa94-04c1-424b-9868-57a2d4851a1d" />
    <TestEntry testId="728f0d77-144c-0098-0b92-52a117d163ca" executionId="576ca307-4409-4f0a-9071-533d1f230960" testListId="8c84fa94-04c1-424b-9868-57a2d4851a1d" />
    <TestEntry testId="5cbcaddd-3a99-80a7-4836-78e5ae1f5083" executionId="60f9a619-6bcb-4cb2-88d8-1e927a100ef3" testListId="8c84fa94-04c1-424b-9868-57a2d4851a1d" />
    <TestEntry testId="ca23fb70-52fe-a315-a23b-be521f68daf3" executionId="eb0b6993-17b9-4193-9262-344c608ff1e1" testListId="8c84fa94-04c1-424b-9868-57a2d4851a1d" />
    <TestEntry testId="c5f0df7f-ea89-29bf-3476-842cb47c8a43" executionId="526ccdee-70be-4d8b-ba86-42cb16b2148e" testListId="8c84fa94-04c1-424b-9868-57a2d4851a1d" />
    <TestEntry testId="5a0441e1-31ff-d192-2eb2-ab6699512df3" executionId="90bed17d-0864-462b-b799-bfc7e5192a70" testListId="8c84fa94-04c1-424b-9868-57a2d4851a1d" />
    <TestEntry testId="0bba7a41-3a7c-cc03-2af0-b7298818251f" executionId="8e2f1a85-9789-428b-bca7-9490da04a89f" testListId="8c84fa94-04c1-424b-9868-57a2d4851a1d" />
    <TestEntry testId="1f53c978-9373-bc2f-179e-3a15122d482c" executionId="b2b29ced-a4b8-4fb2-ac28-aeb0a52a3910" testListId="8c84fa94-04c1-424b-9868-57a2d4851a1d" />
    <TestEntry testId="53c41976-6d39-0bf9-6f6f-869b02a3e64d" executionId="2209fbf6-e214-4acf-a4b2-fabea6318778" testListId="8c84fa94-04c1-424b-9868-57a2d4851a1d" />
    <TestEntry testId="67fa5247-c7cf-3b3e-fac8-83a3ea9566ed" executionId="99e81bec-39c4-4ed0-8d60-2002688199ba" testListId="8c84fa94-04c1-424b-9868-57a2d4851a1d" />
    <TestEntry testId="8bcb8b3e-58f2-2c2b-e778-790cbbb562ff" executionId="f2f0d0f0-2be0-4e4e-b69f-6003f67b7214" testListId="8c84fa94-04c1-424b-9868-57a2d4851a1d" />
    <TestEntry testId="67e6484b-241c-963f-2196-2613821741e9" executionId="cab863b0-2dca-4853-b776-819d28e8aebf" testListId="8c84fa94-04c1-424b-9868-57a2d4851a1d" />
    <TestEntry testId="c4a1f45d-9b88-a51d-0140-186d8f1703a9" executionId="007075bb-3f14-4e63-b8ae-ec3a41c20032" testListId="8c84fa94-04c1-424b-9868-57a2d4851a1d" />
    <TestEntry testId="72de0a7d-41d9-7767-aadb-3561d7c80498" executionId="0abf7486-adcd-4351-a5ad-5e63ad2a5066" testListId="8c84fa94-04c1-424b-9868-57a2d4851a1d" />
    <TestEntry testId="c68b5359-2cdc-5833-886a-4f37e5dcffb5" executionId="cbe6eff3-0c9f-41cd-a4f2-7830ca3e22a4" testListId="8c84fa94-04c1-424b-9868-57a2d4851a1d" />
    <TestEntry testId="a2431f1a-e3a2-0613-0aa7-52c5bb15cd2c" executionId="d6873dfb-a67e-405a-b16e-2308fff45376" testListId="8c84fa94-04c1-424b-9868-57a2d4851a1d" />
    <TestEntry testId="d9d5a1e9-0f89-3ce0-6d22-7ae0645b5455" executionId="85eb948b-4714-48a4-af84-cc39b1c7c94c" testListId="8c84fa94-04c1-424b-9868-57a2d4851a1d" />
    <TestEntry testId="383648b7-8dbf-472b-bf1a-47291a863e19" executionId="c72be761-6d8b-4f8f-9d0e-b28001111cab" testListId="8c84fa94-04c1-424b-9868-57a2d4851a1d" />
    <TestEntry testId="ad091dbb-ba9d-eb77-bbbe-bdccffff12e8" executionId="3a67f652-de08-4536-9191-419d13f3b578" testListId="8c84fa94-04c1-424b-9868-57a2d4851a1d" />
    <TestEntry testId="230d869f-c227-5dc8-18da-2feb68555f80" executionId="2aaec30b-9725-42d0-9783-02535449f813" testListId="8c84fa94-04c1-424b-9868-57a2d4851a1d" />
    <TestEntry testId="b21b9893-1a8e-b77c-0f7a-2f53c95bb58c" executionId="ad3d8ed0-64ab-4923-9262-e856c13c7e6b" testListId="8c84fa94-04c1-424b-9868-57a2d4851a1d" />
    <TestEntry testId="b01fbcb1-8deb-dadf-38ee-73511fd0bc32" executionId="24de8515-b499-419e-af33-e818c8ac955b" testListId="8c84fa94-04c1-424b-9868-57a2d4851a1d" />
  </TestEntries>
  <TestLists>
    <TestList name="Resultados que não estão em uma lista" id="8c84fa94-04c1-424b-9868-57a2d4851a1d" />
    <TestList name="Todos os resultados carregados" id="19431567-8539-422a-85d7-44ee4e166bda" />
  </TestLists>
  <ResultSummary outcome="Completed">
    <Counters total="79" executed="79" passed="79" failed="0" error="0" timeout="0" aborted="0" inconclusive="0" passedButRunAborted="0" notRunnable="0" notExecuted="0" disconnected="0" warning="0" completed="0" inProgress="0" pending="0" />
    <Output>
      <StdOut>[xUnit.net 00:00:00.00] xUnit.net VSTest Adapter v2.5.6+bf9b858c26 (64-bit .NET 8.0.14)&#xD;
[xUnit.net 00:00:00.26]   Discovering: SalesApi.Tests&#xD;
[xUnit.net 00:00:00.34]   Discovered:  SalesApi.Tests&#xD;
[xUnit.net 00:00:00.34]   Starting:    SalesApi.Tests&#xD;
[xUnit.net 00:00:25.20]   Finished:    SalesApi.Tests&#xD;
</StdOut>
    </Output>
  </ResultSummary>
</TestRun>