<?xml version="1.0" encoding="utf-8"?>
<TestRun id="09e25599-8c17-449a-a220-3e5b8fd9f87c" name="corre@BOOK-4J7LKOUHJ1 2025-05-22 21:21:06" runUser="BOOK-4J7LKOUHJ1\corre" xmlns="http://microsoft.com/schemas/VisualStudio/TeamTest/2010">
  <Times creation="2025-05-22T21:21:06.8046797-03:00" queuing="2025-05-22T21:21:06.8046803-03:00" start="2025-05-22T21:21:05.6791053-03:00" finish="2025-05-22T21:21:07.6587179-03:00" />
  <TestSettings name="default" id="4ddacf9c-235f-4a40-9501-5d29360dfaca">
    <Deployment runDeploymentRoot="corre_BOOK-4J7LKOUHJ1_2025-05-22_21_21_06" />
  </TestSettings>
  <Results>
    <UnitTestResult executionId="71cb0c63-2a1b-4c8b-897b-b3a11b2c5f6e" testId="ca23fb70-52fe-a315-a23b-be521f68daf3" testName="SalesApi.Tests.Domain.Entities.SaleItemTests.SaleItem_WithInvalidQuantity_ShouldThrowArgumentException(invalidQuantity: 0)" computerName="BOOK-4J7LKOUHJ1" duration="00:00:00.0006893" startTime="2025-05-22T21:21:06.7791468-03:00" endTime="2025-05-22T21:21:06.7791469-03:00" testType="13cdc9d9-ddb5-4fa4-a97d-d965ccfc6d4b" outcome="Passed" testListId="8c84fa94-04c1-424b-9868-57a2d4851a1d" relativeResultsDirectory="71cb0c63-2a1b-4c8b-897b-b3a11b2c5f6e" />
    <UnitTestResult executionId="a589f8a0-1ab5-47d1-b921-9b4d3a25a711" testId="b21b9893-1a8e-b77c-0f7a-2f53c95bb58c" testName="SalesApi.Tests.Domain.Entities.ProductTests.Product_WithValidData_ShouldCreateSuccessfully" computerName="BOOK-4J7LKOUHJ1" duration="00:00:00.0015230" startTime="2025-05-22T21:21:06.7916467-03:00" endTime="2025-05-22T21:21:06.7916468-03:00" testType="13cdc9d9-ddb5-4fa4-a97d-d965ccfc6d4b" outcome="Passed" testListId="8c84fa94-04c1-424b-9868-57a2d4851a1d" relativeResultsDirectory="a589f8a0-1ab5-47d1-b921-9b4d3a25a711" />
    <UnitTestResult executionId="99f2fc07-0b06-4ecf-8d46-85e61cafeff5" testId="336d99ec-aa07-9f7f-5016-01130aa9309f" testName="SalesApi.Tests.Application.Sales.Commands.CreateSale.CreateSaleCommandHandlerTests.Handle_EmptyCustomerEmail_ShouldThrowArgumentException" computerName="BOOK-4J7LKOUHJ1" duration="00:00:00.5726419" startTime="2025-05-22T21:21:06.8603257-03:00" endTime="2025-05-22T21:21:06.8603260-03:00" testType="13cdc9d9-ddb5-4fa4-a97d-d965ccfc6d4b" outcome="Passed" testListId="8c84fa94-04c1-424b-9868-57a2d4851a1d" relativeResultsDirectory="99f2fc07-0b06-4ecf-8d46-85e61cafeff5" />
    <UnitTestResult executionId="18935a4a-422a-4549-b916-2fbc18c30344" testId="635556ff-b51a-befa-43ea-5bb74d6d4a29" testName="SalesApi.Tests.Application.Sales.Commands.CreateSale.CreateSaleCommandHandlerTests.Handle_SaveChangesFails_ShouldThrowException" computerName="BOOK-4J7LKOUHJ1" duration="00:00:00.0021146" startTime="2025-05-22T21:21:06.8855642-03:00" endTime="2025-05-22T21:21:06.8855643-03:00" testType="13cdc9d9-ddb5-4fa4-a97d-d965ccfc6d4b" outcome="Passed" testListId="8c84fa94-04c1-424b-9868-57a2d4851a1d" relativeResultsDirectory="18935a4a-422a-4549-b916-2fbc18c30344" />
    <UnitTestResult executionId="7e9b6517-6a19-4b90-b984-5b1c5acdb32c" testId="b01fbcb1-8deb-dadf-38ee-73511fd0bc32" testName="SalesApi.Tests.Domain.Entities.SaleItemTests.SaleItem_WithValidData_ShouldCreateSuccessfully" computerName="BOOK-4J7LKOUHJ1" duration="00:00:00.0001926" startTime="2025-05-22T21:21:06.7915313-03:00" endTime="2025-05-22T21:21:06.7915313-03:00" testType="13cdc9d9-ddb5-4fa4-a97d-d965ccfc6d4b" outcome="Passed" testListId="8c84fa94-04c1-424b-9868-57a2d4851a1d" relativeResultsDirectory="7e9b6517-6a19-4b90-b984-5b1c5acdb32c" />
    <UnitTestResult executionId="4e9411b0-42a3-49bf-8ee8-dcb5c4aae5d7" testId="3d07eedc-1969-6e4b-ba81-d3fd7a554405" testName="SalesApi.Tests.Application.Products.Commands.CreateProduct.CreateProductCommandHandlerTests.Handle_SaveChangesFails_ShouldThrowException" computerName="BOOK-4J7LKOUHJ1" duration="00:00:00.0071883" startTime="2025-05-22T21:21:06.8765400-03:00" endTime="2025-05-22T21:21:06.8765403-03:00" testType="13cdc9d9-ddb5-4fa4-a97d-d965ccfc6d4b" outcome="Passed" testListId="8c84fa94-04c1-424b-9868-57a2d4851a1d" relativeResultsDirectory="4e9411b0-42a3-49bf-8ee8-dcb5c4aae5d7" />
    <UnitTestResult executionId="3201db90-0bbb-470c-84c5-302fe66a052d" testId="67e6484b-241c-963f-2196-2613821741e9" testName="SalesApi.Tests.Domain.Entities.SaleItemTests.SaleItem_WithHigherDiscount_ShouldCalculateCorrectly" computerName="BOOK-4J7LKOUHJ1" duration="00:00:00.4724612" startTime="2025-05-22T21:21:06.7676805-03:00" endTime="2025-05-22T21:21:06.7677013-03:00" testType="13cdc9d9-ddb5-4fa4-a97d-d965ccfc6d4b" outcome="Passed" testListId="8c84fa94-04c1-424b-9868-57a2d4851a1d" relativeResultsDirectory="3201db90-0bbb-470c-84c5-302fe66a052d" />
    <UnitTestResult executionId="1812fcdc-5226-4001-829b-2e166ce59779" testId="43b314a0-d925-6282-95af-e2343baa90a2" testName="SalesApi.Tests.Domain.Entities.SaleItemTests.SaleItem_SetSale_ShouldSetSaleSuccessfully" computerName="BOOK-4J7LKOUHJ1" duration="00:00:00.0013323" startTime="2025-05-22T21:21:06.7914743-03:00" endTime="2025-05-22T21:21:06.7914744-03:00" testType="13cdc9d9-ddb5-4fa4-a97d-d965ccfc6d4b" outcome="Passed" testListId="8c84fa94-04c1-424b-9868-57a2d4851a1d" relativeResultsDirectory="1812fcdc-5226-4001-829b-2e166ce59779" />
    <UnitTestResult executionId="cb0a175f-271f-4561-9b74-0272dcd0aa93" testId="66668d44-a1c8-becf-9493-804434f23faf" testName="SalesApi.Tests.Infrastructure.Mappings.MappingProfileTests.Map_Sale_To_SaleViewModel_WithDiscount" computerName="BOOK-4J7LKOUHJ1" duration="00:00:00.0128591" startTime="2025-05-22T21:21:06.8917756-03:00" endTime="2025-05-22T21:21:06.8917761-03:00" testType="13cdc9d9-ddb5-4fa4-a97d-d965ccfc6d4b" outcome="Passed" testListId="8c84fa94-04c1-424b-9868-57a2d4851a1d" relativeResultsDirectory="cb0a175f-271f-4561-9b74-0272dcd0aa93" />
    <UnitTestResult executionId="997f721a-3a81-4f56-990a-440b97940a8b" testId="3d6f8efc-ec8a-d5a4-dcd6-6a7bd6f87982" testName="SalesApi.Tests.Domain.Entities.ProductTests.Product_WithInvalidCategory_ShouldThrowArgumentException(invalidCategory: null)" computerName="BOOK-4J7LKOUHJ1" duration="00:00:00.0004871" startTime="2025-05-22T21:21:06.7914278-03:00" endTime="2025-05-22T21:21:06.7914279-03:00" testType="13cdc9d9-ddb5-4fa4-a97d-d965ccfc6d4b" outcome="Passed" testListId="8c84fa94-04c1-424b-9868-57a2d4851a1d" relativeResultsDirectory="997f721a-3a81-4f56-990a-440b97940a8b" />
    <UnitTestResult executionId="4f2df9a2-11b3-4cdf-8f1b-f7f6898b053e" testId="1b468c9e-a019-dac2-96e8-cc42c7a665f5" testName="SalesApi.Tests.Domain.Entities.SaleItemTests.SaleItem_UpdateQuantity_ShouldUpdateSuccessfully" computerName="BOOK-4J7LKOUHJ1" duration="00:00:00.0015298" startTime="2025-05-22T21:21:06.7709723-03:00" endTime="2025-05-22T21:21:06.7709723-03:00" testType="13cdc9d9-ddb5-4fa4-a97d-d965ccfc6d4b" outcome="Passed" testListId="8c84fa94-04c1-424b-9868-57a2d4851a1d" relativeResultsDirectory="4f2df9a2-11b3-4cdf-8f1b-f7f6898b053e" />
    <UnitTestResult executionId="fcbc3ac0-5c84-4900-9ee9-5714696b58e1" testId="fc9d1d96-6597-a93e-f444-c17465638448" testName="SalesApi.Tests.Infrastructure.Repositories.UnitOfWorkTests.Sales_ShouldReturnSaleRepository" computerName="BOOK-4J7LKOUHJ1" duration="00:00:01.0352158" startTime="2025-05-22T21:21:07.3229903-03:00" endTime="2025-05-22T21:21:07.3229908-03:00" testType="13cdc9d9-ddb5-4fa4-a97d-d965ccfc6d4b" outcome="Passed" testListId="8c84fa94-04c1-424b-9868-57a2d4851a1d" relativeResultsDirectory="fcbc3ac0-5c84-4900-9ee9-5714696b58e1" />
    <UnitTestResult executionId="6a941119-25aa-4705-8e71-5a07fc6a602b" testId="26072b4b-1469-58ee-d7ca-7332934163b4" testName="SalesApi.Tests.Infrastructure.Repositories.UnitOfWorkTests.Products_ShouldReturnProductRepository" computerName="BOOK-4J7LKOUHJ1" duration="00:00:00.0006043" startTime="2025-05-22T21:21:07.4514875-03:00" endTime="2025-05-22T21:21:07.4514877-03:00" testType="13cdc9d9-ddb5-4fa4-a97d-d965ccfc6d4b" outcome="Passed" testListId="8c84fa94-04c1-424b-9868-57a2d4851a1d" relativeResultsDirectory="6a941119-25aa-4705-8e71-5a07fc6a602b" />
    <UnitTestResult executionId="f6e1c8d5-33bd-489b-a5c7-53c0ae842a26" testId="077db20d-9541-47ae-fc45-fe13dc831f85" testName="SalesApi.Tests.Domain.Entities.SaleTests.Sale_AddItem_WithExistingProduct_WhenExceedingMaxQuantity_ShouldThrowException" computerName="BOOK-4J7LKOUHJ1" duration="00:00:00.0030037" startTime="2025-05-22T21:21:06.7926022-03:00" endTime="2025-05-22T21:21:06.7926023-03:00" testType="13cdc9d9-ddb5-4fa4-a97d-d965ccfc6d4b" outcome="Passed" testListId="8c84fa94-04c1-424b-9868-57a2d4851a1d" relativeResultsDirectory="f6e1c8d5-33bd-489b-a5c7-53c0ae842a26" />
    <UnitTestResult executionId="14d835a9-73c3-4aab-a709-41fa0aea0420" testId="d9d5a1e9-0f89-3ce0-6d22-7ae0645b5455" testName="SalesApi.Tests.WebApi.Controllers.SalesControllerTests.GetAllSales_ReturnsOkResult" computerName="BOOK-4J7LKOUHJ1" duration="00:00:00.5912954" startTime="2025-05-22T21:21:06.8793691-03:00" endTime="2025-05-22T21:21:06.8793692-03:00" testType="13cdc9d9-ddb5-4fa4-a97d-d965ccfc6d4b" outcome="Passed" testListId="8c84fa94-04c1-424b-9868-57a2d4851a1d" relativeResultsDirectory="14d835a9-73c3-4aab-a709-41fa0aea0420" />
    <UnitTestResult executionId="f3488b3a-987c-4222-8ece-9e8ae1976ba9" testId="c68b5359-2cdc-5833-886a-4f37e5dcffb5" testName="SalesApi.Tests.Domain.Entities.SaleItemTests.SaleItem_WithStandardDiscount_ShouldCalculateCorrectly" computerName="BOOK-4J7LKOUHJ1" duration="00:00:00.0002701" startTime="2025-05-22T21:21:06.7712130-03:00" endTime="2025-05-22T21:21:06.7712131-03:00" testType="13cdc9d9-ddb5-4fa4-a97d-d965ccfc6d4b" outcome="Passed" testListId="8c84fa94-04c1-424b-9868-57a2d4851a1d" relativeResultsDirectory="f3488b3a-987c-4222-8ece-9e8ae1976ba9" />
    <UnitTestResult executionId="22999bbd-acd2-4643-a86c-8ff56400a8b3" testId="17e9e6dc-d59f-aa1f-96e0-894605c403f9" testName="SalesApi.Tests.Domain.Entities.ProductTests.Product_WithInvalidDescription_ShouldThrowArgumentException(invalidDescription: null)" computerName="BOOK-4J7LKOUHJ1" duration="00:00:00.0004456" startTime="2025-05-22T21:21:06.7892461-03:00" endTime="2025-05-22T21:21:06.7892461-03:00" testType="13cdc9d9-ddb5-4fa4-a97d-d965ccfc6d4b" outcome="Passed" testListId="8c84fa94-04c1-424b-9868-57a2d4851a1d" relativeResultsDirectory="22999bbd-acd2-4643-a86c-8ff56400a8b3" />
    <UnitTestResult executionId="da8c94d2-90d0-47fd-b357-98912c49d5c0" testId="aa1e9416-bae1-6391-6278-88d6074569a5" testName="SalesApi.IntegrationTests.SalesApiIntegrationTests.Should_Cancel_Sale" computerName="BOOK-4J7LKOUHJ1" duration="00:00:00.0290762" startTime="2025-05-22T21:21:07.0242595-03:00" endTime="2025-05-22T21:21:07.0242599-03:00" testType="13cdc9d9-ddb5-4fa4-a97d-d965ccfc6d4b" outcome="Passed" testListId="8c84fa94-04c1-424b-9868-57a2d4851a1d" relativeResultsDirectory="da8c94d2-90d0-47fd-b357-98912c49d5c0" />
    <UnitTestResult executionId="2683afbb-a0f7-468d-8c86-926f2bd40f6c" testId="7fa965cf-1467-31b1-6e0a-eab5d3b3931c" testName="SalesApi.IntegrationTests.SalesApiIntegrationTests.Should_Apply_20Percent_Discount_For_10_To_20_Items" computerName="BOOK-4J7LKOUHJ1" duration="00:00:00.0245398" startTime="2025-05-22T21:21:07.1519935-03:00" endTime="2025-05-22T21:21:07.1519939-03:00" testType="13cdc9d9-ddb5-4fa4-a97d-d965ccfc6d4b" outcome="Passed" testListId="8c84fa94-04c1-424b-9868-57a2d4851a1d" relativeResultsDirectory="2683afbb-a0f7-468d-8c86-926f2bd40f6c" />
    <UnitTestResult executionId="489eea7d-5004-41d2-9915-06acdabd8f13" testId="344519db-8b68-7ea4-a6c9-a9276dd6ade7" testName="SalesApi.Tests.WebApi.Controllers.SalesControllerTests.CreateSale_ValidRequest_ReturnsOkResult" computerName="BOOK-4J7LKOUHJ1" duration="00:00:00.0016623" startTime="2025-05-22T21:21:06.8807768-03:00" endTime="2025-05-22T21:21:06.8807769-03:00" testType="13cdc9d9-ddb5-4fa4-a97d-d965ccfc6d4b" outcome="Passed" testListId="8c84fa94-04c1-424b-9868-57a2d4851a1d" relativeResultsDirectory="489eea7d-5004-41d2-9915-06acdabd8f13" />
    <UnitTestResult executionId="e4d27cc7-ab27-4704-821c-84cd4daa1320" testId="8b8901b9-88b3-8eef-8d72-1ec4b444f67b" testName="SalesApi.Tests.Infrastructure.Repositories.UnitOfWorkTests.SaveChangesAsync_ShouldSaveChangesToDatabase" computerName="BOOK-4J7LKOUHJ1" duration="00:00:00.1250718" startTime="2025-05-22T21:21:07.4481543-03:00" endTime="2025-05-22T21:21:07.4481548-03:00" testType="13cdc9d9-ddb5-4fa4-a97d-d965ccfc6d4b" outcome="Passed" testListId="8c84fa94-04c1-424b-9868-57a2d4851a1d" relativeResultsDirectory="e4d27cc7-ab27-4704-821c-84cd4daa1320" />
    <UnitTestResult executionId="ed2b3c3f-9604-4ef2-9640-4e51833ebb66" testId="67fa5247-c7cf-3b3e-fac8-83a3ea9566ed" testName="SalesApi.Tests.Domain.Entities.ProductTests.Product_WithInvalidImage_ShouldThrowArgumentException(invalidImage: &quot;   &quot;)" computerName="BOOK-4J7LKOUHJ1" duration="00:00:00.0002531" startTime="2025-05-22T21:21:06.7894754-03:00" endTime="2025-05-22T21:21:06.7894755-03:00" testType="13cdc9d9-ddb5-4fa4-a97d-d965ccfc6d4b" outcome="Passed" testListId="8c84fa94-04c1-424b-9868-57a2d4851a1d" relativeResultsDirectory="ed2b3c3f-9604-4ef2-9640-4e51833ebb66" />
    <UnitTestResult executionId="2d3133d3-0bba-4ca1-b717-627fb05bd8ec" testId="ef82b2dc-2bfe-9870-70fc-6959d243903c" testName="SalesApi.IntegrationTests.SalesApiIntegrationTests.Create_Products" computerName="BOOK-4J7LKOUHJ1" duration="00:00:00.0941343" startTime="2025-05-22T21:21:06.9949827-03:00" endTime="2025-05-22T21:21:06.9949831-03:00" testType="13cdc9d9-ddb5-4fa4-a97d-d965ccfc6d4b" outcome="Passed" testListId="8c84fa94-04c1-424b-9868-57a2d4851a1d" relativeResultsDirectory="2d3133d3-0bba-4ca1-b717-627fb05bd8ec" />
    <UnitTestResult executionId="254e3b15-258c-4a97-ace4-46575db7536a" testId="9286970b-925c-9649-e047-0a1006a8b79a" testName="SalesApi.Tests.Application.Products.Commands.CreateProduct.CreateProductCommandHandlerTests.Handle_EmptyTitle_ShouldThrowArgumentException" computerName="BOOK-4J7LKOUHJ1" duration="00:00:00.0040032" startTime="2025-05-22T21:21:06.8659058-03:00" endTime="2025-05-22T21:21:06.8659060-03:00" testType="13cdc9d9-ddb5-4fa4-a97d-d965ccfc6d4b" outcome="Passed" testListId="8c84fa94-04c1-424b-9868-57a2d4851a1d" relativeResultsDirectory="254e3b15-258c-4a97-ace4-46575db7536a" />
    <UnitTestResult executionId="8c13371a-08c6-4cf6-9bab-2594a3f421d2" testId="93a9b03d-121f-2bfe-6018-583ffcb4c054" testName="SalesApi.Tests.Domain.Entities.ProductTests.Product_WithInvalidImage_ShouldThrowArgumentException(invalidImage: null)" computerName="BOOK-4J7LKOUHJ1" duration="00:00:00.0004093" startTime="2025-05-22T21:21:06.7894343-03:00" endTime="2025-05-22T21:21:06.7894343-03:00" testType="13cdc9d9-ddb5-4fa4-a97d-d965ccfc6d4b" outcome="Passed" testListId="8c84fa94-04c1-424b-9868-57a2d4851a1d" relativeResultsDirectory="8c13371a-08c6-4cf6-9bab-2594a3f421d2" />
    <UnitTestResult executionId="5575679c-ce21-417b-8177-30d731c36e11" testId="0bba7a41-3a7c-cc03-2af0-b7298818251f" testName="SalesApi.Tests.Application.Sales.Commands.CreateSale.CreateSaleCommandHandlerTests.Handle_ValidCommand_ShouldCreateSale" computerName="BOOK-4J7LKOUHJ1" duration="00:00:00.0217869" startTime="2025-05-22T21:21:06.8840682-03:00" endTime="2025-05-22T21:21:06.8840683-03:00" testType="13cdc9d9-ddb5-4fa4-a97d-d965ccfc6d4b" outcome="Passed" testListId="8c84fa94-04c1-424b-9868-57a2d4851a1d" relativeResultsDirectory="5575679c-ce21-417b-8177-30d731c36e11" />
    <UnitTestResult executionId="01aefe8a-9cb9-4062-a004-424a4c174701" testId="d7f73c86-752c-f0d6-5ba9-913e909464cd" testName="SalesApi.Tests.Application.Products.Commands.CreateProduct.CreateProductCommandHandlerTests.Handle_ValidCommand_ShouldCreateProduct" computerName="BOOK-4J7LKOUHJ1" duration="00:00:00.0157887" startTime="2025-05-22T21:21:06.8925724-03:00" endTime="2025-05-22T21:21:06.8925725-03:00" testType="13cdc9d9-ddb5-4fa4-a97d-d965ccfc6d4b" outcome="Passed" testListId="8c84fa94-04c1-424b-9868-57a2d4851a1d" relativeResultsDirectory="01aefe8a-9cb9-4062-a004-424a4c174701" />
    <UnitTestResult executionId="3ba093ec-d803-4144-9964-80dbaf5f00a6" testId="c778ffc1-2593-e71b-e9d6-bb012330b3fb" testName="SalesApi.Tests.Application.Sales.Commands.CreateSale.CreateSaleCommandHandlerTests.Handle_EmptyCustomerName_ShouldThrowArgumentException" computerName="BOOK-4J7LKOUHJ1" duration="00:00:00.0009355" startTime="2025-05-22T21:21:06.8866100-03:00" endTime="2025-05-22T21:21:06.8866103-03:00" testType="13cdc9d9-ddb5-4fa4-a97d-d965ccfc6d4b" outcome="Passed" testListId="8c84fa94-04c1-424b-9868-57a2d4851a1d" relativeResultsDirectory="3ba093ec-d803-4144-9964-80dbaf5f00a6" />
    <UnitTestResult executionId="42002e6e-dc83-4044-8edb-fbbf5d162bfc" testId="91f2249b-ca5b-e54a-e671-e9d2e35328df" testName="SalesApi.Tests.Domain.Entities.SaleTests.Sale_AddItem_WhenCancelled_ShouldThrowException" computerName="BOOK-4J7LKOUHJ1" duration="00:00:00.0009564" startTime="2025-05-22T21:21:06.7926566-03:00" endTime="2025-05-22T21:21:06.7926566-03:00" testType="13cdc9d9-ddb5-4fa4-a97d-d965ccfc6d4b" outcome="Passed" testListId="8c84fa94-04c1-424b-9868-57a2d4851a1d" relativeResultsDirectory="42002e6e-dc83-4044-8edb-fbbf5d162bfc" />
    <UnitTestResult executionId="32a3d98f-0d88-4977-994e-b20122c52620" testId="b2bf3217-20ca-74a1-c878-1aa55c10453b" testName="SalesApi.Tests.Application.Products.Commands.CreateProduct.CreateProductCommandHandlerTests.Handle_EmptyCategory_ShouldThrowArgumentException" computerName="BOOK-4J7LKOUHJ1" duration="00:00:00.5741613" startTime="2025-05-22T21:21:06.8617700-03:00" endTime="2025-05-22T21:21:06.8617702-03:00" testType="13cdc9d9-ddb5-4fa4-a97d-d965ccfc6d4b" outcome="Passed" testListId="8c84fa94-04c1-424b-9868-57a2d4851a1d" relativeResultsDirectory="32a3d98f-0d88-4977-994e-b20122c52620" />
    <UnitTestResult executionId="df429f75-5619-4ef1-ac66-07b26bb33f6a" testId="2719d18f-f10d-1966-5227-7ecd3e2f5362" testName="SalesApi.Tests.Domain.Entities.SaleTests.Sale_AddItem_WithExistingProduct_ShouldUpdateQuantity" computerName="BOOK-4J7LKOUHJ1" duration="00:00:00.0015037" startTime="2025-05-22T21:21:06.7979956-03:00" endTime="2025-05-22T21:21:06.7979959-03:00" testType="13cdc9d9-ddb5-4fa4-a97d-d965ccfc6d4b" outcome="Passed" testListId="8c84fa94-04c1-424b-9868-57a2d4851a1d" relativeResultsDirectory="df429f75-5619-4ef1-ac66-07b26bb33f6a" />
    <UnitTestResult executionId="85e1ffd3-bf8d-4c95-a405-9426423e4e61" testId="5a0441e1-31ff-d192-2eb2-ab6699512df3" testName="SalesApi.Tests.Infrastructure.Repositories.SaleRepositoryTests.GetByIdAsync_WhenSaleDoesNotExist_ShouldReturnNull" computerName="BOOK-4J7LKOUHJ1" duration="00:00:00.0008276" startTime="2025-05-22T21:21:07.5814650-03:00" endTime="2025-05-22T21:21:07.5814652-03:00" testType="13cdc9d9-ddb5-4fa4-a97d-d965ccfc6d4b" outcome="Passed" testListId="8c84fa94-04c1-424b-9868-57a2d4851a1d" relativeResultsDirectory="85e1ffd3-bf8d-4c95-a405-9426423e4e61" />
    <UnitTestResult executionId="15f9518c-f427-4074-9bd7-68d990a46ea4" testId="728f0d77-144c-0098-0b92-52a117d163ca" testName="SalesApi.Tests.Domain.Entities.ProductTests.Product_UpdateTitle_ShouldUpdateSuccessfully" computerName="BOOK-4J7LKOUHJ1" duration="00:00:00.0002069" startTime="2025-05-22T21:21:06.7917872-03:00" endTime="2025-05-22T21:21:06.7917872-03:00" testType="13cdc9d9-ddb5-4fa4-a97d-d965ccfc6d4b" outcome="Passed" testListId="8c84fa94-04c1-424b-9868-57a2d4851a1d" relativeResultsDirectory="15f9518c-f427-4074-9bd7-68d990a46ea4" />
    <UnitTestResult executionId="de9f042d-9c47-4956-94bb-d98558e00175" testId="5c838795-652f-93ab-cd3e-7f8fa8ba7bdd" testName="SalesApi.Tests.Application.Sales.Queries.GetAllSales.GetAllSalesQueryHandlerTests.Handle_WhenNoSales_ShouldReturnEmptyList" computerName="BOOK-4J7LKOUHJ1" duration="00:00:00.0022364" startTime="2025-05-22T21:21:06.8853906-03:00" endTime="2025-05-22T21:21:06.8853908-03:00" testType="13cdc9d9-ddb5-4fa4-a97d-d965ccfc6d4b" outcome="Passed" testListId="8c84fa94-04c1-424b-9868-57a2d4851a1d" relativeResultsDirectory="de9f042d-9c47-4956-94bb-d98558e00175" />
    <UnitTestResult executionId="fa99683a-b847-4153-bc54-e062d8c3e0f2" testId="9b527640-b5f1-9a06-08e9-33a9f0122b4c" testName="SalesApi.Tests.Infrastructure.Repositories.ProductRepositoryTests.GetByIdAsync_WhenProductDoesNotExist_ShouldReturnNull" computerName="BOOK-4J7LKOUHJ1" duration="00:00:00.0073165" startTime="2025-05-22T21:21:07.5558978-03:00" endTime="2025-05-22T21:21:07.5558981-03:00" testType="13cdc9d9-ddb5-4fa4-a97d-d965ccfc6d4b" outcome="Passed" testListId="8c84fa94-04c1-424b-9868-57a2d4851a1d" relativeResultsDirectory="fa99683a-b847-4153-bc54-e062d8c3e0f2" />
    <UnitTestResult executionId="fd15a038-be21-4377-b067-e014aca6888f" testId="f5dc0a55-d6c7-970c-78ac-703c7436ff82" testName="SalesApi.Tests.Infrastructure.Repositories.ProductRepositoryTests.GetByIdAsync_WhenProductExists_ShouldReturnProduct" computerName="BOOK-4J7LKOUHJ1" duration="00:00:00.7632426" startTime="2025-05-22T21:21:07.5483613-03:00" endTime="2025-05-22T21:21:07.5483618-03:00" testType="13cdc9d9-ddb5-4fa4-a97d-d965ccfc6d4b" outcome="Passed" testListId="8c84fa94-04c1-424b-9868-57a2d4851a1d" relativeResultsDirectory="fd15a038-be21-4377-b067-e014aca6888f" />
    <UnitTestResult executionId="c310d043-8a2e-4739-be3d-d0e414b5cc0f" testId="1c0c9c5f-5890-94f6-cb2a-641fbd244af0" testName="SalesApi.Tests.Domain.Entities.ProductTests.Product_WithInvalidTitle_ShouldThrowArgumentException(invalidTitle: &quot;&quot;)" computerName="BOOK-4J7LKOUHJ1" duration="00:00:00.0001802" startTime="2025-05-22T21:21:06.7891258-03:00" endTime="2025-05-22T21:21:06.7891259-03:00" testType="13cdc9d9-ddb5-4fa4-a97d-d965ccfc6d4b" outcome="Passed" testListId="8c84fa94-04c1-424b-9868-57a2d4851a1d" relativeResultsDirectory="c310d043-8a2e-4739-be3d-d0e414b5cc0f" />
    <UnitTestResult executionId="a4c454ba-231e-4d8d-a52c-b96409b0c656" testId="f28e8a34-9b79-63bd-82d8-0512b218a09a" testName="SalesApi.Tests.Application.Products.Commands.CreateProduct.CreateProductCommandHandlerTests.Handle_EmptyDescription_ShouldThrowArgumentException" computerName="BOOK-4J7LKOUHJ1" duration="00:00:00.0035044" startTime="2025-05-22T21:21:06.8960812-03:00" endTime="2025-05-22T21:21:06.8960814-03:00" testType="13cdc9d9-ddb5-4fa4-a97d-d965ccfc6d4b" outcome="Passed" testListId="8c84fa94-04c1-424b-9868-57a2d4851a1d" relativeResultsDirectory="a4c454ba-231e-4d8d-a52c-b96409b0c656" />
    <UnitTestResult executionId="e4ab3ea0-f6b4-42d5-915c-b9f7a9921337" testId="47ba9fa8-4b4c-af4b-be48-76cd5aa55b19" testName="SalesApi.IntegrationTests.SalesApiIntegrationTests.Should_Create_Sale_With_10PercentDiscount_20Prod" computerName="BOOK-4J7LKOUHJ1" duration="00:00:00.0333815" startTime="2025-05-22T21:21:07.1273294-03:00" endTime="2025-05-22T21:21:07.1273297-03:00" testType="13cdc9d9-ddb5-4fa4-a97d-d965ccfc6d4b" outcome="Passed" testListId="8c84fa94-04c1-424b-9868-57a2d4851a1d" relativeResultsDirectory="e4ab3ea0-f6b4-42d5-915c-b9f7a9921337" />
    <UnitTestResult executionId="372123e2-cde4-4761-8865-970ea21e0276" testId="5b0f88ba-10fe-c1d1-54a3-4979477326cc" testName="SalesApi.Tests.Application.Products.Queries.GetAllProducts.GetAllProductsQueryHandlerTests.Handle_ShouldReturnMappedProducts" computerName="BOOK-4J7LKOUHJ1" duration="00:00:00.5959683" startTime="2025-05-22T21:21:06.8841059-03:00" endTime="2025-05-22T21:21:06.8841060-03:00" testType="13cdc9d9-ddb5-4fa4-a97d-d965ccfc6d4b" outcome="Passed" testListId="8c84fa94-04c1-424b-9868-57a2d4851a1d" relativeResultsDirectory="372123e2-cde4-4761-8865-970ea21e0276" />
    <UnitTestResult executionId="f12aae3a-95d4-4b52-86ae-15804df00f86" testId="53c41976-6d39-0bf9-6f6f-869b02a3e64d" testName="SalesApi.Tests.Domain.Entities.SaleItemTests.SaleItem_UpdateUnitPrice_ShouldUpdateSuccessfully" computerName="BOOK-4J7LKOUHJ1" duration="00:00:00.0003030" startTime="2025-05-22T21:21:06.7891961-03:00" endTime="2025-05-22T21:21:06.7891962-03:00" testType="13cdc9d9-ddb5-4fa4-a97d-d965ccfc6d4b" outcome="Passed" testListId="8c84fa94-04c1-424b-9868-57a2d4851a1d" relativeResultsDirectory="f12aae3a-95d4-4b52-86ae-15804df00f86" />
    <UnitTestResult executionId="492f3f23-3220-4b1f-a968-6c3948890bfb" testId="6830bcdb-5523-e7b2-7b8d-5831742e7d5f" testName="SalesApi.Tests.Domain.Entities.ProductTests.Product_WithInvalidCategory_ShouldThrowArgumentException(invalidCategory: &quot;&quot;)" computerName="BOOK-4J7LKOUHJ1" duration="00:00:00.0003328" startTime="2025-05-22T21:21:06.7915591-03:00" endTime="2025-05-22T21:21:06.7915592-03:00" testType="13cdc9d9-ddb5-4fa4-a97d-d965ccfc6d4b" outcome="Passed" testListId="8c84fa94-04c1-424b-9868-57a2d4851a1d" relativeResultsDirectory="492f3f23-3220-4b1f-a968-6c3948890bfb" />
    <UnitTestResult executionId="de385c50-e803-484a-a10b-46e726c7f4d4" testId="72de0a7d-41d9-7767-aadb-3561d7c80498" testName="SalesApi.Tests.Domain.Entities.ProductTests.Product_WithInvalidTitle_ShouldThrowArgumentException(invalidTitle: null)" computerName="BOOK-4J7LKOUHJ1" duration="00:00:00.4869853" startTime="2025-05-22T21:21:06.7781316-03:00" endTime="2025-05-22T21:21:06.7781318-03:00" testType="13cdc9d9-ddb5-4fa4-a97d-d965ccfc6d4b" outcome="Passed" testListId="8c84fa94-04c1-424b-9868-57a2d4851a1d" relativeResultsDirectory="de385c50-e803-484a-a10b-46e726c7f4d4" />
    <UnitTestResult executionId="c977fbef-902c-4202-b42b-41279dc3fcbc" testId="a21b9ae1-e17d-b9f5-09e0-6d166bd2afa4" testName="SalesApi.Tests.Domain.Entities.SaleTests.Sale_RemoveItem_ShouldRemoveItemSuccessfully" computerName="BOOK-4J7LKOUHJ1" duration="00:00:00.0003110" startTime="2025-05-22T21:21:06.7997933-03:00" endTime="2025-05-22T21:21:06.7997934-03:00" testType="13cdc9d9-ddb5-4fa4-a97d-d965ccfc6d4b" outcome="Passed" testListId="8c84fa94-04c1-424b-9868-57a2d4851a1d" relativeResultsDirectory="c977fbef-902c-4202-b42b-41279dc3fcbc" />
    <UnitTestResult executionId="a7fe150b-ea3e-4b59-b2a3-85b987ed9d9e" testId="f43b6b0a-c2e9-efe2-ece0-f6c84b44a295" testName="SalesApi.Tests.Domain.Entities.SaleTests.Sale_AddItem_ShouldAddItemSuccessfully" computerName="BOOK-4J7LKOUHJ1" duration="00:00:00.0013336" startTime="2025-05-22T21:21:06.7994223-03:00" endTime="2025-05-22T21:21:06.7994225-03:00" testType="13cdc9d9-ddb5-4fa4-a97d-d965ccfc6d4b" outcome="Passed" testListId="8c84fa94-04c1-424b-9868-57a2d4851a1d" relativeResultsDirectory="a7fe150b-ea3e-4b59-b2a3-85b987ed9d9e" />
    <UnitTestResult executionId="9c3afb09-c00f-4c26-b5d3-1a9dae48ecfb" testId="8625b265-1eee-c611-2459-0c175339521d" testName="SalesApi.Tests.Application.Products.Commands.CreateProduct.CreateProductCommandHandlerTests.Handle_EmptyImage_ShouldThrowArgumentException" computerName="BOOK-4J7LKOUHJ1" duration="00:00:00.0048561" startTime="2025-05-22T21:21:06.9010371-03:00" endTime="2025-05-22T21:21:06.9010373-03:00" testType="13cdc9d9-ddb5-4fa4-a97d-d965ccfc6d4b" outcome="Passed" testListId="8c84fa94-04c1-424b-9868-57a2d4851a1d" relativeResultsDirectory="9c3afb09-c00f-4c26-b5d3-1a9dae48ecfb" />
    <UnitTestResult executionId="a2e44997-7bd8-4099-b392-976a8e11abb5" testId="4e14a4a4-8cff-1212-4ff0-83d8ec49f5d8" testName="SalesApi.Tests.Domain.Entities.SaleItemTests.SaleItem_WithQuantityAboveMax_ShouldThrowArgumentException" computerName="BOOK-4J7LKOUHJ1" duration="00:00:00.0008633" startTime="2025-05-22T21:21:06.7893865-03:00" endTime="2025-05-22T21:21:06.7893865-03:00" testType="13cdc9d9-ddb5-4fa4-a97d-d965ccfc6d4b" outcome="Passed" testListId="8c84fa94-04c1-424b-9868-57a2d4851a1d" relativeResultsDirectory="a2e44997-7bd8-4099-b392-976a8e11abb5" />
    <UnitTestResult executionId="3df41048-a3a3-4cb8-abf1-ed36adb880ad" testId="a0b4cd88-f38a-c560-2842-d7be566f027d" testName="SalesApi.Tests.Infrastructure.Mappings.MappingProfileTests.Map_SaleItemViewModel_To_SaleItem_WithDiscount" computerName="BOOK-4J7LKOUHJ1" duration="00:00:00.0049970" startTime="2025-05-22T21:21:06.8969158-03:00" endTime="2025-05-22T21:21:06.8969160-03:00" testType="13cdc9d9-ddb5-4fa4-a97d-d965ccfc6d4b" outcome="Passed" testListId="8c84fa94-04c1-424b-9868-57a2d4851a1d" relativeResultsDirectory="3df41048-a3a3-4cb8-abf1-ed36adb880ad">
      <Output>
        <StdOut>Quantity: 5&#xD;
UnitPrice: 100,00&#xD;
Discount: 50,00&#xD;
Total: 450,00</StdOut>
      </Output>
    </UnitTestResult>
    <UnitTestResult executionId="50d237b5-9ca0-4f7c-b5c7-49c8c4fe03fc" testId="383648b7-8dbf-472b-bf1a-47291a863e19" testName="SalesApi.Tests.Infrastructure.Repositories.SaleRepositoryTests.GetByCustomerIdAsync_ShouldReturnSalesForCustomer" computerName="BOOK-4J7LKOUHJ1" duration="00:00:01.2638876" startTime="2025-05-22T21:21:07.5514463-03:00" endTime="2025-05-22T21:21:07.5514465-03:00" testType="13cdc9d9-ddb5-4fa4-a97d-d965ccfc6d4b" outcome="Passed" testListId="8c84fa94-04c1-424b-9868-57a2d4851a1d" relativeResultsDirectory="50d237b5-9ca0-4f7c-b5c7-49c8c4fe03fc" />
    <UnitTestResult executionId="36d69056-7645-4712-bf3f-d5f923d574b1" testId="3bf002ef-6e17-ddf2-64b8-30464c5e2697" testName="SalesApi.Tests.Infrastructure.Repositories.SaleRepositoryTests.GetAllAsync_ShouldReturnAllSales" computerName="BOOK-4J7LKOUHJ1" duration="00:00:00.0091023" startTime="2025-05-22T21:21:07.5606699-03:00" endTime="2025-05-22T21:21:07.5606701-03:00" testType="13cdc9d9-ddb5-4fa4-a97d-d965ccfc6d4b" outcome="Passed" testListId="8c84fa94-04c1-424b-9868-57a2d4851a1d" relativeResultsDirectory="36d69056-7645-4712-bf3f-d5f923d574b1" />
    <UnitTestResult executionId="21720f21-5cc5-422b-a9d9-973fc61be309" testId="2ed74bc9-938d-8c0e-9dca-3bfd4fe7e17f" testName="SalesApi.Tests.WebApi.Controllers.ProductsControllerTests.CreateProduct_ValidRequest_ReturnsOkResult" computerName="BOOK-4J7LKOUHJ1" duration="00:00:00.5869446" startTime="2025-05-22T21:21:06.8745677-03:00" endTime="2025-05-22T21:21:06.8745680-03:00" testType="13cdc9d9-ddb5-4fa4-a97d-d965ccfc6d4b" outcome="Passed" testListId="8c84fa94-04c1-424b-9868-57a2d4851a1d" relativeResultsDirectory="21720f21-5cc5-422b-a9d9-973fc61be309" />
    <UnitTestResult executionId="b78500f3-62cd-40b1-ac3b-a5707800b868" testId="230d869f-c227-5dc8-18da-2feb68555f80" testName="SalesApi.Tests.WebApi.Controllers.SalesControllerTests.Cancel_WithValidId_ReturnsOk" computerName="BOOK-4J7LKOUHJ1" duration="00:00:00.0014494" startTime="2025-05-22T21:21:06.8838337-03:00" endTime="2025-05-22T21:21:06.8838340-03:00" testType="13cdc9d9-ddb5-4fa4-a97d-d965ccfc6d4b" outcome="Passed" testListId="8c84fa94-04c1-424b-9868-57a2d4851a1d" relativeResultsDirectory="b78500f3-62cd-40b1-ac3b-a5707800b868" />
    <UnitTestResult executionId="4e7fdad1-e6d1-490f-bf8d-947576656f4f" testId="86bf6c38-dee9-6434-9633-7566e0d815bb" testName="SalesApi.Tests.Application.Sales.Commands.CreateSale.CreateSaleCommandHandlerTests.Handle_EmptyItems_ShouldThrowArgumentException" computerName="BOOK-4J7LKOUHJ1" duration="00:00:00.0010889" startTime="2025-05-22T21:21:06.8614812-03:00" endTime="2025-05-22T21:21:06.8614814-03:00" testType="13cdc9d9-ddb5-4fa4-a97d-d965ccfc6d4b" outcome="Passed" testListId="8c84fa94-04c1-424b-9868-57a2d4851a1d" relativeResultsDirectory="4e7fdad1-e6d1-490f-bf8d-947576656f4f" />
    <UnitTestResult executionId="d77af96e-b8ae-4113-a2a4-ce618d2f3951" testId="0b56492f-95a1-dd4b-4bf3-ced8550c915a" testName="SalesApi.Tests.Domain.Entities.SaleItemTests.SaleItem_WithInvalidQuantity_ShouldThrowArgumentException(invalidQuantity: -1)" computerName="BOOK-4J7LKOUHJ1" duration="00:00:00.0095010" startTime="2025-05-22T21:21:06.7781719-03:00" endTime="2025-05-22T21:21:06.7781720-03:00" testType="13cdc9d9-ddb5-4fa4-a97d-d965ccfc6d4b" outcome="Passed" testListId="8c84fa94-04c1-424b-9868-57a2d4851a1d" relativeResultsDirectory="d77af96e-b8ae-4113-a2a4-ce618d2f3951" />
    <UnitTestResult executionId="e5056173-4ebd-498d-81c9-6f8d07e37cc2" testId="063cf01e-1d86-996c-40f2-3c070d2ffd1f" testName="SalesApi.Tests.Domain.Entities.SaleTests.Sale_Cancel_WhenNoItems_ShouldThrowDomainException" computerName="BOOK-4J7LKOUHJ1" duration="00:00:00.0005261" startTime="2025-05-22T21:21:06.8003703-03:00" endTime="2025-05-22T21:21:06.8003704-03:00" testType="13cdc9d9-ddb5-4fa4-a97d-d965ccfc6d4b" outcome="Passed" testListId="8c84fa94-04c1-424b-9868-57a2d4851a1d" relativeResultsDirectory="e5056173-4ebd-498d-81c9-6f8d07e37cc2" />
    <UnitTestResult executionId="106d81c7-2404-4948-9a10-e744fc0f6a92" testId="c5f0df7f-ea89-29bf-3476-842cb47c8a43" testName="SalesApi.Tests.Domain.Entities.SaleTests.Sale_WithInvalidSaleNumber_ShouldThrowDomainException(invalidSaleNumber: &quot;&quot;)" computerName="BOOK-4J7LKOUHJ1" duration="00:00:00.0003597" startTime="2025-05-22T21:21:06.7954908-03:00" endTime="2025-05-22T21:21:06.7954909-03:00" testType="13cdc9d9-ddb5-4fa4-a97d-d965ccfc6d4b" outcome="Passed" testListId="8c84fa94-04c1-424b-9868-57a2d4851a1d" relativeResultsDirectory="106d81c7-2404-4948-9a10-e744fc0f6a92" />
    <UnitTestResult executionId="c87506a8-1f95-458b-b69c-e35aaad33313" testId="8e7ce61e-655a-968d-11cf-f501f5248715" testName="SalesApi.Tests.Application.Products.Queries.GetAllProducts.GetAllProductsQueryHandlerTests.Handle_WhenNoProducts_ShouldReturnEmptyList" computerName="BOOK-4J7LKOUHJ1" duration="00:00:00.0018151" startTime="2025-05-22T21:21:06.8855196-03:00" endTime="2025-05-22T21:21:06.8855197-03:00" testType="13cdc9d9-ddb5-4fa4-a97d-d965ccfc6d4b" outcome="Passed" testListId="8c84fa94-04c1-424b-9868-57a2d4851a1d" relativeResultsDirectory="c87506a8-1f95-458b-b69c-e35aaad33313" />
    <UnitTestResult executionId="58eb9d40-9fd9-42ee-9805-5fba6b7e1771" testId="736059d3-cd0d-c6ef-ac74-59612141e32e" testName="SalesApi.Tests.Domain.Entities.ProductTests.Product_WithInvalidTitle_ShouldThrowArgumentException(invalidTitle: &quot;   &quot;)" computerName="BOOK-4J7LKOUHJ1" duration="00:00:00.0006891" startTime="2025-05-22T21:21:06.7791245-03:00" endTime="2025-05-22T21:21:06.7791247-03:00" testType="13cdc9d9-ddb5-4fa4-a97d-d965ccfc6d4b" outcome="Passed" testListId="8c84fa94-04c1-424b-9868-57a2d4851a1d" relativeResultsDirectory="58eb9d40-9fd9-42ee-9805-5fba6b7e1771" />
    <UnitTestResult executionId="5fd5dda9-bd1e-4640-aa06-63ccbf7ffc8f" testId="fc0f4f65-dcb4-2029-2d47-5ba7b549e51e" testName="SalesApi.IntegrationTests.SalesApiIntegrationTests.Should_Not_Allow_More_Than_20_Items" computerName="BOOK-4J7LKOUHJ1" duration="00:00:00.0279833" startTime="2025-05-22T21:21:07.0936938-03:00" endTime="2025-05-22T21:21:07.0936943-03:00" testType="13cdc9d9-ddb5-4fa4-a97d-d965ccfc6d4b" outcome="Passed" testListId="8c84fa94-04c1-424b-9868-57a2d4851a1d" relativeResultsDirectory="5fd5dda9-bd1e-4640-aa06-63ccbf7ffc8f" />
    <UnitTestResult executionId="dd2b4ac0-f021-4a32-b1dd-f0f4bcbad3eb" testId="dc56ec15-86b1-1595-2b19-2545b7abec23" testName="SalesApi.Tests.Infrastructure.Repositories.SaleRepositoryTests.GetByIdAsync_WhenSaleExists_ShouldReturnSale" computerName="BOOK-4J7LKOUHJ1" duration="00:00:00.0100888" startTime="2025-05-22T21:21:07.5805332-03:00" endTime="2025-05-22T21:21:07.5805337-03:00" testType="13cdc9d9-ddb5-4fa4-a97d-d965ccfc6d4b" outcome="Passed" testListId="8c84fa94-04c1-424b-9868-57a2d4851a1d" relativeResultsDirectory="dd2b4ac0-f021-4a32-b1dd-f0f4bcbad3eb" />
    <UnitTestResult executionId="c81e7501-049b-4a6c-82e5-1a5324d7a21f" testId="2c791600-54b7-7ae0-af7e-9f443708ddbe" testName="SalesApi.Tests.Domain.Entities.ProductTests.Product_WithInvalidImage_ShouldThrowArgumentException(invalidImage: &quot;&quot;)" computerName="BOOK-4J7LKOUHJ1" duration="00:00:00.0001417" startTime="2025-05-22T21:21:06.7912866-03:00" endTime="2025-05-22T21:21:06.7912867-03:00" testType="13cdc9d9-ddb5-4fa4-a97d-d965ccfc6d4b" outcome="Passed" testListId="8c84fa94-04c1-424b-9868-57a2d4851a1d" relativeResultsDirectory="c81e7501-049b-4a6c-82e5-1a5324d7a21f" />
    <UnitTestResult executionId="9bf7c6ae-b038-4958-a267-d53198b358e2" testId="93fca812-33c1-3761-3cd1-178bc086bc68" testName="SalesApi.Tests.Domain.Entities.ProductTests.Product_UpdatePrice_ShouldUpdateSuccessfully" computerName="BOOK-4J7LKOUHJ1" duration="00:00:00.0002498" startTime="2025-05-22T21:21:06.7917385-03:00" endTime="2025-05-22T21:21:06.7917386-03:00" testType="13cdc9d9-ddb5-4fa4-a97d-d965ccfc6d4b" outcome="Passed" testListId="8c84fa94-04c1-424b-9868-57a2d4851a1d" relativeResultsDirectory="9bf7c6ae-b038-4958-a267-d53198b358e2" />
    <UnitTestResult executionId="56548b23-16b7-40f0-8431-50bbf4aed2fb" testId="539a7cd9-2e0c-5c20-48af-bf0b7d17c44a" testName="SalesApi.Tests.Infrastructure.Repositories.SaleRepositoryTests.GetByBranchIdAsync_ShouldReturnSalesForBranch" computerName="BOOK-4J7LKOUHJ1" duration="00:00:00.0094800" startTime="2025-05-22T21:21:07.5702836-03:00" endTime="2025-05-22T21:21:07.5702837-03:00" testType="13cdc9d9-ddb5-4fa4-a97d-d965ccfc6d4b" outcome="Passed" testListId="8c84fa94-04c1-424b-9868-57a2d4851a1d" relativeResultsDirectory="56548b23-16b7-40f0-8431-50bbf4aed2fb" />
    <UnitTestResult executionId="c42b0a61-de0d-4ad4-ad75-bd7c386f6c95" testId="7e3989af-45a4-98af-9639-c57279a751dc" testName="SalesApi.IntegrationTests.SalesApiIntegrationTests.Should_Create_Sale_With_10PercentDiscount" computerName="BOOK-4J7LKOUHJ1" duration="00:00:00.0410010" startTime="2025-05-22T21:21:07.0655071-03:00" endTime="2025-05-22T21:21:07.0655076-03:00" testType="13cdc9d9-ddb5-4fa4-a97d-d965ccfc6d4b" outcome="Passed" testListId="8c84fa94-04c1-424b-9868-57a2d4851a1d" relativeResultsDirectory="c42b0a61-de0d-4ad4-ad75-bd7c386f6c95" />
    <UnitTestResult executionId="15101e3a-f5a4-47ee-a02c-09d2c22dfc23" testId="dd127a08-603c-f7e4-95d7-75c977e28e17" testName="SalesApi.Tests.Domain.Entities.ProductTests.Product_WithInvalidDescription_ShouldThrowArgumentException(invalidDescription: &quot;&quot;)" computerName="BOOK-4J7LKOUHJ1" duration="00:00:00.0001295" startTime="2025-05-22T21:21:06.7893398-03:00" endTime="2025-05-22T21:21:06.7893398-03:00" testType="13cdc9d9-ddb5-4fa4-a97d-d965ccfc6d4b" outcome="Passed" testListId="8c84fa94-04c1-424b-9868-57a2d4851a1d" relativeResultsDirectory="15101e3a-f5a4-47ee-a02c-09d2c22dfc23" />
    <UnitTestResult executionId="c7e63258-f5ac-4a3c-8364-e503b915cd02" testId="81f796f3-b910-79ac-ce97-4d7dd66e3762" testName="SalesApi.Tests.Domain.Entities.SaleTests.Sale_WithInvalidSaleNumber_ShouldThrowDomainException(invalidSaleNumber: null)" computerName="BOOK-4J7LKOUHJ1" duration="00:00:00.0001552" startTime="2025-05-22T21:21:06.7956721-03:00" endTime="2025-05-22T21:21:06.7956722-03:00" testType="13cdc9d9-ddb5-4fa4-a97d-d965ccfc6d4b" outcome="Passed" testListId="8c84fa94-04c1-424b-9868-57a2d4851a1d" relativeResultsDirectory="c7e63258-f5ac-4a3c-8364-e503b915cd02" />
    <UnitTestResult executionId="f575cfd1-fa76-433a-8215-02868b9c8405" testId="a2431f1a-e3a2-0613-0aa7-52c5bb15cd2c" testName="SalesApi.Tests.Domain.Entities.SaleTests.Sale_Cancel_WhenAlreadyCancelled_ShouldThrowDomainException" computerName="BOOK-4J7LKOUHJ1" duration="00:00:00.0004564" startTime="2025-05-22T21:21:06.7964179-03:00" endTime="2025-05-22T21:21:06.7964181-03:00" testType="13cdc9d9-ddb5-4fa4-a97d-d965ccfc6d4b" outcome="Passed" testListId="8c84fa94-04c1-424b-9868-57a2d4851a1d" relativeResultsDirectory="f575cfd1-fa76-433a-8215-02868b9c8405" />
    <UnitTestResult executionId="462b7d68-13c9-4259-9a11-78cd239be5ab" testId="fdcb0ef0-f66f-7e01-21e3-7e619655d7a2" testName="SalesApi.Tests.Domain.Entities.ProductTests.Product_WithInvalidCategory_ShouldThrowArgumentException(invalidCategory: &quot;   &quot;)" computerName="BOOK-4J7LKOUHJ1" duration="00:00:00.0001531" startTime="2025-05-22T21:21:06.7915998-03:00" endTime="2025-05-22T21:21:06.7915998-03:00" testType="13cdc9d9-ddb5-4fa4-a97d-d965ccfc6d4b" outcome="Passed" testListId="8c84fa94-04c1-424b-9868-57a2d4851a1d" relativeResultsDirectory="462b7d68-13c9-4259-9a11-78cd239be5ab" />
    <UnitTestResult executionId="a56a8a92-0aa7-49f8-a443-600a7edf487c" testId="f3fe1f5e-ae2f-af17-80d5-bd7f33f1f738" testName="SalesApi.Tests.Domain.Entities.SaleTests.Sale_WithInvalidSaleNumber_ShouldThrowDomainException(invalidSaleNumber: &quot;   &quot;)" computerName="BOOK-4J7LKOUHJ1" duration="00:00:00.0007955" startTime="2025-05-22T21:21:06.7950494-03:00" endTime="2025-05-22T21:21:06.7950496-03:00" testType="13cdc9d9-ddb5-4fa4-a97d-d965ccfc6d4b" outcome="Passed" testListId="8c84fa94-04c1-424b-9868-57a2d4851a1d" relativeResultsDirectory="a56a8a92-0aa7-49f8-a443-600a7edf487c" />
    <UnitTestResult executionId="e1268270-1657-49d8-8ff6-982e6c59671c" testId="cec41b6c-b17c-8893-178d-a0c727085708" testName="SalesApi.Tests.Domain.Entities.ProductTests.Product_WithInvalidDescription_ShouldThrowArgumentException(invalidDescription: &quot;   &quot;)" computerName="BOOK-4J7LKOUHJ1" duration="00:00:00.0002668" startTime="2025-05-22T21:21:06.7892986-03:00" endTime="2025-05-22T21:21:06.7892986-03:00" testType="13cdc9d9-ddb5-4fa4-a97d-d965ccfc6d4b" outcome="Passed" testListId="8c84fa94-04c1-424b-9868-57a2d4851a1d" relativeResultsDirectory="e1268270-1657-49d8-8ff6-982e6c59671c" />
    <UnitTestResult executionId="1aac1db4-013e-4012-8cde-e7d605f595b2" testId="73b0f17c-06c0-36ac-c808-544996a14c81" testName="SalesApi.Tests.Domain.Entities.SaleTests.Sale_WithValidData_ShouldCreateSuccessfully" computerName="BOOK-4J7LKOUHJ1" duration="00:00:00.0048324" startTime="2025-05-22T21:21:06.7941005-03:00" endTime="2025-05-22T21:21:06.7941007-03:00" testType="13cdc9d9-ddb5-4fa4-a97d-d965ccfc6d4b" outcome="Passed" testListId="8c84fa94-04c1-424b-9868-57a2d4851a1d" relativeResultsDirectory="1aac1db4-013e-4012-8cde-e7d605f595b2" />
    <UnitTestResult executionId="2208f0dc-8b35-4323-98ed-cc411e28eab5" testId="7af21914-4519-5a54-e1ce-d992023c80a1" testName="SalesApi.Tests.Domain.Entities.SaleTests.Sale_Cancel_ShouldCancelSuccessfully" computerName="BOOK-4J7LKOUHJ1" duration="00:00:00.0002379" startTime="2025-05-22T21:21:06.7959579-03:00" endTime="2025-05-22T21:21:06.7959580-03:00" testType="13cdc9d9-ddb5-4fa4-a97d-d965ccfc6d4b" outcome="Passed" testListId="8c84fa94-04c1-424b-9868-57a2d4851a1d" relativeResultsDirectory="2208f0dc-8b35-4323-98ed-cc411e28eab5" />
    <UnitTestResult executionId="b2c399f5-340e-40f4-8f5d-db3493270dbc" testId="0dc1834b-af63-0a75-c976-5e11157429a6" testName="SalesApi.IntegrationTests.SalesApiIntegrationTests.Should_Create_Sale_With_NoDiscount" computerName="BOOK-4J7LKOUHJ1" duration="00:00:00.6086658" startTime="2025-05-22T21:21:06.8991657-03:00" endTime="2025-05-22T21:21:06.8991659-03:00" testType="13cdc9d9-ddb5-4fa4-a97d-d965ccfc6d4b" outcome="Passed" testListId="8c84fa94-04c1-424b-9868-57a2d4851a1d" relativeResultsDirectory="b2c399f5-340e-40f4-8f5d-db3493270dbc" />
    <UnitTestResult executionId="3e9f546c-954e-438b-ad24-72b7977e062f" testId="edf8c7a7-f0ff-ed66-f5e5-e68ae9a2551b" testName="SalesApi.Tests.Infrastructure.Repositories.ProductRepositoryTests.GetByCategoryAsync_ShouldReturnProductsInCategory" computerName="BOOK-4J7LKOUHJ1" duration="00:00:00.0078737" startTime="2025-05-22T21:21:07.5712248-03:00" endTime="2025-05-22T21:21:07.5712249-03:00" testType="13cdc9d9-ddb5-4fa4-a97d-d965ccfc6d4b" outcome="Passed" testListId="8c84fa94-04c1-424b-9868-57a2d4851a1d" relativeResultsDirectory="3e9f546c-954e-438b-ad24-72b7977e062f" />
    <UnitTestResult executionId="ae220786-8ea2-449c-baf5-1bea64a2997a" testId="5b8b0c1a-9f72-8988-ee80-a5cecd01bbce" testName="SalesApi.Tests.Application.Sales.Queries.GetAllSales.GetAllSalesQueryHandlerTests.Handle_ShouldReturnMappedSales" computerName="BOOK-4J7LKOUHJ1" duration="00:00:00.5953588" startTime="2025-05-22T21:21:06.8840135-03:00" endTime="2025-05-22T21:21:06.8840136-03:00" testType="13cdc9d9-ddb5-4fa4-a97d-d965ccfc6d4b" outcome="Passed" testListId="8c84fa94-04c1-424b-9868-57a2d4851a1d" relativeResultsDirectory="ae220786-8ea2-449c-baf5-1bea64a2997a" />
    <UnitTestResult executionId="25647d22-70a8-4c6c-8982-3a0ec979edd7" testId="899c574e-8ee9-5de6-b292-7377cf2e78c7" testName="SalesApi.Tests.Domain.Entities.SaleTests.Sale_RemoveItem_WhenCancelled_ShouldThrowException" computerName="BOOK-4J7LKOUHJ1" duration="00:00:00.0004829" startTime="2025-05-22T21:21:06.8009020-03:00" endTime="2025-05-22T21:21:06.8009021-03:00" testType="13cdc9d9-ddb5-4fa4-a97d-d965ccfc6d4b" outcome="Passed" testListId="8c84fa94-04c1-424b-9868-57a2d4851a1d" relativeResultsDirectory="25647d22-70a8-4c6c-8982-3a0ec979edd7" />
    <UnitTestResult executionId="dc7811b0-f62d-4cb1-925b-1a21f647926f" testId="1d8162c6-cf61-3eae-922e-b2c953c41cd7" testName="SalesApi.Tests.Infrastructure.Mappings.MappingProfileTests.Map_CreateSaleCommand_To_Sale_WithItemsAndDiscount" computerName="BOOK-4J7LKOUHJ1" duration="00:00:00.5910263" startTime="2025-05-22T21:21:06.8790756-03:00" endTime="2025-05-22T21:21:06.8790758-03:00" testType="13cdc9d9-ddb5-4fa4-a97d-d965ccfc6d4b" outcome="Passed" testListId="8c84fa94-04c1-424b-9868-57a2d4851a1d" relativeResultsDirectory="dc7811b0-f62d-4cb1-925b-1a21f647926f">
      <Output>
        <StdOut>Item - Quantity: 5&#xD;
Item - UnitPrice: 100,00&#xD;
Item - Discount: 50,00&#xD;
Item - Total: 450,00&#xD;
Item - Quantity: 10&#xD;
Item - UnitPrice: 50,00&#xD;
Item - Discount: 100,00&#xD;
Item - Total: 400,00</StdOut>
      </Output>
    </UnitTestResult>
    <UnitTestResult executionId="26bf9504-6ff7-4a29-b19c-eeb64d6b93ac" testId="050885c9-dac9-7348-5a46-a7e3c3eac6da" testName="SalesApi.Tests.WebApi.Controllers.ProductsControllerTests.GetAllProducts_ReturnsOkResult" computerName="BOOK-4J7LKOUHJ1" duration="00:00:00.0043470" startTime="2025-05-22T21:21:06.8793927-03:00" endTime="2025-05-22T21:21:06.8793927-03:00" testType="13cdc9d9-ddb5-4fa4-a97d-d965ccfc6d4b" outcome="Passed" testListId="8c84fa94-04c1-424b-9868-57a2d4851a1d" relativeResultsDirectory="26bf9504-6ff7-4a29-b19c-eeb64d6b93ac" />
    <UnitTestResult executionId="90582b21-2a2c-4d53-a586-bf3aee357e43" testId="f81923f6-d7ae-1b49-5fc7-f857222b3603" testName="SalesApi.Tests.Infrastructure.Repositories.UnitOfWorkTests.Dispose_ShouldDisposeContext" computerName="BOOK-4J7LKOUHJ1" duration="00:00:00.0024668" startTime="2025-05-22T21:21:07.4507543-03:00" endTime="2025-05-22T21:21:07.4507547-03:00" testType="13cdc9d9-ddb5-4fa4-a97d-d965ccfc6d4b" outcome="Passed" testListId="8c84fa94-04c1-424b-9868-57a2d4851a1d" relativeResultsDirectory="90582b21-2a2c-4d53-a586-bf3aee357e43" />
    <UnitTestResult executionId="004c6cfb-086b-46a1-b3ed-577969eb8dc6" testId="112a6cec-d0f7-a314-ceac-aafe5fe4bae8" testName="SalesApi.Tests.Infrastructure.Repositories.ProductRepositoryTests.GetAllAsync_ShouldReturnAllProducts" computerName="BOOK-4J7LKOUHJ1" duration="00:00:00.0072080" startTime="2025-05-22T21:21:07.5632224-03:00" endTime="2025-05-22T21:21:07.5632226-03:00" testType="13cdc9d9-ddb5-4fa4-a97d-d965ccfc6d4b" outcome="Passed" testListId="8c84fa94-04c1-424b-9868-57a2d4851a1d" relativeResultsDirectory="004c6cfb-086b-46a1-b3ed-577969eb8dc6" />
    <UnitTestResult executionId="ec56ccfc-d4b3-4878-aca7-246ea7678c35" testId="09024b1f-8b9b-1484-9d39-bec2056c0cc3" testName="SalesApi.Tests.Application.Products.Commands.CreateProduct.CreateProductCommandHandlerTests.Handle_NegativePrice_ShouldThrowArgumentException" computerName="BOOK-4J7LKOUHJ1" duration="00:00:00.0032016" startTime="2025-05-22T21:21:06.8692302-03:00" endTime="2025-05-22T21:21:06.8692306-03:00" testType="13cdc9d9-ddb5-4fa4-a97d-d965ccfc6d4b" outcome="Passed" testListId="8c84fa94-04c1-424b-9868-57a2d4851a1d" relativeResultsDirectory="ec56ccfc-d4b3-4878-aca7-246ea7678c35" />
  </Results>
  <TestDefinitions>
    <UnitTest name="SalesApi.Tests.WebApi.Controllers.SalesControllerTests.CreateSale_ValidRequest_ReturnsOkResult" storage="c:\projetos\salesapi\tests\bin\debug\net8.0\salesapi.tests.dll" id="344519db-8b68-7ea4-a6c9-a9276dd6ade7">
      <Execution id="489eea7d-5004-41d2-9915-06acdabd8f13" />
      <TestMethod codeBase="C:\Projetos\SalesApi\tests\bin\Debug\net8.0\SalesApi.Tests.dll" adapterTypeName="executor://xunit/VsTestRunner2/netcoreapp" className="SalesApi.Tests.WebApi.Controllers.SalesControllerTests" name="CreateSale_ValidRequest_ReturnsOkResult" />
    </UnitTest>
    <UnitTest name="SalesApi.Tests.Application.Products.Commands.CreateProduct.CreateProductCommandHandlerTests.Handle_ValidCommand_ShouldCreateProduct" storage="c:\projetos\salesapi\tests\bin\debug\net8.0\salesapi.tests.dll" id="d7f73c86-752c-f0d6-5ba9-913e909464cd">
      <Execution id="01aefe8a-9cb9-4062-a004-424a4c174701" />
      <TestMethod codeBase="C:\Projetos\SalesApi\tests\bin\Debug\net8.0\SalesApi.Tests.dll" adapterTypeName="executor://xunit/VsTestRunner2/netcoreapp" className="SalesApi.Tests.Application.Products.Commands.CreateProduct.CreateProductCommandHandlerTests" name="Handle_ValidCommand_ShouldCreateProduct" />
    </UnitTest>
    <UnitTest name="SalesApi.Tests.Domain.Entities.ProductTests.Product_UpdateTitle_ShouldUpdateSuccessfully" storage="c:\projetos\salesapi\tests\bin\debug\net8.0\salesapi.tests.dll" id="728f0d77-144c-0098-0b92-52a117d163ca">
      <Execution id="15f9518c-f427-4074-9bd7-68d990a46ea4" />
      <TestMethod codeBase="C:\Projetos\SalesApi\tests\bin\Debug\net8.0\SalesApi.Tests.dll" adapterTypeName="executor://xunit/VsTestRunner2/netcoreapp" className="SalesApi.Tests.Domain.Entities.ProductTests" name="Product_UpdateTitle_ShouldUpdateSuccessfully" />
    </UnitTest>
    <UnitTest name="SalesApi.Tests.Domain.Entities.ProductTests.Product_WithValidData_ShouldCreateSuccessfully" storage="c:\projetos\salesapi\tests\bin\debug\net8.0\salesapi.tests.dll" id="b21b9893-1a8e-b77c-0f7a-2f53c95bb58c">
      <Execution id="a589f8a0-1ab5-47d1-b921-9b4d3a25a711" />
      <TestMethod codeBase="C:\Projetos\SalesApi\tests\bin\Debug\net8.0\SalesApi.Tests.dll" adapterTypeName="executor://xunit/VsTestRunner2/netcoreapp" className="SalesApi.Tests.Domain.Entities.ProductTests" name="Product_WithValidData_ShouldCreateSuccessfully" />
    </UnitTest>
    <UnitTest name="SalesApi.Tests.Application.Sales.Commands.CreateSale.CreateSaleCommandHandlerTests.Handle_ValidCommand_ShouldCreateSale" storage="c:\projetos\salesapi\tests\bin\debug\net8.0\salesapi.tests.dll" id="0bba7a41-3a7c-cc03-2af0-b7298818251f">
      <Execution id="5575679c-ce21-417b-8177-30d731c36e11" />
      <TestMethod codeBase="C:\Projetos\SalesApi\tests\bin\Debug\net8.0\SalesApi.Tests.dll" adapterTypeName="executor://xunit/VsTestRunner2/netcoreapp" className="SalesApi.Tests.Application.Sales.Commands.CreateSale.CreateSaleCommandHandlerTests" name="Handle_ValidCommand_ShouldCreateSale" />
    </UnitTest>
    <UnitTest name="SalesApi.IntegrationTests.SalesApiIntegrationTests.Create_Products" storage="c:\projetos\salesapi\tests\bin\debug\net8.0\salesapi.tests.dll" id="ef82b2dc-2bfe-9870-70fc-6959d243903c">
      <Execution id="2d3133d3-0bba-4ca1-b717-627fb05bd8ec" />
      <TestMethod codeBase="C:\Projetos\SalesApi\tests\bin\Debug\net8.0\SalesApi.Tests.dll" adapterTypeName="executor://xunit/VsTestRunner2/netcoreapp" className="SalesApi.IntegrationTests.SalesApiIntegrationTests" name="Create_Products" />
    </UnitTest>
    <UnitTest name="SalesApi.Tests.Application.Sales.Queries.GetAllSales.GetAllSalesQueryHandlerTests.Handle_ShouldReturnMappedSales" storage="c:\projetos\salesapi\tests\bin\debug\net8.0\salesapi.tests.dll" id="5b8b0c1a-9f72-8988-ee80-a5cecd01bbce">
      <Execution id="ae220786-8ea2-449c-baf5-1bea64a2997a" />
      <TestMethod codeBase="C:\Projetos\SalesApi\tests\bin\Debug\net8.0\SalesApi.Tests.dll" adapterTypeName="executor://xunit/VsTestRunner2/netcoreapp" className="SalesApi.Tests.Application.Sales.Queries.GetAllSales.GetAllSalesQueryHandlerTests" name="Handle_ShouldReturnMappedSales" />
    </UnitTest>
    <UnitTest name="SalesApi.Tests.Infrastructure.Mappings.MappingProfileTests.Map_Sale_To_SaleViewModel_WithDiscount" storage="c:\projetos\salesapi\tests\bin\debug\net8.0\salesapi.tests.dll" id="66668d44-a1c8-becf-9493-804434f23faf">
      <Execution id="cb0a175f-271f-4561-9b74-0272dcd0aa93" />
      <TestMethod codeBase="C:\Projetos\SalesApi\tests\bin\Debug\net8.0\SalesApi.Tests.dll" adapterTypeName="executor://xunit/VsTestRunner2/netcoreapp" className="SalesApi.Tests.Infrastructure.Mappings.MappingProfileTests" name="Map_Sale_To_SaleViewModel_WithDiscount" />
    </UnitTest>
    <UnitTest name="SalesApi.Tests.Domain.Entities.ProductTests.Product_WithInvalidImage_ShouldThrowArgumentException(invalidImage: &quot;&quot;)" storage="c:\projetos\salesapi\tests\bin\debug\net8.0\salesapi.tests.dll" id="2c791600-54b7-7ae0-af7e-9f443708ddbe">
      <Execution id="c81e7501-049b-4a6c-82e5-1a5324d7a21f" />
      <TestMethod codeBase="C:\Projetos\SalesApi\tests\bin\Debug\net8.0\SalesApi.Tests.dll" adapterTypeName="executor://xunit/VsTestRunner2/netcoreapp" className="SalesApi.Tests.Domain.Entities.ProductTests" name="Product_WithInvalidImage_ShouldThrowArgumentException" />
    </UnitTest>
    <UnitTest name="SalesApi.Tests.Domain.Entities.ProductTests.Product_WithInvalidImage_ShouldThrowArgumentException(invalidImage: null)" storage="c:\projetos\salesapi\tests\bin\debug\net8.0\salesapi.tests.dll" id="93a9b03d-121f-2bfe-6018-583ffcb4c054">
      <Execution id="8c13371a-08c6-4cf6-9bab-2594a3f421d2" />
      <TestMethod codeBase="C:\Projetos\SalesApi\tests\bin\Debug\net8.0\SalesApi.Tests.dll" adapterTypeName="executor://xunit/VsTestRunner2/netcoreapp" className="SalesApi.Tests.Domain.Entities.ProductTests" name="Product_WithInvalidImage_ShouldThrowArgumentException" />
    </UnitTest>
    <UnitTest name="SalesApi.Tests.Infrastructure.Mappings.MappingProfileTests.Map_CreateSaleCommand_To_Sale_WithItemsAndDiscount" storage="c:\projetos\salesapi\tests\bin\debug\net8.0\salesapi.tests.dll" id="1d8162c6-cf61-3eae-922e-b2c953c41cd7">
      <Execution id="dc7811b0-f62d-4cb1-925b-1a21f647926f" />
      <TestMethod codeBase="C:\Projetos\SalesApi\tests\bin\Debug\net8.0\SalesApi.Tests.dll" adapterTypeName="executor://xunit/VsTestRunner2/netcoreapp" className="SalesApi.Tests.Infrastructure.Mappings.MappingProfileTests" name="Map_CreateSaleCommand_To_Sale_WithItemsAndDiscount" />
    </UnitTest>
    <UnitTest name="SalesApi.Tests.Infrastructure.Repositories.SaleRepositoryTests.GetByBranchIdAsync_ShouldReturnSalesForBranch" storage="c:\projetos\salesapi\tests\bin\debug\net8.0\salesapi.tests.dll" id="539a7cd9-2e0c-5c20-48af-bf0b7d17c44a">
      <Execution id="56548b23-16b7-40f0-8431-50bbf4aed2fb" />
      <TestMethod codeBase="C:\Projetos\SalesApi\tests\bin\Debug\net8.0\SalesApi.Tests.dll" adapterTypeName="executor://xunit/VsTestRunner2/netcoreapp" className="SalesApi.Tests.Infrastructure.Repositories.SaleRepositoryTests" name="GetByBranchIdAsync_ShouldReturnSalesForBranch" />
    </UnitTest>
    <UnitTest name="SalesApi.Tests.Application.Products.Commands.CreateProduct.CreateProductCommandHandlerTests.Handle_EmptyDescription_ShouldThrowArgumentException" storage="c:\projetos\salesapi\tests\bin\debug\net8.0\salesapi.tests.dll" id="f28e8a34-9b79-63bd-82d8-0512b218a09a">
      <Execution id="a4c454ba-231e-4d8d-a52c-b96409b0c656" />
      <TestMethod codeBase="C:\Projetos\SalesApi\tests\bin\Debug\net8.0\SalesApi.Tests.dll" adapterTypeName="executor://xunit/VsTestRunner2/netcoreapp" className="SalesApi.Tests.Application.Products.Commands.CreateProduct.CreateProductCommandHandlerTests" name="Handle_EmptyDescription_ShouldThrowArgumentException" />
    </UnitTest>
    <UnitTest name="SalesApi.Tests.Infrastructure.Repositories.ProductRepositoryTests.GetByCategoryAsync_ShouldReturnProductsInCategory" storage="c:\projetos\salesapi\tests\bin\debug\net8.0\salesapi.tests.dll" id="edf8c7a7-f0ff-ed66-f5e5-e68ae9a2551b">
      <Execution id="3e9f546c-954e-438b-ad24-72b7977e062f" />
      <TestMethod codeBase="C:\Projetos\SalesApi\tests\bin\Debug\net8.0\SalesApi.Tests.dll" adapterTypeName="executor://xunit/VsTestRunner2/netcoreapp" className="SalesApi.Tests.Infrastructure.Repositories.ProductRepositoryTests" name="GetByCategoryAsync_ShouldReturnProductsInCategory" />
    </UnitTest>
    <UnitTest name="SalesApi.IntegrationTests.SalesApiIntegrationTests.Should_Apply_20Percent_Discount_For_10_To_20_Items" storage="c:\projetos\salesapi\tests\bin\debug\net8.0\salesapi.tests.dll" id="7fa965cf-1467-31b1-6e0a-eab5d3b3931c">
      <Execution id="2683afbb-a0f7-468d-8c86-926f2bd40f6c" />
      <TestMethod codeBase="C:\Projetos\SalesApi\tests\bin\Debug\net8.0\SalesApi.Tests.dll" adapterTypeName="executor://xunit/VsTestRunner2/netcoreapp" className="SalesApi.IntegrationTests.SalesApiIntegrationTests" name="Should_Apply_20Percent_Discount_For_10_To_20_Items" />
    </UnitTest>
    <UnitTest name="SalesApi.Tests.WebApi.Controllers.ProductsControllerTests.CreateProduct_ValidRequest_ReturnsOkResult" storage="c:\projetos\salesapi\tests\bin\debug\net8.0\salesapi.tests.dll" id="2ed74bc9-938d-8c0e-9dca-3bfd4fe7e17f">
      <Execution id="21720f21-5cc5-422b-a9d9-973fc61be309" />
      <TestMethod codeBase="C:\Projetos\SalesApi\tests\bin\Debug\net8.0\SalesApi.Tests.dll" adapterTypeName="executor://xunit/VsTestRunner2/netcoreapp" className="SalesApi.Tests.WebApi.Controllers.ProductsControllerTests" name="CreateProduct_ValidRequest_ReturnsOkResult" />
    </UnitTest>
    <UnitTest name="SalesApi.Tests.Domain.Entities.SaleItemTests.SaleItem_WithInvalidQuantity_ShouldThrowArgumentException(invalidQuantity: 0)" storage="c:\projetos\salesapi\tests\bin\debug\net8.0\salesapi.tests.dll" id="ca23fb70-52fe-a315-a23b-be521f68daf3">
      <Execution id="71cb0c63-2a1b-4c8b-897b-b3a11b2c5f6e" />
      <TestMethod codeBase="C:\Projetos\SalesApi\tests\bin\Debug\net8.0\SalesApi.Tests.dll" adapterTypeName="executor://xunit/VsTestRunner2/netcoreapp" className="SalesApi.Tests.Domain.Entities.SaleItemTests" name="SaleItem_WithInvalidQuantity_ShouldThrowArgumentException" />
    </UnitTest>
    <UnitTest name="SalesApi.IntegrationTests.SalesApiIntegrationTests.Should_Cancel_Sale" storage="c:\projetos\salesapi\tests\bin\debug\net8.0\salesapi.tests.dll" id="aa1e9416-bae1-6391-6278-88d6074569a5">
      <Execution id="da8c94d2-90d0-47fd-b357-98912c49d5c0" />
      <TestMethod codeBase="C:\Projetos\SalesApi\tests\bin\Debug\net8.0\SalesApi.Tests.dll" adapterTypeName="executor://xunit/VsTestRunner2/netcoreapp" className="SalesApi.IntegrationTests.SalesApiIntegrationTests" name="Should_Cancel_Sale" />
    </UnitTest>
    <UnitTest name="SalesApi.Tests.Domain.Entities.SaleItemTests.SaleItem_WithInvalidQuantity_ShouldThrowArgumentException(invalidQuantity: -1)" storage="c:\projetos\salesapi\tests\bin\debug\net8.0\salesapi.tests.dll" id="0b56492f-95a1-dd4b-4bf3-ced8550c915a">
      <Execution id="d77af96e-b8ae-4113-a2a4-ce618d2f3951" />
      <TestMethod codeBase="C:\Projetos\SalesApi\tests\bin\Debug\net8.0\SalesApi.Tests.dll" adapterTypeName="executor://xunit/VsTestRunner2/netcoreapp" className="SalesApi.Tests.Domain.Entities.SaleItemTests" name="SaleItem_WithInvalidQuantity_ShouldThrowArgumentException" />
    </UnitTest>
    <UnitTest name="SalesApi.Tests.Domain.Entities.SaleTests.Sale_AddItem_WhenCancelled_ShouldThrowException" storage="c:\projetos\salesapi\tests\bin\debug\net8.0\salesapi.tests.dll" id="91f2249b-ca5b-e54a-e671-e9d2e35328df">
      <Execution id="42002e6e-dc83-4044-8edb-fbbf5d162bfc" />
      <TestMethod codeBase="C:\Projetos\SalesApi\tests\bin\Debug\net8.0\SalesApi.Tests.dll" adapterTypeName="executor://xunit/VsTestRunner2/netcoreapp" className="SalesApi.Tests.Domain.Entities.SaleTests" name="Sale_AddItem_WhenCancelled_ShouldThrowException" />
    </UnitTest>
    <UnitTest name="SalesApi.Tests.Domain.Entities.ProductTests.Product_WithInvalidCategory_ShouldThrowArgumentException(invalidCategory: &quot;&quot;)" storage="c:\projetos\salesapi\tests\bin\debug\net8.0\salesapi.tests.dll" id="6830bcdb-5523-e7b2-7b8d-5831742e7d5f">
      <Execution id="492f3f23-3220-4b1f-a968-6c3948890bfb" />
      <TestMethod codeBase="C:\Projetos\SalesApi\tests\bin\Debug\net8.0\SalesApi.Tests.dll" adapterTypeName="executor://xunit/VsTestRunner2/netcoreapp" className="SalesApi.Tests.Domain.Entities.ProductTests" name="Product_WithInvalidCategory_ShouldThrowArgumentException" />
    </UnitTest>
    <UnitTest name="SalesApi.Tests.Infrastructure.Repositories.SaleRepositoryTests.GetByIdAsync_WhenSaleDoesNotExist_ShouldReturnNull" storage="c:\projetos\salesapi\tests\bin\debug\net8.0\salesapi.tests.dll" id="5a0441e1-31ff-d192-2eb2-ab6699512df3">
      <Execution id="85e1ffd3-bf8d-4c95-a405-9426423e4e61" />
      <TestMethod codeBase="C:\Projetos\SalesApi\tests\bin\Debug\net8.0\SalesApi.Tests.dll" adapterTypeName="executor://xunit/VsTestRunner2/netcoreapp" className="SalesApi.Tests.Infrastructure.Repositories.SaleRepositoryTests" name="GetByIdAsync_WhenSaleDoesNotExist_ShouldReturnNull" />
    </UnitTest>
    <UnitTest name="SalesApi.Tests.Domain.Entities.ProductTests.Product_WithInvalidCategory_ShouldThrowArgumentException(invalidCategory: &quot;   &quot;)" storage="c:\projetos\salesapi\tests\bin\debug\net8.0\salesapi.tests.dll" id="fdcb0ef0-f66f-7e01-21e3-7e619655d7a2">
      <Execution id="462b7d68-13c9-4259-9a11-78cd239be5ab" />
      <TestMethod codeBase="C:\Projetos\SalesApi\tests\bin\Debug\net8.0\SalesApi.Tests.dll" adapterTypeName="executor://xunit/VsTestRunner2/netcoreapp" className="SalesApi.Tests.Domain.Entities.ProductTests" name="Product_WithInvalidCategory_ShouldThrowArgumentException" />
    </UnitTest>
    <UnitTest name="SalesApi.Tests.Domain.Entities.SaleTests.Sale_AddItem_WithExistingProduct_WhenExceedingMaxQuantity_ShouldThrowException" storage="c:\projetos\salesapi\tests\bin\debug\net8.0\salesapi.tests.dll" id="077db20d-9541-47ae-fc45-fe13dc831f85">
      <Execution id="f6e1c8d5-33bd-489b-a5c7-53c0ae842a26" />
      <TestMethod codeBase="C:\Projetos\SalesApi\tests\bin\Debug\net8.0\SalesApi.Tests.dll" adapterTypeName="executor://xunit/VsTestRunner2/netcoreapp" className="SalesApi.Tests.Domain.Entities.SaleTests" name="Sale_AddItem_WithExistingProduct_WhenExceedingMaxQuantity_ShouldThrowException" />
    </UnitTest>
    <UnitTest name="SalesApi.Tests.Infrastructure.Repositories.UnitOfWorkTests.Products_ShouldReturnProductRepository" storage="c:\projetos\salesapi\tests\bin\debug\net8.0\salesapi.tests.dll" id="26072b4b-1469-58ee-d7ca-7332934163b4">
      <Execution id="6a941119-25aa-4705-8e71-5a07fc6a602b" />
      <TestMethod codeBase="C:\Projetos\SalesApi\tests\bin\Debug\net8.0\SalesApi.Tests.dll" adapterTypeName="executor://xunit/VsTestRunner2/netcoreapp" className="SalesApi.Tests.Infrastructure.Repositories.UnitOfWorkTests" name="Products_ShouldReturnProductRepository" />
    </UnitTest>
    <UnitTest name="SalesApi.Tests.Domain.Entities.SaleTests.Sale_RemoveItem_WhenCancelled_ShouldThrowException" storage="c:\projetos\salesapi\tests\bin\debug\net8.0\salesapi.tests.dll" id="899c574e-8ee9-5de6-b292-7377cf2e78c7">
      <Execution id="25647d22-70a8-4c6c-8982-3a0ec979edd7" />
      <TestMethod codeBase="C:\Projetos\SalesApi\tests\bin\Debug\net8.0\SalesApi.Tests.dll" adapterTypeName="executor://xunit/VsTestRunner2/netcoreapp" className="SalesApi.Tests.Domain.Entities.SaleTests" name="Sale_RemoveItem_WhenCancelled_ShouldThrowException" />
    </UnitTest>
    <UnitTest name="SalesApi.Tests.Domain.Entities.SaleItemTests.SaleItem_UpdateQuantity_ShouldUpdateSuccessfully" storage="c:\projetos\salesapi\tests\bin\debug\net8.0\salesapi.tests.dll" id="1b468c9e-a019-dac2-96e8-cc42c7a665f5">
      <Execution id="4f2df9a2-11b3-4cdf-8f1b-f7f6898b053e" />
      <TestMethod codeBase="C:\Projetos\SalesApi\tests\bin\Debug\net8.0\SalesApi.Tests.dll" adapterTypeName="executor://xunit/VsTestRunner2/netcoreapp" className="SalesApi.Tests.Domain.Entities.SaleItemTests" name="SaleItem_UpdateQuantity_ShouldUpdateSuccessfully" />
    </UnitTest>
    <UnitTest name="SalesApi.Tests.Domain.Entities.SaleItemTests.SaleItem_SetSale_ShouldSetSaleSuccessfully" storage="c:\projetos\salesapi\tests\bin\debug\net8.0\salesapi.tests.dll" id="43b314a0-d925-6282-95af-e2343baa90a2">
      <Execution id="1812fcdc-5226-4001-829b-2e166ce59779" />
      <TestMethod codeBase="C:\Projetos\SalesApi\tests\bin\Debug\net8.0\SalesApi.Tests.dll" adapterTypeName="executor://xunit/VsTestRunner2/netcoreapp" className="SalesApi.Tests.Domain.Entities.SaleItemTests" name="SaleItem_SetSale_ShouldSetSaleSuccessfully" />
    </UnitTest>
    <UnitTest name="SalesApi.Tests.Domain.Entities.SaleItemTests.SaleItem_WithValidData_ShouldCreateSuccessfully" storage="c:\projetos\salesapi\tests\bin\debug\net8.0\salesapi.tests.dll" id="b01fbcb1-8deb-dadf-38ee-73511fd0bc32">
      <Execution id="7e9b6517-6a19-4b90-b984-5b1c5acdb32c" />
      <TestMethod codeBase="C:\Projetos\SalesApi\tests\bin\Debug\net8.0\SalesApi.Tests.dll" adapterTypeName="executor://xunit/VsTestRunner2/netcoreapp" className="SalesApi.Tests.Domain.Entities.SaleItemTests" name="SaleItem_WithValidData_ShouldCreateSuccessfully" />
    </UnitTest>
    <UnitTest name="SalesApi.Tests.Infrastructure.Repositories.UnitOfWorkTests.Sales_ShouldReturnSaleRepository" storage="c:\projetos\salesapi\tests\bin\debug\net8.0\salesapi.tests.dll" id="fc9d1d96-6597-a93e-f444-c17465638448">
      <Execution id="fcbc3ac0-5c84-4900-9ee9-5714696b58e1" />
      <TestMethod codeBase="C:\Projetos\SalesApi\tests\bin\Debug\net8.0\SalesApi.Tests.dll" adapterTypeName="executor://xunit/VsTestRunner2/netcoreapp" className="SalesApi.Tests.Infrastructure.Repositories.UnitOfWorkTests" name="Sales_ShouldReturnSaleRepository" />
    </UnitTest>
    <UnitTest name="SalesApi.Tests.Infrastructure.Repositories.ProductRepositoryTests.GetByIdAsync_WhenProductExists_ShouldReturnProduct" storage="c:\projetos\salesapi\tests\bin\debug\net8.0\salesapi.tests.dll" id="f5dc0a55-d6c7-970c-78ac-703c7436ff82">
      <Execution id="fd15a038-be21-4377-b067-e014aca6888f" />
      <TestMethod codeBase="C:\Projetos\SalesApi\tests\bin\Debug\net8.0\SalesApi.Tests.dll" adapterTypeName="executor://xunit/VsTestRunner2/netcoreapp" className="SalesApi.Tests.Infrastructure.Repositories.ProductRepositoryTests" name="GetByIdAsync_WhenProductExists_ShouldReturnProduct" />
    </UnitTest>
    <UnitTest name="SalesApi.Tests.Domain.Entities.ProductTests.Product_UpdatePrice_ShouldUpdateSuccessfully" storage="c:\projetos\salesapi\tests\bin\debug\net8.0\salesapi.tests.dll" id="93fca812-33c1-3761-3cd1-178bc086bc68">
      <Execution id="9bf7c6ae-b038-4958-a267-d53198b358e2" />
      <TestMethod codeBase="C:\Projetos\SalesApi\tests\bin\Debug\net8.0\SalesApi.Tests.dll" adapterTypeName="executor://xunit/VsTestRunner2/netcoreapp" className="SalesApi.Tests.Domain.Entities.ProductTests" name="Product_UpdatePrice_ShouldUpdateSuccessfully" />
    </UnitTest>
    <UnitTest name="SalesApi.Tests.Domain.Entities.ProductTests.Product_WithInvalidDescription_ShouldThrowArgumentException(invalidDescription: &quot;&quot;)" storage="c:\projetos\salesapi\tests\bin\debug\net8.0\salesapi.tests.dll" id="dd127a08-603c-f7e4-95d7-75c977e28e17">
      <Execution id="15101e3a-f5a4-47ee-a02c-09d2c22dfc23" />
      <TestMethod codeBase="C:\Projetos\SalesApi\tests\bin\Debug\net8.0\SalesApi.Tests.dll" adapterTypeName="executor://xunit/VsTestRunner2/netcoreapp" className="SalesApi.Tests.Domain.Entities.ProductTests" name="Product_WithInvalidDescription_ShouldThrowArgumentException" />
    </UnitTest>
    <UnitTest name="SalesApi.Tests.Application.Sales.Commands.CreateSale.CreateSaleCommandHandlerTests.Handle_EmptyItems_ShouldThrowArgumentException" storage="c:\projetos\salesapi\tests\bin\debug\net8.0\salesapi.tests.dll" id="86bf6c38-dee9-6434-9633-7566e0d815bb">
      <Execution id="4e7fdad1-e6d1-490f-bf8d-947576656f4f" />
      <TestMethod codeBase="C:\Projetos\SalesApi\tests\bin\Debug\net8.0\SalesApi.Tests.dll" adapterTypeName="executor://xunit/VsTestRunner2/netcoreapp" className="SalesApi.Tests.Application.Sales.Commands.CreateSale.CreateSaleCommandHandlerTests" name="Handle_EmptyItems_ShouldThrowArgumentException" />
    </UnitTest>
    <UnitTest name="SalesApi.Tests.Domain.Entities.SaleItemTests.SaleItem_WithQuantityAboveMax_ShouldThrowArgumentException" storage="c:\projetos\salesapi\tests\bin\debug\net8.0\salesapi.tests.dll" id="4e14a4a4-8cff-1212-4ff0-83d8ec49f5d8">
      <Execution id="a2e44997-7bd8-4099-b392-976a8e11abb5" />
      <TestMethod codeBase="C:\Projetos\SalesApi\tests\bin\Debug\net8.0\SalesApi.Tests.dll" adapterTypeName="executor://xunit/VsTestRunner2/netcoreapp" className="SalesApi.Tests.Domain.Entities.SaleItemTests" name="SaleItem_WithQuantityAboveMax_ShouldThrowArgumentException" />
    </UnitTest>
    <UnitTest name="SalesApi.IntegrationTests.SalesApiIntegrationTests.Should_Create_Sale_With_10PercentDiscount_20Prod" storage="c:\projetos\salesapi\tests\bin\debug\net8.0\salesapi.tests.dll" id="47ba9fa8-4b4c-af4b-be48-76cd5aa55b19">
      <Execution id="e4ab3ea0-f6b4-42d5-915c-b9f7a9921337" />
      <TestMethod codeBase="C:\Projetos\SalesApi\tests\bin\Debug\net8.0\SalesApi.Tests.dll" adapterTypeName="executor://xunit/VsTestRunner2/netcoreapp" className="SalesApi.IntegrationTests.SalesApiIntegrationTests" name="Should_Create_Sale_With_10PercentDiscount_20Prod" />
    </UnitTest>
    <UnitTest name="SalesApi.Tests.WebApi.Controllers.SalesControllerTests.Cancel_WithValidId_ReturnsOk" storage="c:\projetos\salesapi\tests\bin\debug\net8.0\salesapi.tests.dll" id="230d869f-c227-5dc8-18da-2feb68555f80">
      <Execution id="b78500f3-62cd-40b1-ac3b-a5707800b868" />
      <TestMethod codeBase="C:\Projetos\SalesApi\tests\bin\Debug\net8.0\SalesApi.Tests.dll" adapterTypeName="executor://xunit/VsTestRunner2/netcoreapp" className="SalesApi.Tests.WebApi.Controllers.SalesControllerTests" name="Cancel_WithValidId_ReturnsOk" />
    </UnitTest>
    <UnitTest name="SalesApi.Tests.Domain.Entities.SaleTests.Sale_WithInvalidSaleNumber_ShouldThrowDomainException(invalidSaleNumber: null)" storage="c:\projetos\salesapi\tests\bin\debug\net8.0\salesapi.tests.dll" id="81f796f3-b910-79ac-ce97-4d7dd66e3762">
      <Execution id="c7e63258-f5ac-4a3c-8364-e503b915cd02" />
      <TestMethod codeBase="C:\Projetos\SalesApi\tests\bin\Debug\net8.0\SalesApi.Tests.dll" adapterTypeName="executor://xunit/VsTestRunner2/netcoreapp" className="SalesApi.Tests.Domain.Entities.SaleTests" name="Sale_WithInvalidSaleNumber_ShouldThrowDomainException" />
    </UnitTest>
    <UnitTest name="SalesApi.Tests.Application.Products.Queries.GetAllProducts.GetAllProductsQueryHandlerTests.Handle_WhenNoProducts_ShouldReturnEmptyList" storage="c:\projetos\salesapi\tests\bin\debug\net8.0\salesapi.tests.dll" id="8e7ce61e-655a-968d-11cf-f501f5248715">
      <Execution id="c87506a8-1f95-458b-b69c-e35aaad33313" />
      <TestMethod codeBase="C:\Projetos\SalesApi\tests\bin\Debug\net8.0\SalesApi.Tests.dll" adapterTypeName="executor://xunit/VsTestRunner2/netcoreapp" className="SalesApi.Tests.Application.Products.Queries.GetAllProducts.GetAllProductsQueryHandlerTests" name="Handle_WhenNoProducts_ShouldReturnEmptyList" />
    </UnitTest>
    <UnitTest name="SalesApi.Tests.Domain.Entities.ProductTests.Product_WithInvalidTitle_ShouldThrowArgumentException(invalidTitle: &quot;&quot;)" storage="c:\projetos\salesapi\tests\bin\debug\net8.0\salesapi.tests.dll" id="1c0c9c5f-5890-94f6-cb2a-641fbd244af0">
      <Execution id="c310d043-8a2e-4739-be3d-d0e414b5cc0f" />
      <TestMethod codeBase="C:\Projetos\SalesApi\tests\bin\Debug\net8.0\SalesApi.Tests.dll" adapterTypeName="executor://xunit/VsTestRunner2/netcoreapp" className="SalesApi.Tests.Domain.Entities.ProductTests" name="Product_WithInvalidTitle_ShouldThrowArgumentException" />
    </UnitTest>
    <UnitTest name="SalesApi.Tests.Domain.Entities.SaleItemTests.SaleItem_WithStandardDiscount_ShouldCalculateCorrectly" storage="c:\projetos\salesapi\tests\bin\debug\net8.0\salesapi.tests.dll" id="c68b5359-2cdc-5833-886a-4f37e5dcffb5">
      <Execution id="f3488b3a-987c-4222-8ece-9e8ae1976ba9" />
      <TestMethod codeBase="C:\Projetos\SalesApi\tests\bin\Debug\net8.0\SalesApi.Tests.dll" adapterTypeName="executor://xunit/VsTestRunner2/netcoreapp" className="SalesApi.Tests.Domain.Entities.SaleItemTests" name="SaleItem_WithStandardDiscount_ShouldCalculateCorrectly" />
    </UnitTest>
    <UnitTest name="SalesApi.Tests.Domain.Entities.SaleTests.Sale_Cancel_WhenAlreadyCancelled_ShouldThrowDomainException" storage="c:\projetos\salesapi\tests\bin\debug\net8.0\salesapi.tests.dll" id="a2431f1a-e3a2-0613-0aa7-52c5bb15cd2c">
      <Execution id="f575cfd1-fa76-433a-8215-02868b9c8405" />
      <TestMethod codeBase="C:\Projetos\SalesApi\tests\bin\Debug\net8.0\SalesApi.Tests.dll" adapterTypeName="executor://xunit/VsTestRunner2/netcoreapp" className="SalesApi.Tests.Domain.Entities.SaleTests" name="Sale_Cancel_WhenAlreadyCancelled_ShouldThrowDomainException" />
    </UnitTest>
    <UnitTest name="SalesApi.Tests.Domain.Entities.SaleTests.Sale_RemoveItem_ShouldRemoveItemSuccessfully" storage="c:\projetos\salesapi\tests\bin\debug\net8.0\salesapi.tests.dll" id="a21b9ae1-e17d-b9f5-09e0-6d166bd2afa4">
      <Execution id="c977fbef-902c-4202-b42b-41279dc3fcbc" />
      <TestMethod codeBase="C:\Projetos\SalesApi\tests\bin\Debug\net8.0\SalesApi.Tests.dll" adapterTypeName="executor://xunit/VsTestRunner2/netcoreapp" className="SalesApi.Tests.Domain.Entities.SaleTests" name="Sale_RemoveItem_ShouldRemoveItemSuccessfully" />
    </UnitTest>
    <UnitTest name="SalesApi.Tests.Domain.Entities.SaleTests.Sale_Cancel_WhenNoItems_ShouldThrowDomainException" storage="c:\projetos\salesapi\tests\bin\debug\net8.0\salesapi.tests.dll" id="063cf01e-1d86-996c-40f2-3c070d2ffd1f">
      <Execution id="e5056173-4ebd-498d-81c9-6f8d07e37cc2" />
      <TestMethod codeBase="C:\Projetos\SalesApi\tests\bin\Debug\net8.0\SalesApi.Tests.dll" adapterTypeName="executor://xunit/VsTestRunner2/netcoreapp" className="SalesApi.Tests.Domain.Entities.SaleTests" name="Sale_Cancel_WhenNoItems_ShouldThrowDomainException" />
    </UnitTest>
    <UnitTest name="SalesApi.Tests.Application.Products.Commands.CreateProduct.CreateProductCommandHandlerTests.Handle_EmptyImage_ShouldThrowArgumentException" storage="c:\projetos\salesapi\tests\bin\debug\net8.0\salesapi.tests.dll" id="8625b265-1eee-c611-2459-0c175339521d">
      <Execution id="9c3afb09-c00f-4c26-b5d3-1a9dae48ecfb" />
      <TestMethod codeBase="C:\Projetos\SalesApi\tests\bin\Debug\net8.0\SalesApi.Tests.dll" adapterTypeName="executor://xunit/VsTestRunner2/netcoreapp" className="SalesApi.Tests.Application.Products.Commands.CreateProduct.CreateProductCommandHandlerTests" name="Handle_EmptyImage_ShouldThrowArgumentException" />
    </UnitTest>
    <UnitTest name="SalesApi.Tests.Domain.Entities.ProductTests.Product_WithInvalidDescription_ShouldThrowArgumentException(invalidDescription: null)" storage="c:\projetos\salesapi\tests\bin\debug\net8.0\salesapi.tests.dll" id="17e9e6dc-d59f-aa1f-96e0-894605c403f9">
      <Execution id="22999bbd-acd2-4643-a86c-8ff56400a8b3" />
      <TestMethod codeBase="C:\Projetos\SalesApi\tests\bin\Debug\net8.0\SalesApi.Tests.dll" adapterTypeName="executor://xunit/VsTestRunner2/netcoreapp" className="SalesApi.Tests.Domain.Entities.ProductTests" name="Product_WithInvalidDescription_ShouldThrowArgumentException" />
    </UnitTest>
    <UnitTest name="SalesApi.Tests.Domain.Entities.SaleTests.Sale_WithValidData_ShouldCreateSuccessfully" storage="c:\projetos\salesapi\tests\bin\debug\net8.0\salesapi.tests.dll" id="73b0f17c-06c0-36ac-c808-544996a14c81">
      <Execution id="1aac1db4-013e-4012-8cde-e7d605f595b2" />
      <TestMethod codeBase="C:\Projetos\SalesApi\tests\bin\Debug\net8.0\SalesApi.Tests.dll" adapterTypeName="executor://xunit/VsTestRunner2/netcoreapp" className="SalesApi.Tests.Domain.Entities.SaleTests" name="Sale_WithValidData_ShouldCreateSuccessfully" />
    </UnitTest>
    <UnitTest name="SalesApi.Tests.Domain.Entities.ProductTests.Product_WithInvalidTitle_ShouldThrowArgumentException(invalidTitle: &quot;   &quot;)" storage="c:\projetos\salesapi\tests\bin\debug\net8.0\salesapi.tests.dll" id="736059d3-cd0d-c6ef-ac74-59612141e32e">
      <Execution id="58eb9d40-9fd9-42ee-9805-5fba6b7e1771" />
      <TestMethod codeBase="C:\Projetos\SalesApi\tests\bin\Debug\net8.0\SalesApi.Tests.dll" adapterTypeName="executor://xunit/VsTestRunner2/netcoreapp" className="SalesApi.Tests.Domain.Entities.ProductTests" name="Product_WithInvalidTitle_ShouldThrowArgumentException" />
    </UnitTest>
    <UnitTest name="SalesApi.Tests.Domain.Entities.ProductTests.Product_WithInvalidImage_ShouldThrowArgumentException(invalidImage: &quot;   &quot;)" storage="c:\projetos\salesapi\tests\bin\debug\net8.0\salesapi.tests.dll" id="67fa5247-c7cf-3b3e-fac8-83a3ea9566ed">
      <Execution id="ed2b3c3f-9604-4ef2-9640-4e51833ebb66" />
      <TestMethod codeBase="C:\Projetos\SalesApi\tests\bin\Debug\net8.0\SalesApi.Tests.dll" adapterTypeName="executor://xunit/VsTestRunner2/netcoreapp" className="SalesApi.Tests.Domain.Entities.ProductTests" name="Product_WithInvalidImage_ShouldThrowArgumentException" />
    </UnitTest>
    <UnitTest name="SalesApi.Tests.Application.Sales.Commands.CreateSale.CreateSaleCommandHandlerTests.Handle_EmptyCustomerName_ShouldThrowArgumentException" storage="c:\projetos\salesapi\tests\bin\debug\net8.0\salesapi.tests.dll" id="c778ffc1-2593-e71b-e9d6-bb012330b3fb">
      <Execution id="3ba093ec-d803-4144-9964-80dbaf5f00a6" />
      <TestMethod codeBase="C:\Projetos\SalesApi\tests\bin\Debug\net8.0\SalesApi.Tests.dll" adapterTypeName="executor://xunit/VsTestRunner2/netcoreapp" className="SalesApi.Tests.Application.Sales.Commands.CreateSale.CreateSaleCommandHandlerTests" name="Handle_EmptyCustomerName_ShouldThrowArgumentException" />
    </UnitTest>
    <UnitTest name="SalesApi.Tests.Domain.Entities.SaleTests.Sale_AddItem_ShouldAddItemSuccessfully" storage="c:\projetos\salesapi\tests\bin\debug\net8.0\salesapi.tests.dll" id="f43b6b0a-c2e9-efe2-ece0-f6c84b44a295">
      <Execution id="a7fe150b-ea3e-4b59-b2a3-85b987ed9d9e" />
      <TestMethod codeBase="C:\Projetos\SalesApi\tests\bin\Debug\net8.0\SalesApi.Tests.dll" adapterTypeName="executor://xunit/VsTestRunner2/netcoreapp" className="SalesApi.Tests.Domain.Entities.SaleTests" name="Sale_AddItem_ShouldAddItemSuccessfully" />
    </UnitTest>
    <UnitTest name="SalesApi.Tests.Infrastructure.Repositories.SaleRepositoryTests.GetAllAsync_ShouldReturnAllSales" storage="c:\projetos\salesapi\tests\bin\debug\net8.0\salesapi.tests.dll" id="3bf002ef-6e17-ddf2-64b8-30464c5e2697">
      <Execution id="36d69056-7645-4712-bf3f-d5f923d574b1" />
      <TestMethod codeBase="C:\Projetos\SalesApi\tests\bin\Debug\net8.0\SalesApi.Tests.dll" adapterTypeName="executor://xunit/VsTestRunner2/netcoreapp" className="SalesApi.Tests.Infrastructure.Repositories.SaleRepositoryTests" name="GetAllAsync_ShouldReturnAllSales" />
    </UnitTest>
    <UnitTest name="SalesApi.Tests.Application.Products.Commands.CreateProduct.CreateProductCommandHandlerTests.Handle_NegativePrice_ShouldThrowArgumentException" storage="c:\projetos\salesapi\tests\bin\debug\net8.0\salesapi.tests.dll" id="09024b1f-8b9b-1484-9d39-bec2056c0cc3">
      <Execution id="ec56ccfc-d4b3-4878-aca7-246ea7678c35" />
      <TestMethod codeBase="C:\Projetos\SalesApi\tests\bin\Debug\net8.0\SalesApi.Tests.dll" adapterTypeName="executor://xunit/VsTestRunner2/netcoreapp" className="SalesApi.Tests.Application.Products.Commands.CreateProduct.CreateProductCommandHandlerTests" name="Handle_NegativePrice_ShouldThrowArgumentException" />
    </UnitTest>
    <UnitTest name="SalesApi.Tests.Application.Sales.Queries.GetAllSales.GetAllSalesQueryHandlerTests.Handle_WhenNoSales_ShouldReturnEmptyList" storage="c:\projetos\salesapi\tests\bin\debug\net8.0\salesapi.tests.dll" id="5c838795-652f-93ab-cd3e-7f8fa8ba7bdd">
      <Execution id="de9f042d-9c47-4956-94bb-d98558e00175" />
      <TestMethod codeBase="C:\Projetos\SalesApi\tests\bin\Debug\net8.0\SalesApi.Tests.dll" adapterTypeName="executor://xunit/VsTestRunner2/netcoreapp" className="SalesApi.Tests.Application.Sales.Queries.GetAllSales.GetAllSalesQueryHandlerTests" name="Handle_WhenNoSales_ShouldReturnEmptyList" />
    </UnitTest>
    <UnitTest name="SalesApi.Tests.Application.Sales.Commands.CreateSale.CreateSaleCommandHandlerTests.Handle_SaveChangesFails_ShouldThrowException" storage="c:\projetos\salesapi\tests\bin\debug\net8.0\salesapi.tests.dll" id="635556ff-b51a-befa-43ea-5bb74d6d4a29">
      <Execution id="18935a4a-422a-4549-b916-2fbc18c30344" />
[...]
    </UnitTest>
    <UnitTest name="SalesApi.Tests.WebApi.Controllers.SalesControllerTests.GetAllSales_ReturnsOkResult" storage="c:\projetos\salesapi\tests\bin\debug\net8.0\salesapi.tests.dll" id="d9d5a1e9-0f89-3ce0-6d22-7ae0645b5455">
      <Execution id="14d835a9-73c3-4aab-a709-41fa0aea0420" />
      <TestMethod codeBase="C:\Projetos\SalesApi\tests\bin\Debug\net8.0\SalesApi.Tests.dll" adapterTypeName="executor://xunit/VsTestRunner2/netcoreapp" className="SalesApi.Tests.WebApi.Controllers.SalesControllerTests" name="GetAllSales_ReturnsOkResult" />
    </UnitTest>
    <UnitTest name="SalesApi.Tests.Domain.Entities.SaleTests.Sale_AddItem_WithExistingProduct_ShouldUpdateQuantity" storage="c:\projetos\salesapi\tests\bin\debug\net8.0\salesapi.tests.dll" id="2719d18f-f10d-1966-5227-7ecd3e2f5362">
      <Execution id="df429f75-5619-4ef1-ac66-07b26bb33f6a" />
      <TestMethod codeBase="C:\Projetos\SalesApi\tests\bin\Debug\net8.0\SalesApi.Tests.dll" adapterTypeName="executor://xunit/VsTestRunner2/netcoreapp" className="SalesApi.Tests.Domain.Entities.SaleTests" name="Sale_AddItem_WithExistingProduct_ShouldUpdateQuantity" />
    </UnitTest>
    <UnitTest name="SalesApi.Tests.Application.Products.Commands.CreateProduct.CreateProductCommandHandlerTests.Handle_SaveChangesFails_ShouldThrowException" storage="c:\projetos\salesapi\tests\bin\debug\net8.0\salesapi.tests.dll" id="3d07eedc-1969-6e4b-ba81-d3fd7a554405">
      <Execution id="4e9411b0-42a3-49bf-8ee8-dcb5c4aae5d7" />
      <TestMethod codeBase="C:\Projetos\SalesApi\tests\bin\Debug\net8.0\SalesApi.Tests.dll" adapterTypeName="executor://xunit/VsTestRunner2/netcoreapp" className="SalesApi.Tests.Application.Products.Commands.CreateProduct.CreateProductCommandHandlerTests" name="Handle_SaveChangesFails_ShouldThrowException" />
    </UnitTest>
    <UnitTest name="SalesApi.Tests.Domain.Entities.SaleTests.Sale_WithInvalidSaleNumber_ShouldThrowDomainException(invalidSaleNumber: &quot;   &quot;)" storage="c:\projetos\salesapi\tests\bin\debug\net8.0\salesapi.tests.dll" id="f3fe1f5e-ae2f-af17-80d5-bd7f33f1f738">
      <Execution id="a56a8a92-0aa7-49f8-a443-600a7edf487c" />
      <TestMethod codeBase="C:\Projetos\SalesApi\tests\bin\Debug\net8.0\SalesApi.Tests.dll" adapterTypeName="executor://xunit/VsTestRunner2/netcoreapp" className="SalesApi.Tests.Domain.Entities.SaleTests" name="Sale_WithInvalidSaleNumber_ShouldThrowDomainException" />
    </UnitTest>
    <UnitTest name="SalesApi.Tests.Infrastructure.Repositories.UnitOfWorkTests.SaveChangesAsync_ShouldSaveChangesToDatabase" storage="c:\projetos\salesapi\tests\bin\debug\net8.0\salesapi.tests.dll" id="8b8901b9-88b3-8eef-8d72-1ec4b444f67b">
      <Execution id="e4d27cc7-ab27-4704-821c-84cd4daa1320" />
      <TestMethod codeBase="C:\Projetos\SalesApi\tests\bin\Debug\net8.0\SalesApi.Tests.dll" adapterTypeName="executor://xunit/VsTestRunner2/netcoreapp" className="SalesApi.Tests.Infrastructure.Repositories.UnitOfWorkTests" name="SaveChangesAsync_ShouldSaveChangesToDatabase" />
    </UnitTest>
    <UnitTest name="SalesApi.Tests.Domain.Entities.SaleTests.Sale_Cancel_ShouldCancelSuccessfully" storage="c:\projetos\salesapi\tests\bin\debug\net8.0\salesapi.tests.dll" id="7af21914-4519-5a54-e1ce-d992023c80a1">
      <Execution id="2208f0dc-8b35-4323-98ed-cc411e28eab5" />
      <TestMethod codeBase="C:\Projetos\SalesApi\tests\bin\Debug\net8.0\SalesApi.Tests.dll" adapterTypeName="executor://xunit/VsTestRunner2/netcoreapp" className="SalesApi.Tests.Domain.Entities.SaleTests" name="Sale_Cancel_ShouldCancelSuccessfully" />
    </UnitTest>
    <UnitTest name="SalesApi.Tests.Application.Products.Commands.CreateProduct.CreateProductCommandHandlerTests.Handle_EmptyTitle_ShouldThrowArgumentException" storage="c:\projetos\salesapi\tests\bin\debug\net8.0\salesapi.tests.dll" id="9286970b-925c-9649-e047-0a1006a8b79a">
      <Execution id="254e3b15-258c-4a97-ace4-46575db7536a" />
      <TestMethod codeBase="C:\Projetos\SalesApi\tests\bin\Debug\net8.0\SalesApi.Tests.dll" adapterTypeName="executor://xunit/VsTestRunner2/netcoreapp" className="SalesApi.Tests.Application.Products.Commands.CreateProduct.CreateProductCommandHandlerTests" name="Handle_EmptyTitle_ShouldThrowArgumentException" />
    </UnitTest>
    <UnitTest name="SalesApi.Tests.Infrastructure.Repositories.SaleRepositoryTests.GetByCustomerIdAsync_ShouldReturnSalesForCustomer" storage="c:\projetos\salesapi\tests\bin\debug\net8.0\salesapi.tests.dll" id="383648b7-8dbf-472b-bf1a-47291a863e19">
      <Execution id="50d237b5-9ca0-4f7c-b5c7-49c8c4fe03fc" />
      <TestMethod codeBase="C:\Projetos\SalesApi\tests\bin\Debug\net8.0\SalesApi.Tests.dll" adapterTypeName="executor://xunit/VsTestRunner2/netcoreapp" className="SalesApi.Tests.Infrastructure.Repositories.SaleRepositoryTests" name="GetByCustomerIdAsync_ShouldReturnSalesForCustomer" />
    </UnitTest>
    <UnitTest name="SalesApi.Tests.Infrastructure.Mappings.MappingProfileTests.Map_SaleItemViewModel_To_SaleItem_WithDiscount" storage="c:\projetos\salesapi\tests\bin\debug\net8.0\salesapi.tests.dll" id="a0b4cd88-f38a-c560-2842-d7be566f027d">
      <Execution id="3df41048-a3a3-4cb8-abf1-ed36adb880ad" />
      <TestMethod codeBase="C:\Projetos\SalesApi\tests\bin\Debug\net8.0\SalesApi.Tests.dll" adapterTypeName="executor://xunit/VsTestRunner2/netcoreapp" className="SalesApi.Tests.Infrastructure.Mappings.MappingProfileTests" name="Map_SaleItemViewModel_To_SaleItem_WithDiscount" />
    </UnitTest>
  </TestDefinitions>
  <TestEntries>
    <TestEntry testId="ca23fb70-52fe-a315-a23b-be521f68daf3" executionId="71cb0c63-2a1b-4c8b-897b-b3a11b2c5f6e" testListId="8c84fa94-04c1-424b-9868-57a2d4851a1d" />
    <TestEntry testId="b21b9893-1a8e-b77c-0f7a-2f53c95bb58c" executionId="a589f8a0-1ab5-47d1-b921-9b4d3a25a711" testListId="8c84fa94-04c1-424b-9868-57a2d4851a1d" />
    <TestEntry testId="336d99ec-aa07-9f7f-5016-01130aa9309f" executionId="99f2fc07-0b06-4ecf-8d46-85e61cafeff5" testListId="8c84fa94-04c1-424b-9868-57a2d4851a1d" />
    <TestEntry testId="635556ff-b51a-befa-43ea-5bb74d6d4a29" executionId="18935a4a-422a-4549-b916-2fbc18c30344" testListId="8c84fa94-04c1-424b-9868-57a2d4851a1d" />
    <TestEntry testId="b01fbcb1-8deb-dadf-38ee-73511fd0bc32" executionId="7e9b6517-6a19-4b90-b984-5b1c5acdb32c" testListId="8c84fa94-04c1-424b-9868-57a2d4851a1d" />
    <TestEntry testId="3d07eedc-1969-6e4b-ba81-d3fd7a554405" executionId="4e9411b0-42a3-49bf-8ee8-dcb5c4aae5d7" testListId="8c84fa94-04c1-424b-9868-57a2d4851a1d" />
    <TestEntry testId="67e6484b-241c-963f-2196-2613821741e9" executionId="3201db90-0bbb-470c-84c5-302fe66a052d" testListId="8c84fa94-04c1-424b-9868-57a2d4851a1d" />
    <TestEntry testId="43b314a0-d925-6282-95af-e2343baa90a2" executionId="1812fcdc-5226-4001-829b-2e166ce59779" testListId="8c84fa94-04c1-424b-9868-57a2d4851a1d" />
    <TestEntry testId="66668d44-a1c8-becf-9493-804434f23faf" executionId="cb0a175f-271f-4561-9b74-0272dcd0aa93" testListId="8c84fa94-04c1-424b-9868-57a2d4851a1d" />
    <TestEntry testId="3d6f8efc-ec8a-d5a4-dcd6-6a7bd6f87982" executionId="997f721a-3a81-4f56-990a-440b97940a8b" testListId="8c84fa94-04c1-424b-9868-57a2d4851a1d" />
    <TestEntry testId="1b468c9e-a019-dac2-96e8-cc42c7a665f5" executionId="4f2df9a2-11b3-4cdf-8f1b-f7f6898b053e" testListId="8c84fa94-04c1-424b-9868-57a2d4851a1d" />
    <TestEntry testId="fc9d1d96-6597-a93e-f444-c17465638448" executionId="fcbc3ac0-5c84-4900-9ee9-5714696b58e1" testListId="8c84fa94-04c1-424b-9868-57a2d4851a1d" />
    <TestEntry testId="26072b4b-1469-58ee-d7ca-7332934163b4" executionId="6a941119-25aa-4705-8e71-5a07fc6a602b" testListId="8c84fa94-04c1-424b-9868-57a2d4851a1d" />
    <TestEntry testId="077db20d-9541-47ae-fc45-fe13dc831f85" executionId="f6e1c8d5-33bd-489b-a5c7-53c0ae842a26" testListId="8c84fa94-04c1-424b-9868-57a2d4851a1d" />
    <TestEntry testId="d9d5a1e9-0f89-3ce0-6d22-7ae0645b5455" executionId="14d835a9-73c3-4aab-a709-41fa0aea0420" testListId="8c84fa94-04c1-424b-9868-57a2d4851a1d" />
    <TestEntry testId="c68b5359-2cdc-5833-886a-4f37e5dcffb5" executionId="f3488b3a-987c-4222-8ece-9e8ae1976ba9" testListId="8c84fa94-04c1-424b-9868-57a2d4851a1d" />
    <TestEntry testId="17e9e6dc-d59f-aa1f-96e0-894605c403f9" executionId="22999bbd-acd2-4643-a86c-8ff56400a8b3" testListId="8c84fa94-04c1-424b-9868-57a2d4851a1d" />
    <TestEntry testId="aa1e9416-bae1-6391-6278-88d6074569a5" executionId="da8c94d2-90d0-47fd-b357-98912c49d5c0" testListId="8c84fa94-04c1-424b-9868-57a2d4851a1d" />
    <TestEntry testId="7fa965cf-1467-31b1-6e0a-eab5d3b3931c" executionId="2683afbb-a0f7-468d-8c86-926f2bd40f6c" testListId="8c84fa94-04c1-424b-9868-57a2d4851a1d" />
    <TestEntry testId="344519db-8b68-7ea4-a6c9-a9276dd6ade7" executionId="489eea7d-5004-41d2-9915-06acdabd8f13" testListId="8c84fa94-04c1-424b-9868-57a2d4851a1d" />
    <TestEntry testId="8b8901b9-88b3-8eef-8d72-1ec4b444f67b" executionId="e4d27cc7-ab27-4704-821c-84cd4daa1320" testListId="8c84fa94-04c1-424b-9868-57a2d4851a1d" />
    <TestEntry testId="67fa5247-c7cf-3b3e-fac8-83a3ea9566ed" executionId="ed2b3c3f-9604-4ef2-9640-4e51833ebb66" testListId="8c84fa94-04c1-424b-9868-57a2d4851a1d" />
    <TestEntry testId="ef82b2dc-2bfe-9870-70fc-6959d243903c" executionId="2d3133d3-0bba-4ca1-b717-627fb05bd8ec" testListId="8c84fa94-04c1-424b-9868-57a2d4851a1d" />
    <TestEntry testId="9286970b-925c-9649-e047-0a1006a8b79a" executionId="254e3b15-258c-4a97-ace4-46575db7536a" testListId="8c84fa94-04c1-424b-9868-57a2d4851a1d" />
    <TestEntry testId="93a9b03d-121f-2bfe-6018-583ffcb4c054" executionId="8c13371a-08c6-4cf6-9bab-2594a3f421d2" testListId="8c84fa94-04c1-424b-9868-57a2d4851a1d" />
    <TestEntry testId="0bba7a41-3a7c-cc03-2af0-b7298818251f" executionId="5575679c-ce21-417b-8177-30d731c36e11" testListId="8c84fa94-04c1-424b-9868-57a2d4851a1d" />
    <TestEntry testId="d7f73c86-752c-f0d6-5ba9-913e909464cd" executionId="01aefe8a-9cb9-4062-a004-424a4c174701" testListId="8c84fa94-04c1-424b-9868-57a2d4851a1d" />
    <TestEntry testId="c778ffc1-2593-e71b-e9d6-bb012330b3fb" executionId="3ba093ec-d803-4144-9964-80dbaf5f00a6" testListId="8c84fa94-04c1-424b-9868-57a2d4851a1d" />
    <TestEntry testId="91f2249b-ca5b-e54a-e671-e9d2e35328df" executionId="42002e6e-dc83-4044-8edb-fbbf5d162bfc" testListId="8c84fa94-04c1-424b-9868-57a2d4851a1d" />
    <TestEntry testId="b2bf3217-20ca-74a1-c878-1aa55c10453b" executionId="32a3d98f-0d88-4977-994e-b20122c52620" testListId="8c84fa94-04c1-424b-9868-57a2d4851a1d" />
    <TestEntry testId="2719d18f-f10d-1966-5227-7ecd3e2f5362" executionId="df429f75-5619-4ef1-ac66-07b26bb33f6a" testListId="8c84fa94-04c1-424b-9868-57a2d4851a1d" />
    <TestEntry testId="5a0441e1-31ff-d192-2eb2-ab6699512df3" executionId="85e1ffd3-bf8d-4c95-a405-9426423e4e61" testListId="8c84fa94-04c1-424b-9868-57a2d4851a1d" />
    <TestEntry testId="728f0d77-144c-0098-0b92-52a117d163ca" executionId="15f9518c-f427-4074-9bd7-68d990a46ea4" testListId="8c84fa94-04c1-424b-9868-57a2d4851a1d" />
    <TestEntry testId="5c838795-652f-93ab-cd3e-7f8fa8ba7bdd" executionId="de9f042d-9c47-4956-94bb-d98558e00175" testListId="8c84fa94-04c1-424b-9868-57a2d4851a1d" />
    <TestEntry testId="9b527640-b5f1-9a06-08e9-33a9f0122b4c" executionId="fa99683a-b847-4153-bc54-e062d8c3e0f2" testListId="8c84fa94-04c1-424b-9868-57a2d4851a1d" />
    <TestEntry testId="f5dc0a55-d6c7-970c-78ac-703c7436ff82" executionId="fd15a038-be21-4377-b067-e014aca6888f" testListId="8c84fa94-04c1-424b-9868-57a2d4851a1d" />
    <TestEntry testId="1c0c9c5f-5890-94f6-cb2a-641fbd244af0" executionId="c310d043-8a2e-4739-be3d-d0e414b5cc0f" testListId="8c84fa94-04c1-424b-9868-57a2d4851a1d" />
    <TestEntry testId="f28e8a34-9b79-63bd-82d8-0512b218a09a" executionId="a4c454ba-231e-4d8d-a52c-b96409b0c656" testListId="8c84fa94-04c1-424b-9868-57a2d4851a1d" />
    <TestEntry testId="47ba9fa8-4b4c-af4b-be48-76cd5aa55b19" executionId="e4ab3ea0-f6b4-42d5-915c-b9f7a9921337" testListId="8c84fa94-04c1-424b-9868-57a2d4851a1d" />
    <TestEntry testId="5b0f88ba-10fe-c1d1-54a3-4979477326cc" executionId="372123e2-cde4-4761-8865-970ea21e0276" testListId="8c84fa94-04c1-424b-9868-57a2d4851a1d" />
    <TestEntry testId="53c41976-6d39-0bf9-6f6f-869b02a3e64d" executionId="f12aae3a-95d4-4b52-86ae-15804df00f86" testListId="8c84fa94-04c1-424b-9868-57a2d4851a1d" />
    <TestEntry testId="6830bcdb-5523-e7b2-7b8d-5831742e7d5f" executionId="492f3f23-3220-4b1f-a968-6c3948890bfb" testListId="8c84fa94-04c1-424b-9868-57a2d4851a1d" />
    <TestEntry testId="72de0a7d-41d9-7767-aadb-3561d7c80498" executionId="de385c50-e803-484a-a10b-46e726c7f4d4" testListId="8c84fa94-04c1-424b-9868-57a2d4851a1d" />
    <TestEntry testId="a21b9ae1-e17d-b9f5-09e0-6d166bd2afa4" executionId="c977fbef-902c-4202-b42b-41279dc3fcbc" testListId="8c84fa94-04c1-424b-9868-57a2d4851a1d" />
    <TestEntry testId="f43b6b0a-c2e9-efe2-ece0-f6c84b44a295" executionId="a7fe150b-ea3e-4b59-b2a3-85b987ed9d9e" testListId="8c84fa94-04c1-424b-9868-57a2d4851a1d" />
    <TestEntry testId="8625b265-1eee-c611-2459-0c175339521d" executionId="9c3afb09-c00f-4c26-b5d3-1a9dae48ecfb" testListId="8c84fa94-04c1-424b-9868-57a2d4851a1d" />
    <TestEntry testId="4e14a4a4-8cff-1212-4ff0-83d8ec49f5d8" executionId="a2e44997-7bd8-4099-b392-976a8e11abb5" testListId="8c84fa94-04c1-424b-9868-57a2d4851a1d" />
    <TestEntry testId="a0b4cd88-f38a-c560-2842-d7be566f027d" executionId="3df41048-a3a3-4cb8-abf1-ed36adb880ad" testListId="8c84fa94-04c1-424b-9868-57a2d4851a1d" />
    <TestEntry testId="383648b7-8dbf-472b-bf1a-47291a863e19" executionId="50d237b5-9ca0-4f7c-b5c7-49c8c4fe03fc" testListId="8c84fa94-04c1-424b-9868-57a2d4851a1d" />
    <TestEntry testId="3bf002ef-6e17-ddf2-64b8-30464c5e2697" executionId="36d69056-7645-4712-bf3f-d5f923d574b1" testListId="8c84fa94-04c1-424b-9868-57a2d4851a1d" />
    <TestEntry testId="2ed74bc9-938d-8c0e-9dca-3bfd4fe7e17f" executionId="21720f21-5cc5-422b-a9d9-973fc61be309" testListId="8c84fa94-04c1-424b-9868-57a2d4851a1d" />
    <TestEntry testId="230d869f-c227-5dc8-18da-2feb68555f80" executionId="b78500f3-62cd-40b1-ac3b-a5707800b868" testListId="8c84fa94-04c1-424b-9868-57a2d4851a1d" />
    <TestEntry testId="86bf6c38-dee9-6434-9633-7566e0d815bb" executionId="4e7fdad1-e6d1-490f-bf8d-947576656f4f" testListId="8c84fa94-04c1-424b-9868-57a2d4851a1d" />
    <TestEntry testId="0b56492f-95a1-dd4b-4bf3-ced8550c915a" executionId="d77af96e-b8ae-4113-a2a4-ce618d2f3951" testListId="8c84fa94-04c1-424b-9868-57a2d4851a1d" />
    <TestEntry testId="063cf01e-1d86-996c-40f2-3c070d2ffd1f" executionId="e5056173-4ebd-498d-81c9-6f8d07e37cc2" testListId="8c84fa94-04c1-424b-9868-57a2d4851a1d" />
    <TestEntry testId="c5f0df7f-ea89-29bf-3476-842cb47c8a43" executionId="106d81c7-2404-4948-9a10-e744fc0f6a92" testListId="8c84fa94-04c1-424b-9868-57a2d4851a1d" />
    <TestEntry testId="8e7ce61e-655a-968d-11cf-f501f5248715" executionId="c87506a8-1f95-458b-b69c-e35aaad33313" testListId="8c84fa94-04c1-424b-9868-57a2d4851a1d" />
    <TestEntry testId="736059d3-cd0d-c6ef-ac74-59612141e32e" executionId="58eb9d40-9fd9-42ee-9805-5fba6b7e1771" testListId="8c84fa94-04c1-424b-9868-57a2d4851a1d" />
    <TestEntry testId="fc0f4f65-dcb4-2029-2d47-5ba7b549e51e" executionId="5fd5dda9-bd1e-4640-aa06-63ccbf7ffc8f" testListId="8c84fa94-04c1-424b-9868-57a2d4851a1d" />
    <TestEntry testId="dc56ec15-86b1-1595-2b19-2545b7abec23" executionId="dd2b4ac0-f021-4a32-b1dd-f0f4bcbad3eb" testListId="8c84fa94-04c1-424b-9868-57a2d4851a1d" />
    <TestEntry testId="2c791600-54b7-7ae0-af7e-9f443708ddbe" executionId="c81e7501-049b-4a6c-82e5-1a5324d7a21f" testListId="8c84fa94-04c1-424b-9868-57a2d4851a1d" />
    <TestEntry testId="93fca812-33c1-3761-3cd1-178bc086bc68" executionId="9bf7c6ae-b038-4958-a267-d53198b358e2" testListId="8c84fa94-04c1-424b-9868-57a2d4851a1d" />
    <TestEntry testId="539a7cd9-2e0c-5c20-48af-bf0b7d17c44a" executionId="56548b23-16b7-40f0-8431-50bbf4aed2fb" testListId="8c84fa94-04c1-424b-9868-57a2d4851a1d" />
    <TestEntry testId="7e3989af-45a4-98af-9639-c57279a751dc" executionId="c42b0a61-de0d-4ad4-ad75-bd7c386f6c95" testListId="8c84fa94-04c1-424b-9868-57a2d4851a1d" />
    <TestEntry testId="dd127a08-603c-f7e4-95d7-75c977e28e17" executionId="15101e3a-f5a4-47ee-a02c-09d2c22dfc23" testListId="8c84fa94-04c1-424b-9868-57a2d4851a1d" />
    <TestEntry testId="81f796f3-b910-79ac-ce97-4d7dd66e3762" executionId="c7e63258-f5ac-4a3c-8364-e503b915cd02" testListId="8c84fa94-04c1-424b-9868-57a2d4851a1d" />
    <TestEntry testId="a2431f1a-e3a2-0613-0aa7-52c5bb15cd2c" executionId="f575cfd1-fa76-433a-8215-02868b9c8405" testListId="8c84fa94-04c1-424b-9868-57a2d4851a1d" />
    <TestEntry testId="fdcb0ef0-f66f-7e01-21e3-7e619655d7a2" executionId="462b7d68-13c9-4259-9a11-78cd239be5ab" testListId="8c84fa94-04c1-424b-9868-57a2d4851a1d" />
    <TestEntry testId="f3fe1f5e-ae2f-af17-80d5-bd7f33f1f738" executionId="a56a8a92-0aa7-49f8-a443-600a7edf487c" testListId="8c84fa94-04c1-424b-9868-57a2d4851a1d" />
    <TestEntry testId="cec41b6c-b17c-8893-178d-a0c727085708" executionId="e1268270-1657-49d8-8ff6-982e6c59671c" testListId="8c84fa94-04c1-424b-9868-57a2d4851a1d" />
    <TestEntry testId="73b0f17c-06c0-36ac-c808-544996a14c81" executionId="1aac1db4-013e-4012-8cde-e7d605f595b2" testListId="8c84fa94-04c1-424b-9868-57a2d4851a1d" />
    <TestEntry testId="7af21914-4519-5a54-e1ce-d992023c80a1" executionId="2208f0dc-8b35-4323-98ed-cc411e28eab5" testListId="8c84fa94-04c1-424b-9868-57a2d4851a1d" />
    <TestEntry testId="0dc1834b-af63-0a75-c976-5e11157429a6" executionId="b2c399f5-340e-40f4-8f5d-db3493270dbc" testListId="8c84fa94-04c1-424b-9868-57a2d4851a1d" />
    <TestEntry testId="edf8c7a7-f0ff-ed66-f5e5-e68ae9a2551b" executionId="3e9f546c-954e-438b-ad24-72b7977e062f" testListId="8c84fa94-04c1-424b-9868-57a2d4851a1d" />
    <TestEntry testId="5b8b0c1a-9f72-8988-ee80-a5cecd01bbce" executionId="ae220786-8ea2-449c-baf5-1bea64a2997a" testListId="8c84fa94-04c1-424b-9868-57a2d4851a1d" />
    <TestEntry testId="899c574e-8ee9-5de6-b292-7377cf2e78c7" executionId="25647d22-70a8-4c6c-8982-3a0ec979edd7" testListId="8c84fa94-04c1-424b-9868-57a2d4851a1d" />
    <TestEntry testId="1d8162c6-cf61-3eae-922e-b2c953c41cd7" executionId="dc7811b0-f62d-4cb1-925b-1a21f647926f" testListId="8c84fa94-04c1-424b-9868-57a2d4851a1d" />
    <TestEntry testId="050885c9-dac9-7348-5a46-a7e3c3eac6da" executionId="26bf9504-6ff7-4a29-b19c-eeb64d6b93ac" testListId="8c84fa94-04c1-424b-9868-57a2d4851a1d" />
    <TestEntry testId="f81923f6-d7ae-1b49-5fc7-f857222b3603" executionId="90582b21-2a2c-4d53-a586-bf3aee357e43" testListId="8c84fa94-04c1-424b-9868-57a2d4851a1d" />
    <TestEntry testId="112a6cec-d0f7-a314-ceac-aafe5fe4bae8" executionId="004c6cfb-086b-46a1-b3ed-577969eb8dc6" testListId="8c84fa94-04c1-424b-9868-57a2d4851a1d" />
    <TestEntry testId="09024b1f-8b9b-1484-9d39-bec2056c0cc3" executionId="ec56ccfc-d4b3-4878-aca7-246ea7678c35" testListId="8c84fa94-04c1-424b-9868-57a2d4851a1d" />
  </TestEntries>
  <TestLists>
    <TestList name="Resultados que não estão em uma lista" id="8c84fa94-04c1-424b-9868-57a2d4851a1d" />
    <TestList name="Todos os resultados carregados" id="19431567-8539-422a-85d7-44ee4e166bda" />
  </TestLists>
  <ResultSummary outcome="Completed">
    <Counters total="81" executed="81" passed="81" failed="0" error="0" timeout="0" aborted="0" inconclusive="0" passedButRunAborted="0" notRunnable="0" notExecuted="0" disconnected="0" warning="0" completed="0" inProgress="0" pending="0" />
    <Output>
      <StdOut>[xUnit.net 00:00:00.00] xUnit.net VSTest Adapter v2.5.6+bf9b858c26 (64-bit .NET 8.0.14)&#xD;
[xUnit.net 00:00:00.08]   Discovering: SalesApi.Tests&#xD;
[xUnit.net 00:00:00.14]   Discovered:  SalesApi.Tests&#xD;
[xUnit.net 00:00:00.14]   Starting:    SalesApi.Tests&#xD;
[xUnit.net 00:00:01.48]   Finished:    SalesApi.Tests&#xD;
</StdOut>
    </Output>
  </ResultSummary>
</TestRun>